#
# A fatal error has been detected by the Java Runtime Environment:
#
#  EXCEPTION_ACCESS_VIOLATION (0xc0000005) at pc=0x00007ff83aed0aba, pid=8272, tid=8460
#
# JRE version: Java(TM) SE Runtime Environment (22.0.1+8) (build 22.0.1+8-16)
# Java VM: Java HotSpot(TM) 64-Bit Server VM (22.0.1+8-16, mixed mode, sharing, tiered, compressed oops, compressed class ptrs, g1 gc, windows-amd64)
# Problematic frame:
# C  [lwjgl_opengl.dll+0x10aba]
#
# No core dump will be written. Minidumps are not enabled by default on client versions of Windows
#
# If you would like to submit a bug report, please visit:
#   https://bugreport.java.com/bugreport/crash.jsp
# The crash happened outside the Java Virtual Machine in native code.
# See problematic frame for where to report the bug.
#

---------------  S U M M A R Y ------------

Command Line: -javaagent:C:\Program Files\JetBrains\IntelliJ IDEA Community Edition 2024.2.4\lib\idea_rt.jar=51088:C:\Program Files\JetBrains\IntelliJ IDEA Community Edition 2024.2.4\bin -Dfile.encoding=UTF-8 -Dsun.stdout.encoding=UTF-8 -Dsun.stderr.encoding=UTF-8 Main

Host: AMD Ryzen 7 7700 8-Core Processor              , 16 cores, 31G,  Windows 11 , 64 bit Build 26100 (10.0.26100.2161)
Time: Sat Dec  7 18:40:30 2024 W. Europe Standard Time elapsed time: 0.257317 seconds (0d 0h 0m 0s)

---------------  T H R E A D  ---------------

Current thread (0x00000214c3b88070):  JavaThread "main"             [_thread_in_native, id=8460, stack(0x000000797ae00000,0x000000797af00000) (1024K)]

Stack: [0x000000797ae00000,0x000000797af00000],  sp=0x000000797aeff558,  free space=1021k
Native frames: (J=compiled Java code, j=interpreted, Vv=VM code, C=native code)
C  [lwjgl_opengl.dll+0x10aba]  (no source info available)

Java frames: (J=compiled Java code, j=interpreted, Vv=VM code)
j  org.lwjgl.opengl.GL30C.nglGenVertexArrays(IJ)V+0
j  org.lwjgl.opengl.GL30C.glGenVertexArrays()I+20
j  org.lwjgl.opengl.ARBVertexArrayObject.glGenVertexArrays()I+0
j  Main.main([Ljava/lang/String;)V+49
v  ~StubRoutines::call_stub 0x00000214d568100d

siginfo: EXCEPTION_ACCESS_VIOLATION (0xc0000005), reading address 0x00000000000013c8


Registers:
RAX=0x0000000000000000, RBX=0x00000214eb4f2628, RCX=0x00000214c3b88430, RDX=0x00000214c166debc
RSP=0x000000797aeff558, RBP=0x000000797aeff5e0, RSI=0x00000214eb165728, RDI=0x0000000000000001
R8 =0x0000000000000001, R9 =0x00000214c166debc, R10=0x00000214d568d098, R11=0x000000062c0c2da8
R12=0x0000000000000000, R13=0x00000214eb4f2628, R14=0x000000797aeff610, R15=0x00000214c3b88070
RIP=0x00007ff83aed0aba, EFLAGS=0x0000000000010202


Register to memory mapping:

RAX=0x0 is null
RBX={method} {0x00000214eb4f2630} 'nglGenVertexArrays' '(IJ)V' in 'org/lwjgl/opengl/GL30C'
RCX=0x00000214c3b88430 points into unknown readable memory: 0x00000214c16551a0 | a0 51 65 c1 14 02 00 00
RDX=0x00000214c166debc points into unknown readable memory: 00 00 00 00
RSP=0x000000797aeff558 is pointing into the stack for thread: 0x00000214c3b88070
RBP=0x000000797aeff5e0 is pointing into the stack for thread: 0x00000214c3b88070
RSI=0x00000214eb165728 is pointing into metadata
RDI=0x0000000000000001 is an unknown value
R8 =0x0000000000000001 is an unknown value
R9 =0x00000214c166debc points into unknown readable memory: 00 00 00 00
R10=0x00000214d568d098 is at code_begin+1016 in an Interpreter codelet
native method entry point (kind = native)  [0x00000214d568cca0, 0x00000214d568d8c0]  3104 bytes
R11=0x000000062c0c2da8 is an oop: java.lang.Class 
{0x000000062c0c2da8} - klass: 'java/lang/Class'
 - ---- fields (total size 130 words):
 - private volatile transient 'classRedefinedCount' 'I' @12  0 (0x00000000)
 - injected 'klass' 'J' @16  2287086958864 (0x0000021481017910)
 - injected 'array_klass' 'J' @24  0 (0x0000000000000000)
 - injected 'oop_size' 'I' @32  130 (0x00000082)
 - injected 'static_oop_field_count' 'I' @36  0 (0x00000000)
 - private volatile transient 'cachedConstructor' 'Ljava/lang/reflect/Constructor;' @40  null (0x00000000)
 - private transient 'name' 'Ljava/lang/String;' @44  "org.lwjgl.opengl.GL30C"{0x000000062c0c31b8} (0xc5818637)
 - private transient 'module' 'Ljava/lang/Module;' @48  a 'java/lang/Module'{0x000000062c867a70} (0xc590cf4e)
 - private final 'classLoader' 'Ljava/lang/ClassLoader;' @52  a 'jdk/internal/loader/ClassLoaders$AppClassLoader'{0x000000062c8678b0} (0xc590cf16)
 - private transient 'classData' 'Ljava/lang/Object;' @56  null (0x00000000)
 - private transient 'packageName' 'Ljava/lang/String;' @60  "org.lwjgl.opengl"{0x000000062c7d5610} (0xc58faac2)
 - private final 'componentType' 'Ljava/lang/Class;' @64  null (0x00000000)
 - private volatile transient 'reflectionData' 'Ljava/lang/ref/SoftReference;' @68  null (0x00000000)
 - private volatile transient 'genericInfo' 'Lsun/reflect/generics/repository/ClassRepository;' @72  null (0x00000000)
 - private volatile transient 'enumConstants' '[Ljava/lang/Object;' @76  null (0x00000000)
 - private volatile transient 'enumConstantDirectory' 'Ljava/util/Map;' @80  null (0x00000000)
 - private volatile transient 'annotationData' 'Ljava/lang/Class$AnnotationData;' @84  null (0x00000000)
 - private volatile transient 'annotationType' 'Lsun/reflect/annotation/AnnotationType;' @88  null (0x00000000)
 - transient 'classValueMap' 'Ljava/lang/ClassValue$ClassValueMap;' @92  null (0x00000000)
 - injected 'protection_domain' 'Ljava/lang/Object;' @96  a 'java/security/ProtectionDomain'{0x000000062c7d9b50} (0xc58fb36a)
 - injected 'signers_name' 'Ljava/lang/Object;' @100  null (0x00000000)
 - injected 'source_file' 'Ljava/lang/Object;' @104  null (0x00000000)
 - signature: Lorg/lwjgl/opengl/GL30C;
 - ---- static fields (0):
 - public static final 'GL_MAJOR_VERSION' 'I' @112  33307 (0x0000821b)
 - public static final 'GL_MINOR_VERSION' 'I' @116  33308 (0x0000821c)
 - public static final 'GL_NUM_EXTENSIONS' 'I' @120  33309 (0x0000821d)
 - public static final 'GL_CONTEXT_FLAGS' 'I' @124  33310 (0x0000821e)
 - public static final 'GL_CONTEXT_FLAG_FORWARD_COMPATIBLE_BIT' 'I' @128  1 (0x00000001)
 - public static final 'GL_COMPARE_REF_TO_TEXTURE' 'I' @132  34894 (0x0000884e)
 - public static final 'GL_CLIP_DISTANCE0' 'I' @136  12288 (0x00003000)
 - public static final 'GL_CLIP_DISTANCE1' 'I' @140  12289 (0x00003001)
 - public static final 'GL_CLIP_DISTANCE2' 'I' @144  12290 (0x00003002)
 - public static final 'GL_CLIP_DISTANCE3' 'I' @148  12291 (0x00003003)
 - public static final 'GL_CLIP_DISTANCE4' 'I' @152  12292 (0x00003004)
 - public static final 'GL_CLIP_DISTANCE5' 'I' @156  12293 (0x00003005)
 - public static final 'GL_CLIP_DISTANCE6' 'I' @160  12294 (0x00003006)
 - public static final 'GL_CLIP_DISTANCE7' 'I' @164  12295 (0x00003007)
 - public static final 'GL_MAX_CLIP_DISTANCES' 'I' @168  3378 (0x00000d32)
 - public static final 'GL_MAX_VARYING_COMPONENTS' 'I' @172  35659 (0x00008b4b)
 - public static final 'GL_VERTEX_ATTRIB_ARRAY_INTEGER' 'I' @176  35069 (0x000088fd)
 - public static final 'GL_SAMPLER_1D_ARRAY' 'I' @180  36288 (0x00008dc0)
 - public static final 'GL_SAMPLER_2D_ARRAY' 'I' @184  36289 (0x00008dc1)
 - public static final 'GL_SAMPLER_1D_ARRAY_SHADOW' 'I' @188  36291 (0x00008dc3)
 - public static final 'GL_SAMPLER_2D_ARRAY_SHADOW' 'I' @192  36292 (0x00008dc4)
 - public static final 'GL_SAMPLER_CUBE_SHADOW' 'I' @196  36293 (0x00008dc5)
 - public static final 'GL_UNSIGNED_INT_VEC2' 'I' @200  36294 (0x00008dc6)
 - public static final 'GL_UNSIGNED_INT_VEC3' 'I' @204  36295 (0x00008dc7)
 - public static final 'GL_UNSIGNED_INT_VEC4' 'I' @208  36296 (0x00008dc8)
 - public static final 'GL_INT_SAMPLER_1D' 'I' @212  36297 (0x00008dc9)
 - public static final 'GL_INT_SAMPLER_2D' 'I' @216  36298 (0x00008dca)
 - public static final 'GL_INT_SAMPLER_3D' 'I' @220  36299 (0x00008dcb)
 - public static final 'GL_INT_SAMPLER_CUBE' 'I' @224  36300 (0x00008dcc)
 - public static final 'GL_INT_SAMPLER_1D_ARRAY' 'I' @228  36302 (0x00008dce)
 - public static final 'GL_INT_SAMPLER_2D_ARRAY' 'I' @232  36303 (0x00008dcf)
 - public static final 'GL_UNSIGNED_INT_SAMPLER_1D' 'I' @236  36305 (0x00008dd1)
 - public static final 'GL_UNSIGNED_INT_SAMPLER_2D' 'I' @240  36306 (0x00008dd2)
 - public static final 'GL_UNSIGNED_INT_SAMPLER_3D' 'I' @244  36307 (0x00008dd3)
 - public static final 'GL_UNSIGNED_INT_SAMPLER_CUBE' 'I' @248  36308 (0x00008dd4)
 - public static final 'GL_UNSIGNED_INT_SAMPLER_1D_ARRAY' 'I' @252  36310 (0x00008dd6)
 - public static final 'GL_UNSIGNED_INT_SAMPLER_2D_ARRAY' 'I' @256  36311 (0x00008dd7)
 - public static final 'GL_MIN_PROGRAM_TEXEL_OFFSET' 'I' @260  35076 (0x00008904)
 - public static final 'GL_MAX_PROGRAM_TEXEL_OFFSET' 'I' @264  35077 (0x00008905)
 - public static final 'GL_QUERY_WAIT' 'I' @268  36371 (0x00008e13)
 - public static final 'GL_QUERY_NO_WAIT' 'I' @272  36372 (0x00008e14)
 - public static final 'GL_QUERY_BY_REGION_WAIT' 'I' @276  36373 (0x00008e15)
 - public static final 'GL_QUERY_BY_REGION_NO_WAIT' 'I' @280  36374 (0x00008e16)
 - public static final 'GL_MAP_READ_BIT' 'I' @284  1 (0x00000001)
 - public static final 'GL_MAP_WRITE_BIT' 'I' @288  2 (0x00000002)
 - public static final 'GL_MAP_INVALIDATE_RANGE_BIT' 'I' @292  4 (0x00000004)
 - public static final 'GL_MAP_INVALIDATE_BUFFER_BIT' 'I' @296  8 (0x00000008)
 - public static final 'GL_MAP_FLUSH_EXPLICIT_BIT' 'I' @300  16 (0x00000010)
 - public static final 'GL_MAP_UNSYNCHRONIZED_BIT' 'I' @304  32 (0x00000020)
 - public static final 'GL_BUFFER_ACCESS_FLAGS' 'I' @308  37151 (0x0000911f)
 - public static final 'GL_BUFFER_MAP_LENGTH' 'I' @312  37152 (0x00009120)
 - public static final 'GL_BUFFER_MAP_OFFSET' 'I' @316  37153 (0x00009121)
 - public static final 'GL_CLAMP_READ_COLOR' 'I' @320  35100 (0x0000891c)
 - public static final 'GL_FIXED_ONLY' 'I' @324  35101 (0x0000891d)
 - public static final 'GL_DEPTH_COMPONENT32F' 'I' @328  36012 (0x00008cac)
 - public static final 'GL_DEPTH32F_STENCIL8' 'I' @332  36013 (0x00008cad)
 - public static final 'GL_FLOAT_32_UNSIGNED_INT_24_8_REV' 'I' @336  36269 (0x00008dad)
 - public static final 'GL_TEXTURE_RED_TYPE' 'I' @340  35856 (0x00008c10)
 - public static final 'GL_TEXTURE_GREEN_TYPE' 'I' @344  35857 (0x00008c11)
 - public static final 'GL_TEXTURE_BLUE_TYPE' 'I' @348  35858 (0x00008c12)
 - public static final 'GL_TEXTURE_ALPHA_TYPE' 'I' @352  35859 (0x00008c13)
 - public static final 'GL_TEXTURE_DEPTH_TYPE' 'I' @356  35862 (0x00008c16)
 - public static final 'GL_UNSIGNED_NORMALIZED' 'I' @360  35863 (0x00008c17)
 - public static final 'GL_RGBA32F' 'I' @364  34836 (0x00008814)
 - public static final 'GL_RGB32F' 'I' @368  34837 (0x00008815)
 - public static final 'GL_RGBA16F' 'I' @372  34842 (0x0000881a)
 - public static final 'GL_RGB16F' 'I' @376  34843 (0x0000881b)
 - public static final 'GL_R11F_G11F_B10F' 'I' @380  35898 (0x00008c3a)
 - public static final 'GL_UNSIGNED_INT_10F_11F_11F_REV' 'I' @384  35899 (0x00008c3b)
 - public static final 'GL_RGB9_E5' 'I' @388  35901 (0x00008c3d)
 - public static final 'GL_UNSIGNED_INT_5_9_9_9_REV' 'I' @392  35902 (0x00008c3e)
 - public static final 'GL_TEXTURE_SHARED_SIZE' 'I' @396  35903 (0x00008c3f)
 - public static final 'GL_FRAMEBUFFER' 'I' @400  36160 (0x00008d40)
 - public static final 'GL_READ_FRAMEBUFFER' 'I' @404  36008 (0x00008ca8)
 - public static final 'GL_DRAW_FRAMEBUFFER' 'I' @408  36009 (0x00008ca9)
 - public static final 'GL_RENDERBUFFER' 'I' @412  36161 (0x00008d41)
 - public static final 'GL_STENCIL_INDEX1' 'I' @416  36166 (0x00008d46)
 - public static final 'GL_STENCIL_INDEX4' 'I' @420  36167 (0x00008d47)
 - public static final 'GL_STENCIL_INDEX8' 'I' @424  36168 (0x00008d48)
 - public static final 'GL_STENCIL_INDEX16' 'I' @428  36169 (0x00008d49)
 - public static final 'GL_RENDERBUFFER_WIDTH' 'I' @432  36162 (0x00008d42)
 - public static final 'GL_RENDERBUFFER_HEIGHT' 'I' @436  36163 (0x00008d43)
 - public static final 'GL_RENDERBUFFER_INTERNAL_FORMAT' 'I' @440  36164 (0x00008d44)
 - public static final 'GL_RENDERBUFFER_RED_SIZE' 'I' @444  36176 (0x00008d50)
 - public static final 'GL_RENDERBUFFER_GREEN_SIZE' 'I' @448  36177 (0x00008d51)
 - public static final 'GL_RENDERBUFFER_BLUE_SIZE' 'I' @452  36178 (0x00008d52)
 - public static final 'GL_RENDERBUFFER_ALPHA_SIZE' 'I' @456  36179 (0x00008d53)
 - public static final 'GL_RENDERBUFFER_DEPTH_SIZE' 'I' @460  36180 (0x00008d54)
 - public static final 'GL_RENDERBUFFER_STENCIL_SIZE' 'I' @464  36181 (0x00008d55)
 - public static final 'GL_RENDERBUFFER_SAMPLES' 'I' @468  36011 (0x00008cab)
 - public static final 'GL_FRAMEBUFFER_ATTACHMENT_OBJECT_TYPE' 'I' @472  36048 (0x00008cd0)
 - public static final 'GL_FRAMEBUFFER_ATTACHMENT_OBJECT_NAME' 'I' @476  36049 (0x00008cd1)
 - public static final 'GL_FRAMEBUFFER_ATTACHMENT_TEXTURE_LEVEL' 'I' @480  36050 (0x00008cd2)
 - public static final 'GL_FRAMEBUFFER_ATTACHMENT_TEXTURE_CUBE_MAP_FACE' 'I' @484  36051 (0x00008cd3)
 - public static final 'GL_FRAMEBUFFER_ATTACHMENT_TEXTURE_LAYER' 'I' @488  36052 (0x00008cd4)
 - public static final 'GL_FRAMEBUFFER_ATTACHMENT_COLOR_ENCODING' 'I' @492  33296 (0x00008210)
 - public static final 'GL_FRAMEBUFFER_ATTACHMENT_COMPONENT_TYPE' 'I' @496  33297 (0x00008211)
 - public static final 'GL_FRAMEBUFFER_ATTACHMENT_RED_SIZE' 'I' @500  33298 (0x00008212)
 - public static final 'GL_FRAMEBUFFER_ATTACHMENT_GREEN_SIZE' 'I' @504  33299 (0x00008213)
 - public static final 'GL_FRAMEBUFFER_ATTACHMENT_BLUE_SIZE' 'I' @508  33300 (0x00008214)
 - public static final 'GL_FRAMEBUFFER_ATTACHMENT_ALPHA_SIZE' 'I' @512  33301 (0x00008215)
 - public static final 'GL_FRAMEBUFFER_ATTACHMENT_DEPTH_SIZE' 'I' @516  33302 (0x00008216)
 - public static final 'GL_FRAMEBUFFER_ATTACHMENT_STENCIL_SIZE' 'I' @520  33303 (0x00008217)
 - public static final 'GL_FRAMEBUFFER_DEFAULT' 'I' @524  33304 (0x00008218)
 - public static final 'GL_COLOR_ATTACHMENT0' 'I' @528  36064 (0x00008ce0)
 - public static final 'GL_COLOR_ATTACHMENT1' 'I' @532  36065 (0x00008ce1)
 - public static final 'GL_COLOR_ATTACHMENT2' 'I' @536  36066 (0x00008ce2)
 - public static final 'GL_COLOR_ATTACHMENT3' 'I' @540  36067 (0x00008ce3)
 - public static final 'GL_COLOR_ATTACHMENT4' 'I' @544  36068 (0x00008ce4)
 - public static final 'GL_COLOR_ATTACHMENT5' 'I' @548  36069 (0x00008ce5)
 - public static final 'GL_COLOR_ATTACHMENT6' 'I' @552  36070 (0x00008ce6)
 - public static final 'GL_COLOR_ATTACHMENT7' 'I' @556  36071 (0x00008ce7)
 - public static final 'GL_COLOR_ATTACHMENT8' 'I' @560  36072 (0x00008ce8)
 - public static final 'GL_COLOR_ATTACHMENT9' 'I' @564  36073 (0x00008ce9)
 - public static final 'GL_COLOR_ATTACHMENT10' 'I' @568  36074 (0x00008cea)
 - public static final 'GL_COLOR_ATTACHMENT11' 'I' @572  36075 (0x00008ceb)
 - public static final 'GL_COLOR_ATTACHMENT12' 'I' @576  36076 (0x00008cec)
 - public static final 'GL_COLOR_ATTACHMENT13' 'I' @580  36077 (0x00008ced)
 - public static final 'GL_COLOR_ATTACHMENT14' 'I' @584  36078 (0x00008cee)
 - public static final 'GL_COLOR_ATTACHMENT15' 'I' @588  36079 (0x00008cef)
 - public static final 'GL_COLOR_ATTACHMENT16' 'I' @592  36080 (0x00008cf0)
 - public static final 'GL_COLOR_ATTACHMENT17' 'I' @596  36081 (0x00008cf1)
 - public static final 'GL_COLOR_ATTACHMENT18' 'I' @600  36082 (0x00008cf2)
 - public static final 'GL_COLOR_ATTACHMENT19' 'I' @604  36083 (0x00008cf3)
 - public static final 'GL_COLOR_ATTACHMENT20' 'I' @608  36084 (0x00008cf4)
 - public static final 'GL_COLOR_ATTACHMENT21' 'I' @612  36085 (0x00008cf5)
 - public static final 'GL_COLOR_ATTACHMENT22' 'I' @616  36086 (0x00008cf6)
 - public static final 'GL_COLOR_ATTACHMENT23' 'I' @620  36087 (0x00008cf7)
 - public static final 'GL_COLOR_ATTACHMENT24' 'I' @624  36088 (0x00008cf8)
 - public static final 'GL_COLOR_ATTACHMENT25' 'I' @628  36089 (0x00008cf9)
 - public static final 'GL_COLOR_ATTACHMENT26' 'I' @632  36090 (0x00008cfa)
 - public static final 'GL_COLOR_ATTACHMENT27' 'I' @636  36091 (0x00008cfb)
 - public static final 'GL_COLOR_ATTACHMENT28' 'I' @640  36092 (0x00008cfc)
 - public static final 'GL_COLOR_ATTACHMENT29' 'I' @644  36093 (0x00008cfd)
 - public static final 'GL_COLOR_ATTACHMENT30' 'I' @648  36094 (0x00008cfe)
 - public static final 'GL_COLOR_ATTACHMENT31' 'I' @652  36095 (0x00008cff)
 - public static final 'GL_DEPTH_ATTACHMENT' 'I' @656  36096 (0x00008d00)
 - public static final 'GL_STENCIL_ATTACHMENT' 'I' @660  36128 (0x00008d20)
 - public static final 'GL_DEPTH_STENCIL_ATTACHMENT' 'I' @664  33306 (0x0000821a)
 - public static final 'GL_MAX_SAMPLES' 'I' @668  36183 (0x00008d57)
 - public static final 'GL_FRAMEBUFFER_COMPLETE' 'I' @672  36053 (0x00008cd5)
 - public static final 'GL_FRAMEBUFFER_INCOMPLETE_ATTACHMENT' 'I' @676  36054 (0x00008cd6)
 - public static final 'GL_FRAMEBUFFER_INCOMPLETE_MISSING_ATTACHMENT' 'I' @680  36055 (0x00008cd7)
 - public static final 'GL_FRAMEBUFFER_INCOMPLETE_DRAW_BUFFER' 'I' @684  36059 (0x00008cdb)
 - public static final 'GL_FRAMEBUFFER_INCOMPLETE_READ_BUFFER' 'I' @688  36060 (0x00008cdc)
 - public static final 'GL_FRAMEBUFFER_UNSUPPORTED' 'I' @692  36061 (0x00008cdd)
 - public static final 'GL_FRAMEBUFFER_INCOMPLETE_MULTISAMPLE' 'I' @696  36182 (0x00008d56)
 - public static final 'GL_FRAMEBUFFER_UNDEFINED' 'I' @700  33305 (0x00008219)
 - public static final 'GL_FRAMEBUFFER_BINDING' 'I' @704  36006 (0x00008ca6)
 - public static final 'GL_DRAW_FRAMEBUFFER_BINDING' 'I' @708  36006 (0x00008ca6)
 - public static final 'GL_READ_FRAMEBUFFER_BINDING' 'I' @712  36010 (0x00008caa)
 - public static final 'GL_RENDERBUFFER_BINDING' 'I' @716  36007 (0x00008ca7)
 - public static final 'GL_MAX_COLOR_ATTACHMENTS' 'I' @720  36063 (0x00008cdf)
 - public static final 'GL_MAX_RENDERBUFFER_SIZE' 'I' @724  34024 (0x000084e8)
 - public static final 'GL_INVALID_FRAMEBUFFER_OPERATION' 'I' @728  1286 (0x00000506)
 - public static final 'GL_DEPTH_STENCIL' 'I' @732  34041 (0x000084f9)
 - public static final 'GL_UNSIGNED_INT_24_8' 'I' @736  34042 (0x000084fa)
 - public static final 'GL_DEPTH24_STENCIL8' 'I' @740  35056 (0x000088f0)
 - public static final 'GL_TEXTURE_STENCIL_SIZE' 'I' @744  35057 (0x000088f1)
 - public static final 'GL_HALF_FLOAT' 'I' @748  5131 (0x0000140b)
 - public static final 'GL_RGBA32UI' 'I' @752  36208 (0x00008d70)
 - public static final 'GL_RGB32UI' 'I' @756  36209 (0x00008d71)
 - public static final 'GL_RGBA16UI' 'I' @760  36214 (0x00008d76)
 - public static final 'GL_RGB16UI' 'I' @764  36215 (0x00008d77)
 - public static final 'GL_RGBA8UI' 'I' @768  36220 (0x00008d7c)
 - public static final 'GL_RGB8UI' 'I' @772  36221 (0x00008d7d)
 - public static final 'GL_RGBA32I' 'I' @776  36226 (0x00008d82)
 - public static final 'GL_RGB32I' 'I' @780  36227 (0x00008d83)
 - public static final 'GL_RGBA16I' 'I' @784  36232 (0x00008d88)
 - public static final 'GL_RGB16I' 'I' @788  36233 (0x00008d89)
 - public static final 'GL_RGBA8I' 'I' @792  36238 (0x00008d8e)
 - public static final 'GL_RGB8I' 'I' @796  36239 (0x00008d8f)
 - public static final 'GL_RED_INTEGER' 'I' @800  36244 (0x00008d94)
 - public static final 'GL_GREEN_INTEGER' 'I' @804  36245 (0x00008d95)
 - public static final 'GL_BLUE_INTEGER' 'I' @808  36246 (0x00008d96)
 - public static final 'GL_RGB_INTEGER' 'I' @812  36248 (0x00008d98)
 - public static final 'GL_RGBA_INTEGER' 'I' @816  36249 (0x00008d99)
 - public static final 'GL_BGR_INTEGER' 'I' @820  36250 (0x00008d9a)
 - public static final 'GL_BGRA_INTEGER' 'I' @824  36251 (0x00008d9b)
 - public static final 'GL_TEXTURE_1D_ARRAY' 'I' @828  35864 (0x00008c18)
 - public static final 'GL_TEXTURE_2D_ARRAY' 'I' @832  35866 (0x00008c1a)
 - public static final 'GL_PROXY_TEXTURE_2D_ARRAY' 'I' @836  35867 (0x00008c1b)
 - public static final 'GL_PROXY_TEXTURE_1D_ARRAY' 'I' @840  35865 (0x00008c19)
 - public static final 'GL_TEXTURE_BINDING_1D_ARRAY' 'I' @844  35868 (0x00008c1c)
 - public static final 'GL_TEXTURE_BINDING_2D_ARRAY' 'I' @848  35869 (0x00008c1d)
 - public static final 'GL_MAX_ARRAY_TEXTURE_LAYERS' 'I' @852  35071 (0x000088ff)
 - public static final 'GL_COMPRESSED_RED_RGTC1' 'I' @856  36283 (0x00008dbb)
 - public static final 'GL_COMPRESSED_SIGNED_RED_RGTC1' 'I' @860  36284 (0x00008dbc)
 - public static final 'GL_COMPRESSED_RG_RGTC2' 'I' @864  36285 (0x00008dbd)
 - public static final 'GL_COMPRESSED_SIGNED_RG_RGTC2' 'I' @868  36286 (0x00008dbe)
 - public static final 'GL_R8' 'I' @872  33321 (0x00008229)
 - public static final 'GL_R16' 'I' @876  33322 (0x0000822a)
 - public static final 'GL_RG8' 'I' @880  33323 (0x0000822b)
 - public static final 'GL_RG16' 'I' @884  33324 (0x0000822c)
 - public static final 'GL_R16F' 'I' @888  33325 (0x0000822d)
 - public static final 'GL_R32F' 'I' @892  33326 (0x0000822e)
 - public static final 'GL_RG16F' 'I' @896  33327 (0x0000822f)
 - public static final 'GL_RG32F' 'I' @900  33328 (0x00008230)
 - public static final 'GL_R8I' 'I' @904  33329 (0x00008231)
 - public static final 'GL_R8UI' 'I' @908  33330 (0x00008232)
 - public static final 'GL_R16I' 'I' @912  33331 (0x00008233)
 - public static final 'GL_R16UI' 'I' @916  33332 (0x00008234)
 - public static final 'GL_R32I' 'I' @920  33333 (0x00008235)
 - public static final 'GL_R32UI' 'I' @924  33334 (0x00008236)
 - public static final 'GL_RG8I' 'I' @928  33335 (0x00008237)
 - public static final 'GL_RG8UI' 'I' @932  33336 (0x00008238)
 - public static final 'GL_RG16I' 'I' @936  33337 (0x00008239)
 - public static final 'GL_RG16UI' 'I' @940  33338 (0x0000823a)
 - public static final 'GL_RG32I' 'I' @944  33339 (0x0000823b)
 - public static final 'GL_RG32UI' 'I' @948  33340 (0x0000823c)
 - public static final 'GL_RG' 'I' @952  33319 (0x00008227)
 - public static final 'GL_COMPRESSED_RED' 'I' @956  33317 (0x00008225)
 - public static final 'GL_COMPRESSED_RG' 'I' @960  33318 (0x00008226)
 - public static final 'GL_RG_INTEGER' 'I' @964  33320 (0x00008228)
 - public static final 'GL_TRANSFORM_FEEDBACK_BUFFER' 'I' @968  35982 (0x00008c8e)
 - public static final 'GL_TRANSFORM_FEEDBACK_BUFFER_START' 'I' @972  35972 (0x00008c84)
 - public static final 'GL_TRANSFORM_FEEDBACK_BUFFER_SIZE' 'I' @976  35973 (0x00008c85)
 - public static final 'GL_TRANSFORM_FEEDBACK_BUFFER_BINDING' 'I' @980  35983 (0x00008c8f)
 - public static final 'GL_INTERLEAVED_ATTRIBS' 'I' @984  35980 (0x00008c8c)
 - public static final 'GL_SEPARATE_ATTRIBS' 'I' @988  35981 (0x00008c8d)
 - public static final 'GL_PRIMITIVES_GENERATED' 'I' @992  35975 (0x00008c87)
 - public static final 'GL_TRANSFORM_FEEDBACK_PRIMITIVES_WRITTEN' 'I' @996  35976 (0x00008c88)
 - public static final 'GL_RASTERIZER_DISCARD' 'I' @1000  35977 (0x00008c89)
 - public static final 'GL_MAX_TRANSFORM_FEEDBACK_INTERLEAVED_COMPONENTS' 'I' @1004  35978 (0x00008c8a)
 - public static final 'GL_MAX_TRANSFORM_FEEDBACK_SEPARATE_ATTRIBS' 'I' @1008  35979 (0x00008c8b)
 - public static final 'GL_MAX_TRANSFORM_FEEDBACK_SEPARATE_COMPONENTS' 'I' @1012  35968 (0x00008c80)
 - public static final 'GL_TRANSFORM_FEEDBACK_VARYINGS' 'I' @1016  35971 (0x00008c83)
 - public static final 'GL_TRANSFORM_FEEDBACK_BUFFER_MODE' 'I' @1020  35967 (0x00008c7f)
 - public static final 'GL_TRANSFORM_FEEDBACK_VARYING_MAX_LENGTH' 'I' @1024  35958 (0x00008c76)
 - public static final 'GL_VERTEX_ARRAY_BINDING' 'I' @1028  34229 (0x000085b5)
 - public static final 'GL_FRAMEBUFFER_SRGB' 'I' @1032  36281 (0x00008db9)
R12=0x0 is null
R13={method} {0x00000214eb4f2630} 'nglGenVertexArrays' '(IJ)V' in 'org/lwjgl/opengl/GL30C'
R14=0x000000797aeff610 is pointing into the stack for thread: 0x00000214c3b88070
R15=0x00000214c3b88070 is a thread

Top of Stack: (sp=0x000000797aeff558)
0x000000797aeff558:   00000214d568d0c7 0000000000000001
0x000000797aeff568:   00000214d568cdb3 00000214eb4f2628
0x000000797aeff578:   00000214eb165728 000000797aeff5f8
0x000000797aeff588:   00000214d56889b6 00000214d568cd5b
0x000000797aeff598:   fffffffffffffff7 00000214eb4f2628
0x000000797aeff5a8:   0000000000000006 00000214eb527ca0
0x000000797aeff5b8:   0000000000000000 000000062c0c2da8
0x000000797aeff5c8:   00000214eb4f2628 0000000000000000
0x000000797aeff5d8:   000000797aeff600 000000797aeff660
0x000000797aeff5e8:   00000214d56888c0 000000062c0c2da8
0x000000797aeff5f8:   00000214d568a517 00000214c166debc
0x000000797aeff608:   0000000000000000 0000000000000001
0x000000797aeff618:   fffffffffffffff7 00000214eb4f27ac
0x000000797aeff628:   0000000000000006 00000214eb527ca0
0x000000797aeff638:   0000000000000000 000000062c0c2da8
0x000000797aeff648:   00000214eb4f2818 fffffffffffffff4
0x000000797aeff658:   000000797aeff698 000000797aeff6e0
0x000000797aeff668:   00000214d5688a08 0000000000000000
0x000000797aeff678:   0000000000000000 000000062c0cc720
0x000000797aeff688:   0000000000010000 000000062c78e190
0x000000797aeff698:   fffffffffffffff7 00000214eb4da6d0
0x000000797aeff6a8:   0000000000000001 00000214eb4daa88
0x000000797aeff6b8:   0000000000000000 000000062c7d9d20
0x000000797aeff6c8:   00000214eb4da6e0 fffffffffffffff7
0x000000797aeff6d8:   000000797aeff6f0 000000797aeff738
0x000000797aeff6e8:   00000214d5688a08 fffffffffffffff7
0x000000797aeff6f8:   00000214eb408a99 000000000000000d
0x000000797aeff708:   00000214eb409500 0000000000000000
0x000000797aeff718:   000000062c430370 00000214eb408c68
0x000000797aeff728:   fffffffffffffff7 000000797aeff7a0
0x000000797aeff738:   000000797aeff880 00000214d568100d
0x000000797aeff748:   0000000000000000 0000000000000000 

Instructions: (pc=0x00007ff83aed0aba)
0x00007ff83aed09ba:   c1 49 ff e1 cc cc 48 8b 01 48 8b 40 18 44 89 c1
0x00007ff83aed09ca:   48 ff a0 98 13 00 00 cc cc cc cc cc cc cc cc cc
0x00007ff83aed09da:   cc cc cc cc cc cc 48 8b 01 48 8b 40 18 48 ff a0
0x00007ff83aed09ea:   a0 13 00 00 cc cc 44 89 ca 44 89 c0 4c 8b 44 24
0x00007ff83aed09fa:   28 44 8b 4c 24 30 48 8b 09 48 8b 49 18 4c 8b 91
0x00007ff83aed0a0a:   a8 13 00 00 89 c1 49 ff e2 cc cc cc cc cc cc cc
0x00007ff83aed0a1a:   cc cc cc cc cc cc 48 83 ec 38 44 89 ca 44 89 c0
0x00007ff83aed0a2a:   44 8b 44 24 60 4c 8b 4c 24 68 0f 28 44 24 70 4c
0x00007ff83aed0a3a:   8b 94 24 80 00 00 00 48 8b 09 4c 8b 59 18 4c 89
0x00007ff83aed0a4a:   54 24 30 0f 11 44 24 20 89 c1 41 ff 93 b0 13 00
0x00007ff83aed0a5a:   00 90 48 83 c4 38 c3 cc cc cc cc cc cc cc cc cc
0x00007ff83aed0a6a:   cc cc cc cc cc cc 48 8b 01 48 8b 40 18 44 89 c1
0x00007ff83aed0a7a:   48 ff a0 b8 13 00 00 cc cc cc cc cc cc cc cc cc
0x00007ff83aed0a8a:   cc cc cc cc cc cc 4c 89 ca 48 8b 01 48 8b 40 18
0x00007ff83aed0a9a:   48 8b 80 c0 13 00 00 44 89 c1 48 ff e0 cc cc cc
0x00007ff83aed0aaa:   cc cc cc cc cc cc 4c 89 ca 48 8b 01 48 8b 40 18
0x00007ff83aed0aba:   48 8b 80 c8 13 00 00 44 89 c1 48 ff e0 cc cc cc
0x00007ff83aed0aca:   cc cc cc cc cc cc 48 8b 01 48 8b 40 18 44 89 c1
0x00007ff83aed0ada:   48 ff a0 d0 13 00 00 cc cc cc cc cc cc cc cc cc
0x00007ff83aed0aea:   cc cc cc cc cc cc 44 89 ca 44 89 c0 44 8b 44 24
0x00007ff83aed0afa:   28 44 8b 4c 24 30 48 8b 09 48 8b 49 18 4c 8b 91
0x00007ff83aed0b0a:   d8 13 00 00 89 c1 49 ff e2 cc cc cc cc cc cc cc
0x00007ff83aed0b1a:   cc cc cc cc cc cc 48 83 ec 28 44 89 ca 44 89 c0
0x00007ff83aed0b2a:   44 8b 44 24 50 4c 8b 4c 24 58 44 8b 54 24 60 48
0x00007ff83aed0b3a:   8b 09 4c 8b 59 18 44 89 54 24 20 89 c1 41 ff 93
0x00007ff83aed0b4a:   e0 13 00 00 90 48 83 c4 28 c3 cc cc cc cc cc cc
0x00007ff83aed0b5a:   cc cc cc cc cc cc 48 83 ec 28 44 89 ca 44 89 c0
0x00007ff83aed0b6a:   4c 8b 44 24 50 4c 8b 4c 24 58 4c 8b 54 24 60 48
0x00007ff83aed0b7a:   8b 09 4c 8b 59 18 4c 89 54 24 20 89 c1 41 ff 93
0x00007ff83aed0b8a:   e8 13 00 00 90 48 83 c4 28 c3 cc cc cc cc cc cc
0x00007ff83aed0b9a:   cc cc cc cc cc cc 48 8b 01 48 8b 40 18 44 89 c1
0x00007ff83aed0baa:   48 ff a0 f0 13 00 00 cc cc cc cc cc cc cc cc cc 


Stack slot to memory mapping:

stack at sp + 0 slots: 0x00000214d568d0c7 is at code_begin+1063 in an Interpreter codelet
native method entry point (kind = native)  [0x00000214d568cca0, 0x00000214d568d8c0]  3104 bytes
stack at sp + 1 slots: 0x0000000000000001 is an unknown value
stack at sp + 2 slots: 0x00000214d568cdb3 is at code_begin+275 in an Interpreter codelet
native method entry point (kind = native)  [0x00000214d568cca0, 0x00000214d568d8c0]  3104 bytes
stack at sp + 3 slots: {method} {0x00000214eb4f2630} 'nglGenVertexArrays' '(IJ)V' in 'org/lwjgl/opengl/GL30C'
stack at sp + 4 slots: 0x00000214eb165728 is pointing into metadata
stack at sp + 5 slots: 0x000000797aeff5f8 is pointing into the stack for thread: 0x00000214c3b88070
stack at sp + 6 slots: 0x00000214d56889b6 is at code_begin+1526 in an Interpreter codelet
return entry points  [0x00000214d56883c0, 0x00000214d5689050]  3216 bytes
stack at sp + 7 slots: 0x00000214d568cd5b is at code_begin+187 in an Interpreter codelet
native method entry point (kind = native)  [0x00000214d568cca0, 0x00000214d568d8c0]  3104 bytes


---------------  P R O C E S S  ---------------

Threads class SMR info:
_java_thread_list=0x00000214c1cf1cc0, length=15, elements={
0x00000214c3b88070, 0x00000214c111fbc0, 0x00000214c1121340, 0x00000214c11274f0,
0x00000214c11283e0, 0x00000214c1149b70, 0x00000214c114b420, 0x00000214c114dee0,
0x00000214c1165860, 0x00000214c1166cd0, 0x00000214c12c7b40, 0x00000214c1165f30,
0x00000214c11673a0, 0x00000214c14813d0, 0x00000214c1481a40
}

Java Threads: ( => current thread )
=>0x00000214c3b88070 JavaThread "main"                              [_thread_in_native, id=8460, stack(0x000000797ae00000,0x000000797af00000) (1024K)]
  0x00000214c111fbc0 JavaThread "Reference Handler"          daemon [_thread_blocked, id=10044, stack(0x000000797b600000,0x000000797b700000) (1024K)]
  0x00000214c1121340 JavaThread "Finalizer"                  daemon [_thread_blocked, id=4076, stack(0x000000797b700000,0x000000797b800000) (1024K)]
  0x00000214c11274f0 JavaThread "Signal Dispatcher"          daemon [_thread_blocked, id=8568, stack(0x000000797b800000,0x000000797b900000) (1024K)]
  0x00000214c11283e0 JavaThread "Attach Listener"            daemon [_thread_blocked, id=5720, stack(0x000000797b900000,0x000000797ba00000) (1024K)]
  0x00000214c1149b70 JavaThread "Service Thread"             daemon [_thread_blocked, id=3728, stack(0x000000797ba00000,0x000000797bb00000) (1024K)]
  0x00000214c114b420 JavaThread "Monitor Deflation Thread"   daemon [_thread_blocked, id=16792, stack(0x000000797bb00000,0x000000797bc00000) (1024K)]
  0x00000214c114dee0 JavaThread "C2 CompilerThread0"         daemon [_thread_blocked, id=13752, stack(0x000000797bc00000,0x000000797bd00000) (1024K)]
  0x00000214c1165860 JavaThread "C1 CompilerThread0"         daemon [_thread_blocked, id=13896, stack(0x000000797bd00000,0x000000797be00000) (1024K)]
  0x00000214c1166cd0 JavaThread "C1 CompilerThread1"         daemon [_thread_blocked, id=14936, stack(0x000000797be00000,0x000000797bf00000) (1024K)]
  0x00000214c12c7b40 JavaThread "Common-Cleaner"             daemon [_thread_blocked, id=15904, stack(0x000000797bf00000,0x000000797c000000) (1024K)]
  0x00000214c1165f30 JavaThread "C1 CompilerThread2"         daemon [_thread_blocked, id=2892, stack(0x000000797c000000,0x000000797c100000) (1024K)]
  0x00000214c11673a0 JavaThread "C1 CompilerThread3"         daemon [_thread_blocked, id=2492, stack(0x000000797c100000,0x000000797c200000) (1024K)]
  0x00000214c14813d0 JavaThread "Monitor Ctrl-Break"         daemon [_thread_in_native, id=11992, stack(0x000000797c300000,0x000000797c400000) (1024K)]
  0x00000214c1481a40 JavaThread "Notification Thread"        daemon [_thread_blocked, id=6936, stack(0x000000797c400000,0x000000797c500000) (1024K)]
Total: 15

Other Threads:
  0x00000214e788d3c0 VMThread "VM Thread"                           [id=2024, stack(0x000000797b500000,0x000000797b600000) (1024K)]
  0x00000214e7873240 WatcherThread "VM Periodic Task Thread"        [id=12732, stack(0x000000797b400000,0x000000797b500000) (1024K)]
  0x00000214c5f4e200 WorkerThread "GC Thread#0"                     [id=11660, stack(0x000000797af00000,0x000000797b000000) (1024K)]
  0x00000214c5f603d0 ConcurrentGCThread "G1 Main Marker"            [id=10992, stack(0x000000797b000000,0x000000797b100000) (1024K)]
  0x00000214c5f61590 WorkerThread "G1 Conc#0"                       [id=8560, stack(0x000000797b100000,0x000000797b200000) (1024K)]
  0x00000214e7743150 ConcurrentGCThread "G1 Refine#0"               [id=9844, stack(0x000000797b200000,0x000000797b300000) (1024K)]
  0x00000214e7743ae0 ConcurrentGCThread "G1 Service"                [id=15152, stack(0x000000797b300000,0x000000797b400000) (1024K)]
Total: 7

Threads with active compile tasks:
Total: 0

VM state: not at safepoint (normal execution)

VM Mutex/Monitor currently owned by a thread: None

Heap address: 0x000000060d800000, size: 7976 MB, Compressed Oops mode: Zero based, Oop shift amount: 3

CDS archive(s) mapped at: [0x0000021480000000-0x0000021480c60000-0x0000021480c60000), size 12976128, SharedBaseAddress: 0x0000021480000000, ArchiveRelocationMode: 1.
Compressed class space mapped at: 0x0000021481000000-0x00000214c1000000, reserved size: 1073741824
Narrow klass base: 0x0000021480000000, Narrow klass shift: 0, Narrow klass range: 0x41000000

GC Precious Log:
 CardTable entry size: 512
 Card Set container configuration: InlinePtr #cards 4 size 8 Array Of Cards #cards 32 size 80 Howl #buckets 8 coarsen threshold 7372 Howl Bitmap #cards 1024 size 144 coarsen threshold 921 Card regions per heap region 1 cards per card region 8192
 CPUs: 16 total, 16 available
 Memory: 31895M
 Large Page Support: Disabled
 NUMA Support: Disabled
 Compressed Oops: Enabled (Zero based)
 Heap Region Size: 4M
 Heap Min Capacity: 8M
 Heap Initial Capacity: 500M
 Heap Max Capacity: 7976M
 Pre-touch: Disabled
 Parallel Workers: 13
 Concurrent Workers: 3
 Concurrent Refinement Workers: 13
 Periodic GC: Disabled

Heap:
 garbage-first heap   total reserved 8167424K, committed 512000K, used 8192K [0x000000060d800000, 0x0000000800000000)
  region size 4096K, 3 young (12288K), 0 survivors (0K)
 Metaspace       used 2847K, committed 3008K, reserved 1114112K
  class space    used 187K, committed 256K, reserved 1048576K

Heap Regions: E=young(eden), S=young(survivor), O=old, HS=humongous(starts), HC=humongous(continues), CS=collection set, F=free, TAMS=top-at-mark-start, PB=parsable bottom
|   0|0x000000060d800000, 0x000000060d800000, 0x000000060dc00000|  0%| F|  |TAMS 0x000000060d800000| PB 0x000000060d800000| Untracked |  0
|   1|0x000000060dc00000, 0x000000060dc00000, 0x000000060e000000|  0%| F|  |TAMS 0x000000060dc00000| PB 0x000000060dc00000| Untracked |  0
|   2|0x000000060e000000, 0x000000060e000000, 0x000000060e400000|  0%| F|  |TAMS 0x000000060e000000| PB 0x000000060e000000| Untracked |  0
|   3|0x000000060e400000, 0x000000060e400000, 0x000000060e800000|  0%| F|  |TAMS 0x000000060e400000| PB 0x000000060e400000| Untracked |  0
|   4|0x000000060e800000, 0x000000060e800000, 0x000000060ec00000|  0%| F|  |TAMS 0x000000060e800000| PB 0x000000060e800000| Untracked |  0
|   5|0x000000060ec00000, 0x000000060ec00000, 0x000000060f000000|  0%| F|  |TAMS 0x000000060ec00000| PB 0x000000060ec00000| Untracked |  0
|   6|0x000000060f000000, 0x000000060f000000, 0x000000060f400000|  0%| F|  |TAMS 0x000000060f000000| PB 0x000000060f000000| Untracked |  0
|   7|0x000000060f400000, 0x000000060f400000, 0x000000060f800000|  0%| F|  |TAMS 0x000000060f400000| PB 0x000000060f400000| Untracked |  0
|   8|0x000000060f800000, 0x000000060f800000, 0x000000060fc00000|  0%| F|  |TAMS 0x000000060f800000| PB 0x000000060f800000| Untracked |  0
|   9|0x000000060fc00000, 0x000000060fc00000, 0x0000000610000000|  0%| F|  |TAMS 0x000000060fc00000| PB 0x000000060fc00000| Untracked |  0
|  10|0x0000000610000000, 0x0000000610000000, 0x0000000610400000|  0%| F|  |TAMS 0x0000000610000000| PB 0x0000000610000000| Untracked |  0
|  11|0x0000000610400000, 0x0000000610400000, 0x0000000610800000|  0%| F|  |TAMS 0x0000000610400000| PB 0x0000000610400000| Untracked |  0
|  12|0x0000000610800000, 0x0000000610800000, 0x0000000610c00000|  0%| F|  |TAMS 0x0000000610800000| PB 0x0000000610800000| Untracked |  0
|  13|0x0000000610c00000, 0x0000000610c00000, 0x0000000611000000|  0%| F|  |TAMS 0x0000000610c00000| PB 0x0000000610c00000| Untracked |  0
|  14|0x0000000611000000, 0x0000000611000000, 0x0000000611400000|  0%| F|  |TAMS 0x0000000611000000| PB 0x0000000611000000| Untracked |  0
|  15|0x0000000611400000, 0x0000000611400000, 0x0000000611800000|  0%| F|  |TAMS 0x0000000611400000| PB 0x0000000611400000| Untracked |  0
|  16|0x0000000611800000, 0x0000000611800000, 0x0000000611c00000|  0%| F|  |TAMS 0x0000000611800000| PB 0x0000000611800000| Untracked |  0
|  17|0x0000000611c00000, 0x0000000611c00000, 0x0000000612000000|  0%| F|  |TAMS 0x0000000611c00000| PB 0x0000000611c00000| Untracked |  0
|  18|0x0000000612000000, 0x0000000612000000, 0x0000000612400000|  0%| F|  |TAMS 0x0000000612000000| PB 0x0000000612000000| Untracked |  0
|  19|0x0000000612400000, 0x0000000612400000, 0x0000000612800000|  0%| F|  |TAMS 0x0000000612400000| PB 0x0000000612400000| Untracked |  0
|  20|0x0000000612800000, 0x0000000612800000, 0x0000000612c00000|  0%| F|  |TAMS 0x0000000612800000| PB 0x0000000612800000| Untracked |  0
|  21|0x0000000612c00000, 0x0000000612c00000, 0x0000000613000000|  0%| F|  |TAMS 0x0000000612c00000| PB 0x0000000612c00000| Untracked |  0
|  22|0x0000000613000000, 0x0000000613000000, 0x0000000613400000|  0%| F|  |TAMS 0x0000000613000000| PB 0x0000000613000000| Untracked |  0
|  23|0x0000000613400000, 0x0000000613400000, 0x0000000613800000|  0%| F|  |TAMS 0x0000000613400000| PB 0x0000000613400000| Untracked |  0
|  24|0x0000000613800000, 0x0000000613800000, 0x0000000613c00000|  0%| F|  |TAMS 0x0000000613800000| PB 0x0000000613800000| Untracked |  0
|  25|0x0000000613c00000, 0x0000000613c00000, 0x0000000614000000|  0%| F|  |TAMS 0x0000000613c00000| PB 0x0000000613c00000| Untracked |  0
|  26|0x0000000614000000, 0x0000000614000000, 0x0000000614400000|  0%| F|  |TAMS 0x0000000614000000| PB 0x0000000614000000| Untracked |  0
|  27|0x0000000614400000, 0x0000000614400000, 0x0000000614800000|  0%| F|  |TAMS 0x0000000614400000| PB 0x0000000614400000| Untracked |  0
|  28|0x0000000614800000, 0x0000000614800000, 0x0000000614c00000|  0%| F|  |TAMS 0x0000000614800000| PB 0x0000000614800000| Untracked |  0
|  29|0x0000000614c00000, 0x0000000614c00000, 0x0000000615000000|  0%| F|  |TAMS 0x0000000614c00000| PB 0x0000000614c00000| Untracked |  0
|  30|0x0000000615000000, 0x0000000615000000, 0x0000000615400000|  0%| F|  |TAMS 0x0000000615000000| PB 0x0000000615000000| Untracked |  0
|  31|0x0000000615400000, 0x0000000615400000, 0x0000000615800000|  0%| F|  |TAMS 0x0000000615400000| PB 0x0000000615400000| Untracked |  0
|  32|0x0000000615800000, 0x0000000615800000, 0x0000000615c00000|  0%| F|  |TAMS 0x0000000615800000| PB 0x0000000615800000| Untracked |  0
|  33|0x0000000615c00000, 0x0000000615c00000, 0x0000000616000000|  0%| F|  |TAMS 0x0000000615c00000| PB 0x0000000615c00000| Untracked |  0
|  34|0x0000000616000000, 0x0000000616000000, 0x0000000616400000|  0%| F|  |TAMS 0x0000000616000000| PB 0x0000000616000000| Untracked |  0
|  35|0x0000000616400000, 0x0000000616400000, 0x0000000616800000|  0%| F|  |TAMS 0x0000000616400000| PB 0x0000000616400000| Untracked |  0
|  36|0x0000000616800000, 0x0000000616800000, 0x0000000616c00000|  0%| F|  |TAMS 0x0000000616800000| PB 0x0000000616800000| Untracked |  0
|  37|0x0000000616c00000, 0x0000000616c00000, 0x0000000617000000|  0%| F|  |TAMS 0x0000000616c00000| PB 0x0000000616c00000| Untracked |  0
|  38|0x0000000617000000, 0x0000000617000000, 0x0000000617400000|  0%| F|  |TAMS 0x0000000617000000| PB 0x0000000617000000| Untracked |  0
|  39|0x0000000617400000, 0x0000000617400000, 0x0000000617800000|  0%| F|  |TAMS 0x0000000617400000| PB 0x0000000617400000| Untracked |  0
|  40|0x0000000617800000, 0x0000000617800000, 0x0000000617c00000|  0%| F|  |TAMS 0x0000000617800000| PB 0x0000000617800000| Untracked |  0
|  41|0x0000000617c00000, 0x0000000617c00000, 0x0000000618000000|  0%| F|  |TAMS 0x0000000617c00000| PB 0x0000000617c00000| Untracked |  0
|  42|0x0000000618000000, 0x0000000618000000, 0x0000000618400000|  0%| F|  |TAMS 0x0000000618000000| PB 0x0000000618000000| Untracked |  0
|  43|0x0000000618400000, 0x0000000618400000, 0x0000000618800000|  0%| F|  |TAMS 0x0000000618400000| PB 0x0000000618400000| Untracked |  0
|  44|0x0000000618800000, 0x0000000618800000, 0x0000000618c00000|  0%| F|  |TAMS 0x0000000618800000| PB 0x0000000618800000| Untracked |  0
|  45|0x0000000618c00000, 0x0000000618c00000, 0x0000000619000000|  0%| F|  |TAMS 0x0000000618c00000| PB 0x0000000618c00000| Untracked |  0
|  46|0x0000000619000000, 0x0000000619000000, 0x0000000619400000|  0%| F|  |TAMS 0x0000000619000000| PB 0x0000000619000000| Untracked |  0
|  47|0x0000000619400000, 0x0000000619400000, 0x0000000619800000|  0%| F|  |TAMS 0x0000000619400000| PB 0x0000000619400000| Untracked |  0
|  48|0x0000000619800000, 0x0000000619800000, 0x0000000619c00000|  0%| F|  |TAMS 0x0000000619800000| PB 0x0000000619800000| Untracked |  0
|  49|0x0000000619c00000, 0x0000000619c00000, 0x000000061a000000|  0%| F|  |TAMS 0x0000000619c00000| PB 0x0000000619c00000| Untracked |  0
|  50|0x000000061a000000, 0x000000061a000000, 0x000000061a400000|  0%| F|  |TAMS 0x000000061a000000| PB 0x000000061a000000| Untracked |  0
|  51|0x000000061a400000, 0x000000061a400000, 0x000000061a800000|  0%| F|  |TAMS 0x000000061a400000| PB 0x000000061a400000| Untracked |  0
|  52|0x000000061a800000, 0x000000061a800000, 0x000000061ac00000|  0%| F|  |TAMS 0x000000061a800000| PB 0x000000061a800000| Untracked |  0
|  53|0x000000061ac00000, 0x000000061ac00000, 0x000000061b000000|  0%| F|  |TAMS 0x000000061ac00000| PB 0x000000061ac00000| Untracked |  0
|  54|0x000000061b000000, 0x000000061b000000, 0x000000061b400000|  0%| F|  |TAMS 0x000000061b000000| PB 0x000000061b000000| Untracked |  0
|  55|0x000000061b400000, 0x000000061b400000, 0x000000061b800000|  0%| F|  |TAMS 0x000000061b400000| PB 0x000000061b400000| Untracked |  0
|  56|0x000000061b800000, 0x000000061b800000, 0x000000061bc00000|  0%| F|  |TAMS 0x000000061b800000| PB 0x000000061b800000| Untracked |  0
|  57|0x000000061bc00000, 0x000000061bc00000, 0x000000061c000000|  0%| F|  |TAMS 0x000000061bc00000| PB 0x000000061bc00000| Untracked |  0
|  58|0x000000061c000000, 0x000000061c000000, 0x000000061c400000|  0%| F|  |TAMS 0x000000061c000000| PB 0x000000061c000000| Untracked |  0
|  59|0x000000061c400000, 0x000000061c400000, 0x000000061c800000|  0%| F|  |TAMS 0x000000061c400000| PB 0x000000061c400000| Untracked |  0
|  60|0x000000061c800000, 0x000000061c800000, 0x000000061cc00000|  0%| F|  |TAMS 0x000000061c800000| PB 0x000000061c800000| Untracked |  0
|  61|0x000000061cc00000, 0x000000061cc00000, 0x000000061d000000|  0%| F|  |TAMS 0x000000061cc00000| PB 0x000000061cc00000| Untracked |  0
|  62|0x000000061d000000, 0x000000061d000000, 0x000000061d400000|  0%| F|  |TAMS 0x000000061d000000| PB 0x000000061d000000| Untracked |  0
|  63|0x000000061d400000, 0x000000061d400000, 0x000000061d800000|  0%| F|  |TAMS 0x000000061d400000| PB 0x000000061d400000| Untracked |  0
|  64|0x000000061d800000, 0x000000061d800000, 0x000000061dc00000|  0%| F|  |TAMS 0x000000061d800000| PB 0x000000061d800000| Untracked |  0
|  65|0x000000061dc00000, 0x000000061dc00000, 0x000000061e000000|  0%| F|  |TAMS 0x000000061dc00000| PB 0x000000061dc00000| Untracked |  0
|  66|0x000000061e000000, 0x000000061e000000, 0x000000061e400000|  0%| F|  |TAMS 0x000000061e000000| PB 0x000000061e000000| Untracked |  0
|  67|0x000000061e400000, 0x000000061e400000, 0x000000061e800000|  0%| F|  |TAMS 0x000000061e400000| PB 0x000000061e400000| Untracked |  0
|  68|0x000000061e800000, 0x000000061e800000, 0x000000061ec00000|  0%| F|  |TAMS 0x000000061e800000| PB 0x000000061e800000| Untracked |  0
|  69|0x000000061ec00000, 0x000000061ec00000, 0x000000061f000000|  0%| F|  |TAMS 0x000000061ec00000| PB 0x000000061ec00000| Untracked |  0
|  70|0x000000061f000000, 0x000000061f000000, 0x000000061f400000|  0%| F|  |TAMS 0x000000061f000000| PB 0x000000061f000000| Untracked |  0
|  71|0x000000061f400000, 0x000000061f400000, 0x000000061f800000|  0%| F|  |TAMS 0x000000061f400000| PB 0x000000061f400000| Untracked |  0
|  72|0x000000061f800000, 0x000000061f800000, 0x000000061fc00000|  0%| F|  |TAMS 0x000000061f800000| PB 0x000000061f800000| Untracked |  0
|  73|0x000000061fc00000, 0x000000061fc00000, 0x0000000620000000|  0%| F|  |TAMS 0x000000061fc00000| PB 0x000000061fc00000| Untracked |  0
|  74|0x0000000620000000, 0x0000000620000000, 0x0000000620400000|  0%| F|  |TAMS 0x0000000620000000| PB 0x0000000620000000| Untracked |  0
|  75|0x0000000620400000, 0x0000000620400000, 0x0000000620800000|  0%| F|  |TAMS 0x0000000620400000| PB 0x0000000620400000| Untracked |  0
|  76|0x0000000620800000, 0x0000000620800000, 0x0000000620c00000|  0%| F|  |TAMS 0x0000000620800000| PB 0x0000000620800000| Untracked |  0
|  77|0x0000000620c00000, 0x0000000620c00000, 0x0000000621000000|  0%| F|  |TAMS 0x0000000620c00000| PB 0x0000000620c00000| Untracked |  0
|  78|0x0000000621000000, 0x0000000621000000, 0x0000000621400000|  0%| F|  |TAMS 0x0000000621000000| PB 0x0000000621000000| Untracked |  0
|  79|0x0000000621400000, 0x0000000621400000, 0x0000000621800000|  0%| F|  |TAMS 0x0000000621400000| PB 0x0000000621400000| Untracked |  0
|  80|0x0000000621800000, 0x0000000621800000, 0x0000000621c00000|  0%| F|  |TAMS 0x0000000621800000| PB 0x0000000621800000| Untracked |  0
|  81|0x0000000621c00000, 0x0000000621c00000, 0x0000000622000000|  0%| F|  |TAMS 0x0000000621c00000| PB 0x0000000621c00000| Untracked |  0
|  82|0x0000000622000000, 0x0000000622000000, 0x0000000622400000|  0%| F|  |TAMS 0x0000000622000000| PB 0x0000000622000000| Untracked |  0
|  83|0x0000000622400000, 0x0000000622400000, 0x0000000622800000|  0%| F|  |TAMS 0x0000000622400000| PB 0x0000000622400000| Untracked |  0
|  84|0x0000000622800000, 0x0000000622800000, 0x0000000622c00000|  0%| F|  |TAMS 0x0000000622800000| PB 0x0000000622800000| Untracked |  0
|  85|0x0000000622c00000, 0x0000000622c00000, 0x0000000623000000|  0%| F|  |TAMS 0x0000000622c00000| PB 0x0000000622c00000| Untracked |  0
|  86|0x0000000623000000, 0x0000000623000000, 0x0000000623400000|  0%| F|  |TAMS 0x0000000623000000| PB 0x0000000623000000| Untracked |  0
|  87|0x0000000623400000, 0x0000000623400000, 0x0000000623800000|  0%| F|  |TAMS 0x0000000623400000| PB 0x0000000623400000| Untracked |  0
|  88|0x0000000623800000, 0x0000000623800000, 0x0000000623c00000|  0%| F|  |TAMS 0x0000000623800000| PB 0x0000000623800000| Untracked |  0
|  89|0x0000000623c00000, 0x0000000623c00000, 0x0000000624000000|  0%| F|  |TAMS 0x0000000623c00000| PB 0x0000000623c00000| Untracked |  0
|  90|0x0000000624000000, 0x0000000624000000, 0x0000000624400000|  0%| F|  |TAMS 0x0000000624000000| PB 0x0000000624000000| Untracked |  0
|  91|0x0000000624400000, 0x0000000624400000, 0x0000000624800000|  0%| F|  |TAMS 0x0000000624400000| PB 0x0000000624400000| Untracked |  0
|  92|0x0000000624800000, 0x0000000624800000, 0x0000000624c00000|  0%| F|  |TAMS 0x0000000624800000| PB 0x0000000624800000| Untracked |  0
|  93|0x0000000624c00000, 0x0000000624c00000, 0x0000000625000000|  0%| F|  |TAMS 0x0000000624c00000| PB 0x0000000624c00000| Untracked |  0
|  94|0x0000000625000000, 0x0000000625000000, 0x0000000625400000|  0%| F|  |TAMS 0x0000000625000000| PB 0x0000000625000000| Untracked |  0
|  95|0x0000000625400000, 0x0000000625400000, 0x0000000625800000|  0%| F|  |TAMS 0x0000000625400000| PB 0x0000000625400000| Untracked |  0
|  96|0x0000000625800000, 0x0000000625800000, 0x0000000625c00000|  0%| F|  |TAMS 0x0000000625800000| PB 0x0000000625800000| Untracked |  0
|  97|0x0000000625c00000, 0x0000000625c00000, 0x0000000626000000|  0%| F|  |TAMS 0x0000000625c00000| PB 0x0000000625c00000| Untracked |  0
|  98|0x0000000626000000, 0x0000000626000000, 0x0000000626400000|  0%| F|  |TAMS 0x0000000626000000| PB 0x0000000626000000| Untracked |  0
|  99|0x0000000626400000, 0x0000000626400000, 0x0000000626800000|  0%| F|  |TAMS 0x0000000626400000| PB 0x0000000626400000| Untracked |  0
| 100|0x0000000626800000, 0x0000000626800000, 0x0000000626c00000|  0%| F|  |TAMS 0x0000000626800000| PB 0x0000000626800000| Untracked |  0
| 101|0x0000000626c00000, 0x0000000626c00000, 0x0000000627000000|  0%| F|  |TAMS 0x0000000626c00000| PB 0x0000000626c00000| Untracked |  0
| 102|0x0000000627000000, 0x0000000627000000, 0x0000000627400000|  0%| F|  |TAMS 0x0000000627000000| PB 0x0000000627000000| Untracked |  0
| 103|0x0000000627400000, 0x0000000627400000, 0x0000000627800000|  0%| F|  |TAMS 0x0000000627400000| PB 0x0000000627400000| Untracked |  0
| 104|0x0000000627800000, 0x0000000627800000, 0x0000000627c00000|  0%| F|  |TAMS 0x0000000627800000| PB 0x0000000627800000| Untracked |  0
| 105|0x0000000627c00000, 0x0000000627c00000, 0x0000000628000000|  0%| F|  |TAMS 0x0000000627c00000| PB 0x0000000627c00000| Untracked |  0
| 106|0x0000000628000000, 0x0000000628000000, 0x0000000628400000|  0%| F|  |TAMS 0x0000000628000000| PB 0x0000000628000000| Untracked |  0
| 107|0x0000000628400000, 0x0000000628400000, 0x0000000628800000|  0%| F|  |TAMS 0x0000000628400000| PB 0x0000000628400000| Untracked |  0
| 108|0x0000000628800000, 0x0000000628800000, 0x0000000628c00000|  0%| F|  |TAMS 0x0000000628800000| PB 0x0000000628800000| Untracked |  0
| 109|0x0000000628c00000, 0x0000000628c00000, 0x0000000629000000|  0%| F|  |TAMS 0x0000000628c00000| PB 0x0000000628c00000| Untracked |  0
| 110|0x0000000629000000, 0x0000000629000000, 0x0000000629400000|  0%| F|  |TAMS 0x0000000629000000| PB 0x0000000629000000| Untracked |  0
| 111|0x0000000629400000, 0x0000000629400000, 0x0000000629800000|  0%| F|  |TAMS 0x0000000629400000| PB 0x0000000629400000| Untracked |  0
| 112|0x0000000629800000, 0x0000000629800000, 0x0000000629c00000|  0%| F|  |TAMS 0x0000000629800000| PB 0x0000000629800000| Untracked |  0
| 113|0x0000000629c00000, 0x0000000629c00000, 0x000000062a000000|  0%| F|  |TAMS 0x0000000629c00000| PB 0x0000000629c00000| Untracked |  0
| 114|0x000000062a000000, 0x000000062a000000, 0x000000062a400000|  0%| F|  |TAMS 0x000000062a000000| PB 0x000000062a000000| Untracked |  0
| 115|0x000000062a400000, 0x000000062a400000, 0x000000062a800000|  0%| F|  |TAMS 0x000000062a400000| PB 0x000000062a400000| Untracked |  0
| 116|0x000000062a800000, 0x000000062a800000, 0x000000062ac00000|  0%| F|  |TAMS 0x000000062a800000| PB 0x000000062a800000| Untracked |  0
| 117|0x000000062ac00000, 0x000000062ac00000, 0x000000062b000000|  0%| F|  |TAMS 0x000000062ac00000| PB 0x000000062ac00000| Untracked |  0
| 118|0x000000062b000000, 0x000000062b000000, 0x000000062b400000|  0%| F|  |TAMS 0x000000062b000000| PB 0x000000062b000000| Untracked |  0
| 119|0x000000062b400000, 0x000000062b400000, 0x000000062b800000|  0%| F|  |TAMS 0x000000062b400000| PB 0x000000062b400000| Untracked |  0
| 120|0x000000062b800000, 0x000000062b800000, 0x000000062bc00000|  0%| F|  |TAMS 0x000000062b800000| PB 0x000000062b800000| Untracked |  0
| 121|0x000000062bc00000, 0x000000062bc00000, 0x000000062c000000|  0%| F|  |TAMS 0x000000062bc00000| PB 0x000000062bc00000| Untracked |  0
| 122|0x000000062c000000, 0x000000062c0ffa20, 0x000000062c400000| 24%| E|  |TAMS 0x000000062c000000| PB 0x000000062c000000| Complete |  0
| 123|0x000000062c400000, 0x000000062c800000, 0x000000062c800000|100%| E|CS|TAMS 0x000000062c400000| PB 0x000000062c400000| Complete |  0
| 124|0x000000062c800000, 0x000000062cc00000, 0x000000062cc00000|100%| E|CS|TAMS 0x000000062c800000| PB 0x000000062c800000| Complete |  0

Card table byte_map: [0x00000214dea60000,0x00000214dfa00000] _byte_map_base: 0x00000214db9f4000

Marking Bits: (CMBitMap*) 0x00000214c5f4f330
 Bits: [0x00000214dfa00000, 0x00000214e76a0000)

Polling page: 0x00000214c3e20000

Metaspace:

Usage:
  Non-class:      2.60 MB used.
      Class:    187.30 KB used.
       Both:      2.78 MB used.

Virtual space:
  Non-class space:       64.00 MB reserved,       2.69 MB (  4%) committed,  1 nodes.
      Class space:        1.00 GB reserved,     256.00 KB ( <1%) committed,  1 nodes.
             Both:        1.06 GB reserved,       2.94 MB ( <1%) committed. 

Chunk freelists:
   Non-Class:  10.81 MB
       Class:  15.67 MB
        Both:  26.48 MB

MaxMetaspaceSize: unlimited
CompressedClassSpaceSize: 1.00 GB
Initial GC threshold: 21.00 MB
Current GC threshold: 21.00 MB
CDS: on
 - commit_granule_bytes: 65536.
 - commit_granule_words: 8192.
 - virtual_space_node_default_size: 8388608.
 - enlarge_chunks_in_place: 1.
 - use_allocation_guard: 0.


Internal statistics:

num_allocs_failed_limit: 0.
num_arena_births: 76.
num_arena_deaths: 0.
num_vsnodes_births: 2.
num_vsnodes_deaths: 0.
num_space_committed: 47.
num_space_uncommitted: 0.
num_chunks_returned_to_freelist: 0.
num_chunks_taken_from_freelist: 140.
num_chunk_merges: 0.
num_chunk_splits: 91.
num_chunks_enlarged: 60.
num_inconsistent_stats: 0.

CodeHeap 'non-profiled nmethods': size=119168Kb used=167Kb max_used=167Kb free=119000Kb
 bounds [0x00000214d5dd0000, 0x00000214d6040000, 0x00000214dd230000]
CodeHeap 'profiled nmethods': size=119104Kb used=852Kb max_used=852Kb free=118251Kb
 bounds [0x00000214ce230000, 0x00000214ce4a0000, 0x00000214d5680000]
CodeHeap 'non-nmethods': size=7488Kb used=4082Kb max_used=4082Kb free=3405Kb
 bounds [0x00000214d5680000, 0x00000214d5a80000, 0x00000214d5dd0000]
 total_blobs=1665 nmethods=611 adapters=956
 compilation: enabled
              stopped_count=0, restarted_count=0
 full_count=0

Compilation events (20 events):
Event: 0.246 Thread 0x00000214c1166cd0 nmethod 601 0x00000214ce2fe810 code [0x00000214ce2fe9a0, 0x00000214ce2feab0]
Event: 0.246 Thread 0x00000214c114dee0 nmethod 600 0x00000214d5df9190 code [0x00000214d5df9300, 0x00000214d5df93b0]
Event: 0.246 Thread 0x00000214c1165860  602       3       java.util.ArrayDeque::inc (12 bytes)
Event: 0.246 Thread 0x00000214c1165860 nmethod 602 0x00000214ce2feb10 code [0x00000214ce2feca0, 0x00000214ce2fedc8]
Event: 0.246 Thread 0x00000214c1165860  603       3       java.lang.String::concat (15 bytes)
Event: 0.246 Thread 0x00000214c1165f30  604       3       java.lang.StringConcatHelper::simpleConcat (94 bytes)
Event: 0.246 Thread 0x00000214c1166cd0  605       3       java.lang.StringConcatHelper::newString (67 bytes)
Event: 0.246 Thread 0x00000214c11673a0  606       3       java.lang.StringUTF16::compress (47 bytes)
Event: 0.246 Thread 0x00000214c11673a0 nmethod 606 0x00000214ce2fee90 code [0x00000214ce2ff040, 0x00000214ce2ff288]
Event: 0.246 Thread 0x00000214c1166cd0 nmethod 605 0x00000214ce2ff410 code [0x00000214ce2ff680, 0x00000214ce300038]
Event: 0.246 Thread 0x00000214c1165860 nmethod 603 0x00000214ce300390 code [0x00000214ce3006c0, 0x00000214ce301980]
Event: 0.246 Thread 0x00000214c1165f30 nmethod 604 0x00000214ce302010 code [0x00000214ce302340, 0x00000214ce3035a8]
Event: 0.247 Thread 0x00000214c1165f30  607       3       java.lang.ref.SoftReference::get (29 bytes)
Event: 0.247 Thread 0x00000214c1165f30 nmethod 607 0x00000214ce303c10 code [0x00000214ce303da0, 0x00000214ce303f60]
Event: 0.247 Thread 0x00000214c11673a0  608       3       java.util.Arrays::rangeCheck (74 bytes)
Event: 0.247 Thread 0x00000214c1166cd0  609       3       java.lang.Class::getName (18 bytes)
Event: 0.247 Thread 0x00000214c1166cd0 nmethod 609 0x00000214ce304010 code [0x00000214ce3041c0, 0x00000214ce304350]
Event: 0.247 Thread 0x00000214c11673a0 nmethod 608 0x00000214ce304410 code [0x00000214ce3046c0, 0x00000214ce304fe8]
Event: 0.249 Thread 0x00000214c1166cd0  611       1       java.security.CodeSource::getLocation (5 bytes)
Event: 0.249 Thread 0x00000214c1166cd0 nmethod 611 0x00000214d5df9b90 code [0x00000214d5df9d20, 0x00000214d5df9df0]

GC Heap History (0 events):
No events

Dll operation events (12 events):
Event: 0.004 Loaded shared library C:\Program Files\Java\jdk-22\bin\java.dll
Event: 0.019 Loaded shared library C:\Program Files\Java\jdk-22\bin\jsvml.dll
Event: 0.037 Loaded shared library C:\Program Files\Java\jdk-22\bin\zip.dll
Event: 0.039 Loaded shared library C:\Program Files\Java\jdk-22\bin\instrument.dll
Event: 0.041 Loaded shared library C:\Program Files\Java\jdk-22\bin\net.dll
Event: 0.041 Loaded shared library C:\Program Files\Java\jdk-22\bin\nio.dll
Event: 0.043 Loaded shared library C:\Program Files\Java\jdk-22\bin\zip.dll
Event: 0.054 Loaded shared library C:\Program Files\JetBrains\IntelliJ IDEA Community Edition 2024.2.4\bin\breakgen64.dll
Event: 0.058 Loaded shared library C:\Program Files\Java\jdk-22\bin\extnet.dll
Event: 0.069 Loaded shared library C:\Program Files\Java\jdk-22\bin\jimage.dll
Event: 0.079 Loaded shared library C:\Users\digas\AppData\Local\Temp\lwjgl_TAS\3.3.4+7\x64\lwjgl.dll
Event: 0.241 Loaded shared library C:\Users\digas\AppData\Local\Temp\lwjgl_TAS\3.3.4+7\x64\lwjgl_opengl.dll

Deoptimization events (12 events):
Event: 0.055 Thread 0x00000214c3b88070 Uncommon trap: trap_request=0xffffff45 fr.pc=0x00000214d5de0264 relative=0x00000000000000c4
Event: 0.055 Thread 0x00000214c3b88070 Uncommon trap: reason=unstable_if action=reinterpret pc=0x00000214d5de0264 method=java.lang.String.isLatin1()Z @ 10 c2
Event: 0.055 Thread 0x00000214c3b88070 DEOPT PACKING pc=0x00000214d5de0264 sp=0x000000797aeff2b0
Event: 0.055 Thread 0x00000214c3b88070 DEOPT UNPACKING pc=0x00000214d56d7da2 sp=0x000000797aeff1f0 mode 2
Event: 0.098 Thread 0x00000214c3b88070 DEOPT PACKING pc=0x00000214ce25fdfc sp=0x000000797aefe2c0
Event: 0.098 Thread 0x00000214c3b88070 DEOPT UNPACKING pc=0x00000214d56d88e2 sp=0x000000797aefd6e0 mode 0
Event: 0.243 Thread 0x00000214c3b88070 DEOPT PACKING pc=0x00000214ce239b4c sp=0x000000797aefd670
Event: 0.243 Thread 0x00000214c3b88070 DEOPT UNPACKING pc=0x00000214d56d88e2 sp=0x000000797aefcad8 mode 0
Event: 0.250 Thread 0x00000214c3b88070 Uncommon trap: trap_request=0xffffff54 fr.pc=0x00000214d5df9370 relative=0x0000000000000070
Event: 0.250 Thread 0x00000214c3b88070 Uncommon trap: reason=speculate_null_assert action=make_not_entrant pc=0x00000214d5df9370 method=sun.misc.Unsafe.putLong(Ljava/lang/Object;JJ)V @ 7 c2
Event: 0.250 Thread 0x00000214c3b88070 DEOPT PACKING pc=0x00000214d5df9370 sp=0x000000797aeff4b0
Event: 0.250 Thread 0x00000214c3b88070 DEOPT UNPACKING pc=0x00000214d56d7da2 sp=0x000000797aeff428 mode 2

Classes loaded (20 events):
Event: 0.091 Loading class java/nio/DirectFloatBufferU
Event: 0.091 Loading class java/nio/DirectFloatBufferU done
Event: 0.091 Loading class java/nio/DirectDoubleBufferU
Event: 0.091 Loading class java/nio/DirectDoubleBufferU done
Event: 0.091 Loading class sun/misc/Unsafe
Event: 0.091 Loading class sun/misc/Unsafe done
Event: 0.092 Loading class java/lang/invoke/DirectMethodHandle$StaticAccessor
Event: 0.092 Loading class java/lang/invoke/DirectMethodHandle$StaticAccessor done
Event: 0.092 Loading class java/util/function/LongPredicate
Event: 0.093 Loading class java/util/function/LongPredicate done
Event: 0.093 Loading class java/lang/foreign/MemorySegment
Event: 0.093 Loading class java/lang/foreign/MemorySegment done
Event: 0.095 Loading class java/nio/InvalidMarkException
Event: 0.095 Loading class java/nio/InvalidMarkException done
Event: 0.095 Loading class java/nio/BufferUnderflowException
Event: 0.095 Loading class java/nio/BufferUnderflowException done
Event: 0.096 Loading class java/lang/IndexOutOfBoundsException
Event: 0.096 Loading class java/lang/IndexOutOfBoundsException done
Event: 0.244 Loading class java/util/Formatter$FixedString
Event: 0.244 Loading class java/util/Formatter$FixedString done

Classes unloaded (0 events):
No events

Classes redefined (0 events):
No events

Internal exceptions (20 events):
Event: 0.066 Thread 0x00000214c3b88070 Exception <a 'java/lang/NoSuchMethodError'{0x000000062c6606c0}: 'java.lang.Object java.lang.invoke.DirectMethodHandle$Holder.invokeStatic(java.lang.Object, java.lang.Object, int)'> (0x000000062c6606c0) 
thrown [s\open\src\hotspot\share\interpreter\linkResolver.cpp, line 774]
Event: 0.066 Thread 0x00000214c3b88070 Exception <a 'java/lang/NoSuchMethodError'{0x000000062c66c1e0}: 'void java.lang.invoke.DelegatingMethodHandle$Holder.delegate(java.lang.Object, java.lang.Object, int, java.lang.Object)'> (0x000000062c66c1e0) 
thrown [s\open\src\hotspot\share\interpreter\linkResolver.cpp, line 774]
Event: 0.066 Thread 0x00000214c3b88070 Exception <a 'java/lang/NoSuchMethodError'{0x000000062c66ff70}: 'int java.lang.invoke.DirectMethodHandle$Holder.invokeSpecial(java.lang.Object, java.lang.Object, java.lang.Object)'> (0x000000062c66ff70) 
thrown [s\open\src\hotspot\share\interpreter\linkResolver.cpp, line 774]
Event: 0.068 Thread 0x00000214c3b88070 Exception <a 'java/lang/NoSuchMethodError'{0x000000062c6894a0}: 'void java.lang.System.loadLibrary(java.lang.String, java.lang.Class)'> (0x000000062c6894a0) 
thrown [s\open\src\hotspot\share\interpreter\linkResolver.cpp, line 774]
Event: 0.082 Thread 0x00000214c3b88070 Exception <a 'sun/nio/fs/WindowsException'{0x000000062c6c0be0}> (0x000000062c6c0be0) 
thrown [s\open\src\hotspot\share\prims\jni.cpp, line 520]
Event: 0.082 Thread 0x00000214c3b88070 Exception <a 'sun/nio/fs/WindowsException'{0x000000062c6c1100}> (0x000000062c6c1100) 
thrown [s\open\src\hotspot\share\prims\jni.cpp, line 520]
Event: 0.088 Thread 0x00000214c3b88070 Exception <a 'sun/nio/fs/WindowsException'{0x000000062c6f1c40}> (0x000000062c6f1c40) 
thrown [s\open\src\hotspot\share\prims\jni.cpp, line 520]
Event: 0.088 Thread 0x00000214c3b88070 Exception <a 'sun/nio/fs/WindowsException'{0x000000062c6f1f98}> (0x000000062c6f1f98) 
thrown [s\open\src\hotspot\share\prims\jni.cpp, line 520]
Event: 0.093 Thread 0x00000214c3b88070 Exception <a 'java/lang/NoSuchMethodError'{0x000000062c742060}: 'int java.lang.invoke.DirectMethodHandle$Holder.invokeStaticInit(java.lang.Object, java.lang.Object, int, long)'> (0x000000062c742060) 
thrown [s\open\src\hotspot\share\interpreter\linkResolver.cpp, line 774]
Event: 0.093 Thread 0x00000214c3b88070 Exception <a 'java/lang/NoSuchMethodError'{0x000000062c747168}: 'java.lang.Object java.lang.invoke.DirectMethodHandle$Holder.newInvokeSpecial(java.lang.Object, java.lang.Object, int)'> (0x000000062c747168) 
thrown [s\open\src\hotspot\share\interpreter\linkResolver.cpp, line 774]
Event: 0.094 Thread 0x00000214c3b88070 Exception <a 'java/lang/NoSuchMethodError'{0x000000062c7565c8}: 'int java.lang.invoke.DirectMethodHandle$Holder.invokeStaticInit(java.lang.Object, java.lang.Object, long, long)'> (0x000000062c7565c8) 
thrown [s\open\src\hotspot\share\interpreter\linkResolver.cpp, line 774]
Event: 0.094 Thread 0x00000214c3b88070 Exception <a 'java/lang/NoSuchMethodError'{0x000000062c75c050}: 'java.lang.Object java.lang.invoke.DirectMethodHandle$Holder.newInvokeSpecial(java.lang.Object, java.lang.Object, long)'> (0x000000062c75c050) 
thrown [s\open\src\hotspot\share\interpreter\linkResolver.cpp, line 774]
Event: 0.094 Thread 0x00000214c3b88070 Exception <a 'java/lang/NoSuchMethodError'{0x000000062c760320}: 'java.lang.Object java.lang.invoke.Invokers$Holder.linkToTargetMethod(java.lang.Object, long, java.lang.Object)'> (0x000000062c760320) 
thrown [s\open\src\hotspot\share\interpreter\linkResolver.cpp, line 774]
Event: 0.095 Thread 0x00000214c3b88070 Exception <a 'java/lang/NoSuchMethodError'{0x000000062c767548}: 'int java.lang.invoke.DirectMethodHandle$Holder.invokeStaticInit(java.lang.Object, java.lang.Object, java.lang.Object, long)'> (0x000000062c767548) 
thrown [s\open\src\hotspot\share\interpreter\linkResolver.cpp, line 774]
Event: 0.237 Thread 0x00000214c3b88070 Exception <a 'java/lang/NoSuchMethodError'{0x000000062c7efba8}: 'void java.lang.System.load(java.lang.String, java.lang.Class)'> (0x000000062c7efba8) 
thrown [s\open\src\hotspot\share\interpreter\linkResolver.cpp, line 774]
Event: 0.238 Thread 0x00000214c3b88070 Exception <a 'java/lang/NoSuchMethodError'{0x000000062c7f25f8}: 'void java.lang.System.loadLibrary(java.lang.String, java.lang.Class)'> (0x000000062c7f25f8) 
thrown [s\open\src\hotspot\share\interpreter\linkResolver.cpp, line 774]
Event: 0.240 Thread 0x00000214c3b88070 Exception <a 'sun/nio/fs/WindowsException'{0x000000062c002a38}> (0x000000062c002a38) 
thrown [s\open\src\hotspot\share\prims\jni.cpp, line 520]
Event: 0.240 Thread 0x00000214c3b88070 Exception <a 'sun/nio/fs/WindowsException'{0x000000062c002dc8}> (0x000000062c002dc8) 
thrown [s\open\src\hotspot\share\prims\jni.cpp, line 520]
Event: 0.243 Thread 0x00000214c3b88070 Exception <a 'sun/nio/fs/WindowsException'{0x000000062c00d560}> (0x000000062c00d560) 
thrown [s\open\src\hotspot\share\prims\jni.cpp, line 520]
Event: 0.243 Thread 0x00000214c3b88070 Exception <a 'sun/nio/fs/WindowsException'{0x000000062c00d830}> (0x000000062c00d830) 
thrown [s\open\src\hotspot\share\prims\jni.cpp, line 520]

ZGC Phase Switch (0 events):
No events

VM Operations (6 events):
Event: 0.032 Executing VM operation: HandshakeAllThreads (Deoptimize)
Event: 0.032 Executing VM operation: HandshakeAllThreads (Deoptimize) done
Event: 0.075 Executing VM operation: HandshakeAllThreads (Deoptimize)
Event: 0.075 Executing VM operation: HandshakeAllThreads (Deoptimize) done
Event: 0.082 Executing VM operation: HandshakeAllThreads (Deoptimize)
Event: 0.082 Executing VM operation: HandshakeAllThreads (Deoptimize) done

Events (17 events):
Event: 0.011 Thread 0x00000214c3b88070 Thread added: 0x00000214c3b88070
Event: 0.018 Thread 0x00000214c111fbc0 Thread added: 0x00000214c111fbc0
Event: 0.018 Thread 0x00000214c1121340 Thread added: 0x00000214c1121340
Event: 0.018 Thread 0x00000214c11274f0 Thread added: 0x00000214c11274f0
Event: 0.018 Thread 0x00000214c11283e0 Thread added: 0x00000214c11283e0
Event: 0.018 Thread 0x00000214c1149b70 Thread added: 0x00000214c1149b70
Event: 0.018 Thread 0x00000214c114b420 Thread added: 0x00000214c114b420
Event: 0.018 Thread 0x00000214c114dee0 Thread added: 0x00000214c114dee0
Event: 0.018 Thread 0x00000214c1165860 Thread added: 0x00000214c1165860
Event: 0.021 Thread 0x00000214c1166cd0 Thread added: 0x00000214c1166cd0
Event: 0.029 Thread 0x00000214c12c7b40 Thread added: 0x00000214c12c7b40
Event: 0.033 Thread 0x00000214c1165f30 Thread added: 0x00000214c1165f30
Event: 0.033 Thread 0x00000214c11673a0 Thread added: 0x00000214c11673a0
Event: 0.035 Thread 0x00000214c1168ee0 Thread added: 0x00000214c1168ee0
Event: 0.054 Thread 0x00000214c14813d0 Thread added: 0x00000214c14813d0
Event: 0.055 Thread 0x00000214c1481a40 Thread added: 0x00000214c1481a40
Event: 0.236 Thread 0x00000214c1168ee0 Thread exited: 0x00000214c1168ee0


Dynamic libraries:
0x00007ff7f8370000 - 0x00007ff7f8380000 	C:\Program Files\Java\jdk-22\bin\java.exe
0x00007ff869da0000 - 0x00007ff86a003000 	C:\WINDOWS\SYSTEM32\ntdll.dll
0x00007ff867c90000 - 0x00007ff867d58000 	C:\WINDOWS\System32\KERNEL32.DLL
0x00007ff867190000 - 0x00007ff867541000 	C:\WINDOWS\System32\KERNELBASE.dll
0x00007ff867ac0000 - 0x00007ff867c0b000 	C:\WINDOWS\System32\ucrtbase.dll
0x00007ff862790000 - 0x00007ff8627a7000 	C:\Program Files\Java\jdk-22\bin\jli.dll
0x00007ff8507b0000 - 0x00007ff8507cb000 	C:\Program Files\Java\jdk-22\bin\VCRUNTIME140.dll
0x00007ff867ea0000 - 0x00007ff867f54000 	C:\WINDOWS\System32\ADVAPI32.dll
0x00007ff867df0000 - 0x00007ff867e99000 	C:\WINDOWS\System32\msvcrt.dll
0x00007ff868de0000 - 0x00007ff868e86000 	C:\WINDOWS\System32\sechost.dll
0x00007ff868cc0000 - 0x00007ff868dd6000 	C:\WINDOWS\System32\RPCRT4.dll
0x00007ff868a00000 - 0x00007ff868bc8000 	C:\WINDOWS\System32\USER32.dll
0x00007ff84f580000 - 0x00007ff84f810000 	C:\WINDOWS\WinSxS\amd64_microsoft.windows.common-controls_6595b64144ccf1df_6.0.26100.2161_none_3e0cadb0e33078e1\COMCTL32.dll
0x00007ff867a90000 - 0x00007ff867ab7000 	C:\WINDOWS\System32\win32u.dll
0x00007ff868f10000 - 0x00007ff868f3a000 	C:\WINDOWS\System32\GDI32.dll
0x00007ff8677e0000 - 0x00007ff867905000 	C:\WINDOWS\System32\gdi32full.dll
0x00007ff8676b0000 - 0x00007ff867753000 	C:\WINDOWS\System32\msvcp_win.dll
0x00007ff85fb30000 - 0x00007ff85fb3b000 	C:\WINDOWS\SYSTEM32\VERSION.dll
0x00007ff868740000 - 0x00007ff86876f000 	C:\WINDOWS\System32\IMM32.DLL
0x00007ff862780000 - 0x00007ff86278c000 	C:\Program Files\Java\jdk-22\bin\vcruntime140_1.dll
0x00007ff84fde0000 - 0x00007ff84fe6e000 	C:\Program Files\Java\jdk-22\bin\msvcp140.dll
0x00007ff810ab0000 - 0x00007ff8117f7000 	C:\Program Files\Java\jdk-22\bin\server\jvm.dll
0x00007ff867d70000 - 0x00007ff867de4000 	C:\WINDOWS\System32\WS2_32.dll
0x00007ff866e70000 - 0x00007ff866ebe000 	C:\WINDOWS\SYSTEM32\POWRPROF.dll
0x00007ff8599c0000 - 0x00007ff8599f6000 	C:\WINDOWS\SYSTEM32\WINMM.dll
0x00007ff866e50000 - 0x00007ff866e64000 	C:\WINDOWS\SYSTEM32\UMPDC.dll
0x00007ff865fe0000 - 0x00007ff865ffa000 	C:\WINDOWS\SYSTEM32\kernel.appcore.dll
0x00007ff8507a0000 - 0x00007ff8507aa000 	C:\Program Files\Java\jdk-22\bin\jimage.dll
0x00007ff85e610000 - 0x00007ff85e851000 	C:\WINDOWS\SYSTEM32\DBGHELP.DLL
0x00007ff868130000 - 0x00007ff8684ad000 	C:\WINDOWS\System32\combase.dll
0x00007ff868050000 - 0x00007ff868126000 	C:\WINDOWS\System32\OLEAUT32.dll
0x00007ff816630000 - 0x00007ff816669000 	C:\WINDOWS\SYSTEM32\dbgcore.DLL
0x00007ff867610000 - 0x00007ff8676a9000 	C:\WINDOWS\System32\bcryptPrimitives.dll
0x00007ff84fda0000 - 0x00007ff84fdaf000 	C:\Program Files\Java\jdk-22\bin\instrument.dll
0x00007ff84fdb0000 - 0x00007ff84fdce000 	C:\Program Files\Java\jdk-22\bin\java.dll
0x00007ff868f50000 - 0x00007ff86964f000 	C:\WINDOWS\System32\SHELL32.dll
0x00007ff8685a0000 - 0x00007ff868739000 	C:\WINDOWS\System32\ole32.dll
0x00007ff864f50000 - 0x00007ff86577d000 	C:\WINDOWS\SYSTEM32\windows.storage.dll
0x00007ff867f70000 - 0x00007ff868043000 	C:\WINDOWS\System32\SHCORE.dll
0x00007ff868bd0000 - 0x00007ff868c2d000 	C:\WINDOWS\System32\shlwapi.dll
0x00007ff8670a0000 - 0x00007ff8670ce000 	C:\WINDOWS\SYSTEM32\profapi.dll
0x00007ff84fcc0000 - 0x00007ff84fd97000 	C:\Program Files\Java\jdk-22\bin\jsvml.dll
0x00007ff84fc70000 - 0x00007ff84fc87000 	C:\Program Files\Java\jdk-22\bin\zip.dll
0x00007ff84fcb0000 - 0x00007ff84fcc0000 	C:\Program Files\Java\jdk-22\bin\net.dll
0x00007ff8664e0000 - 0x00007ff866548000 	C:\WINDOWS\system32\mswsock.dll
0x00007ff84fc90000 - 0x00007ff84fca6000 	C:\Program Files\Java\jdk-22\bin\nio.dll
0x00007ff84fc30000 - 0x00007ff84fc4a000 	C:\Program Files\JetBrains\IntelliJ IDEA Community Edition 2024.2.4\bin\breakgen64.dll
0x00007ff84fc20000 - 0x00007ff84fc29000 	C:\Program Files\Java\jdk-22\bin\extnet.dll
0x00007ff83af30000 - 0x00007ff83afab000 	C:\Users\digas\AppData\Local\Temp\lwjgl_TAS\3.3.4+7\x64\lwjgl.dll
0x00007ff815000000 - 0x00007ff815085000 	C:\Users\digas\AppData\Local\Temp\lwjgl_TAS\3.3.4+7\x64\glfw.dll
0x00007ff84bcc0000 - 0x00007ff84bd0b000 	C:\WINDOWS\SYSTEM32\dinput8.dll
0x00007ff815bf0000 - 0x00007ff815c02000 	C:\WINDOWS\SYSTEM32\xinput1_4.dll
0x00007ff866d90000 - 0x00007ff866def000 	C:\WINDOWS\SYSTEM32\cfgmgr32.dll
0x00007ff866d60000 - 0x00007ff866d8d000 	C:\WINDOWS\SYSTEM32\DEVOBJ.dll
0x00007ff864ae0000 - 0x00007ff864b0e000 	C:\WINDOWS\SYSTEM32\dwmapi.dll
0x00007ff84ffd0000 - 0x00007ff8501ac000 	C:\WINDOWS\SYSTEM32\inputhost.dll
0x00007ff862540000 - 0x00007ff862665000 	C:\WINDOWS\SYSTEM32\CoreMessaging.dll
0x00007ff864510000 - 0x00007ff8645bd000 	C:\WINDOWS\system32\uxtheme.dll
0x00007ff869c00000 - 0x00007ff869d5b000 	C:\WINDOWS\System32\MSCTF.dll
0x00007ff8667a0000 - 0x00007ff8667ac000 	C:\WINDOWS\SYSTEM32\CRYPTBASE.DLL
0x00007ff834500000 - 0x00007ff83460c000 	C:\WINDOWS\SYSTEM32\opengl32.dll
0x00007ff840960000 - 0x00007ff84098d000 	C:\WINDOWS\SYSTEM32\GLU32.dll
0x00007ff8646f0000 - 0x00007ff864735000 	C:\WINDOWS\SYSTEM32\dxcore.dll
0x00007ff8521c0000 - 0x00007ff8521da000 	C:\WINDOWS\SYSTEM32\windows.staterepositorycore.dll
0x00007ffffd9b0000 - 0x00007ffffffe8000 	C:\WINDOWS\System32\DriverStore\FileRepository\nv_dispi.inf_amd64_ea7f458f0e49497d\nvoglv64.dll
0x00007ff8696c0000 - 0x00007ff869b45000 	C:\WINDOWS\System32\SETUPAPI.dll
0x00007ff862bf0000 - 0x00007ff862c05000 	C:\WINDOWS\SYSTEM32\WTSAPI32.dll
0x00007ff8668a0000 - 0x00007ff8668b3000 	C:\WINDOWS\SYSTEM32\msasn1.dll
0x00007ff85f860000 - 0x00007ff85f89b000 	C:\WINDOWS\SYSTEM32\cryptnet.dll
0x00007ff867910000 - 0x00007ff867a86000 	C:\WINDOWS\System32\CRYPT32.dll
0x00007ff866840000 - 0x00007ff86689d000 	C:\WINDOWS\SYSTEM32\wldp.dll
0x00007ff85e980000 - 0x00007ff85eaf7000 	C:\WINDOWS\SYSTEM32\drvstore.dll
0x00007ff867760000 - 0x00007ff8677da000 	C:\WINDOWS\System32\WINTRUST.dll
0x00007ff866100000 - 0x00007ff866135000 	C:\WINDOWS\SYSTEM32\ntmarta.dll
0x00007ff868780000 - 0x00007ff8687a0000 	C:\WINDOWS\System32\imagehlp.dll
0x00007ff866780000 - 0x00007ff86679c000 	C:\WINDOWS\SYSTEM32\CRYPTSP.dll
0x00007ff865f40000 - 0x00007ff865f78000 	C:\WINDOWS\system32\rsaenh.dll
0x00007ff8669c0000 - 0x00007ff8669e6000 	C:\WINDOWS\SYSTEM32\bcrypt.dll
0x00007ff85b110000 - 0x00007ff85de20000 	C:\WINDOWS\System32\DriverStore\FileRepository\nv_dispi.inf_amd64_ea7f458f0e49497d\nvgpucomp64.dll
0x00007ff835810000 - 0x00007ff835ae0000 	C:\WINDOWS\system32\nvspcap64.dll
0x00007ff866af0000 - 0x00007ff866b4e000 	C:\WINDOWS\SYSTEM32\WINSTA.dll
0x00007ff851f80000 - 0x00007ff8520c5000 	C:\WINDOWS\SYSTEM32\textinputframework.dll
0x00007ff85eb00000 - 0x00007ff85ede3000 	C:\WINDOWS\SYSTEM32\CoreUIComponents.dll
0x00007ff863110000 - 0x00007ff863278000 	C:\WINDOWS\SYSTEM32\wintypes.dll
0x00007ff83aec0000 - 0x00007ff83af21000 	C:\Users\digas\AppData\Local\Temp\lwjgl_TAS\3.3.4+7\x64\lwjgl_opengl.dll

dbghelp: loaded successfully - version: 4.0.5 - missing functions: none
symbol engine: initialized successfully - sym options: 0x614 - pdb path: .;C:\Program Files\Java\jdk-22\bin;C:\WINDOWS\SYSTEM32;C:\WINDOWS\WinSxS\amd64_microsoft.windows.common-controls_6595b64144ccf1df_6.0.26100.2161_none_3e0cadb0e33078e1;C:\Program Files\Java\jdk-22\bin\server;C:\Program Files\JetBrains\IntelliJ IDEA Community Edition 2024.2.4\bin;C:\Users\digas\AppData\Local\Temp\lwjgl_TAS\3.3.4+7\x64;C:\WINDOWS\System32\DriverStore\FileRepository\nv_dispi.inf_amd64_ea7f458f0e49497d

VM Arguments:
jvm_args: -javaagent:C:\Program Files\JetBrains\IntelliJ IDEA Community Edition 2024.2.4\lib\idea_rt.jar=51088:C:\Program Files\JetBrains\IntelliJ IDEA Community Edition 2024.2.4\bin -Dfile.encoding=UTF-8 -Dsun.stdout.encoding=UTF-8 -Dsun.stderr.encoding=UTF-8 
java_command: Main
java_class_path (initial): C:\Users\digas\IdeaProjects\Shaders\out\production\Shaders;C:\Users\digas\Downloads\CodeDraw.jar;C:\Users\digas\Downloads\lwjgl-release-3.3.4-custom\lwjgl-assimp-natives-windows.jar;C:\Users\digas\Downloads\lwjgl-release-3.3.4-custom\lwjgl-assimp.jar;C:\Users\digas\Downloads\lwjgl-release-3.3.4-custom\lwjgl-glfw-natives-windows.jar;C:\Users\digas\Downloads\lwjgl-release-3.3.4-custom\lwjgl-glfw.jar;C:\Users\digas\Downloads\lwjgl-release-3.3.4-custom\lwjgl-natives-windows.jar;C:\Users\digas\Downloads\lwjgl-release-3.3.4-custom\lwjgl-openal-natives-windows.jar;C:\Users\digas\Downloads\lwjgl-release-3.3.4-custom\lwjgl-openal.jar;C:\Users\digas\Downloads\lwjgl-release-3.3.4-custom\lwjgl-opengl-natives-windows.jar;C:\Users\digas\Downloads\lwjgl-release-3.3.4-custom\lwjgl-opengl.jar;C:\Users\digas\Downloads\lwjgl-release-3.3.4-custom\lwjgl-stb-natives-windows.jar;C:\Users\digas\Downloads\lwjgl-release-3.3.4-custom\lwjgl-stb.jar;C:\Users\digas\Downloads\lwjgl-release-3.3.4-custom\lwjgl.jar
Launcher Type: SUN_STANDARD

[Global flags]
     intx CICompilerCount                          = 12                                        {product} {ergonomic}
     uint ConcGCThreads                            = 3                                         {product} {ergonomic}
     uint G1ConcRefinementThreads                  = 13                                        {product} {ergonomic}
   size_t G1HeapRegionSize                         = 4194304                                   {product} {ergonomic}
   size_t InitialHeapSize                          = 524288000                                 {product} {ergonomic}
   size_t MarkStackSize                            = 4194304                                   {product} {ergonomic}
   size_t MaxHeapSize                              = 8363442176                                {product} {ergonomic}
   size_t MaxNewSize                               = 5016387584                                {product} {ergonomic}
   size_t MinHeapDeltaBytes                        = 4194304                                   {product} {ergonomic}
   size_t MinHeapSize                              = 8388608                                   {product} {ergonomic}
    uintx NonNMethodCodeHeapSize                   = 7602480                                {pd product} {ergonomic}
    uintx NonProfiledCodeHeapSize                  = 122027880                              {pd product} {ergonomic}
    uintx ProfiledCodeHeapSize                     = 122027880                              {pd product} {ergonomic}
    uintx ReservedCodeCacheSize                    = 251658240                              {pd product} {ergonomic}
     bool SegmentedCodeCache                       = true                                      {product} {ergonomic}
   size_t SoftMaxHeapSize                          = 8363442176                             {manageable} {ergonomic}
     bool UseCompressedOops                        = true                           {product lp64_product} {ergonomic}
     bool UseG1GC                                  = true                                      {product} {ergonomic}
     bool UseLargePagesIndividualAllocation        = false                                  {pd product} {ergonomic}

Logging:
Log output configuration:
 #0: stdout all=warning uptime,level,tags foldmultilines=false
 #1: stderr all=off uptime,level,tags foldmultilines=false

Environment Variables:
PATH=C:\Program Files\Common Files\Oracle\Java\javapath;C:\WINDOWS\system32;C:\WINDOWS;C:\WINDOWS\System32\Wbem;C:\WINDOWS\System32\WindowsPowerShell\v1.0\;C:\WINDOWS\System32\OpenSSH\;C:\Program Files (x86)\NVIDIA Corporation\PhysX\Common;C:\Program Files\NVIDIA Corporation\NVIDIA NvDLISR;C:\Program Files (x86)\Windows Kits\10\Windows Performance Toolkit\;C:\Program Files\dotnet\;C:\Users\digas\AppData\Local\Microsoft\WindowsApps;;C:\Users\digas\AppData\Local\Programs\Microsoft VS Code\bin
USERNAME=TAS
OS=Windows_NT
PROCESSOR_IDENTIFIER=AMD64 Family 25 Model 97 Stepping 2, AuthenticAMD
TMP=C:\Users\digas\AppData\Local\Temp
TEMP=C:\Users\digas\AppData\Local\Temp




Periodic native trim disabled

---------------  S Y S T E M  ---------------

OS:
 Windows 11 , 64 bit Build 26100 (10.0.26100.2161)
OS uptime: 0 days 3:13 hours

CPU: total 16 (initial active 16) (16 cores per cpu, 2 threads per core) family 25 model 97 stepping 2 microcode 0xa601203, cx8, cmov, fxsr, ht, mmx, 3dnowpref, sse, sse2, sse3, ssse3, sse4a, sse4.1, sse4.2, popcnt, lzcnt, tsc, tscinvbit, avx, avx2, aes, erms, clmul, bmi1, bmi2, adx, avx512f, avx512dq, avx512cd, avx512bw, avx512vl, sha, fma, vzeroupper, avx512_vpopcntdq, avx512_vpclmulqdq, avx512_vaes, avx512_vnni, clflush, clflushopt, avx512_vbmi2, avx512_vbmi, rdtscp, rdpid, fsrm, gfni, avx512_bitalg, f16c, pku, cet_ss, avx512_ifma
Processor Information for all 16 processors :
  Max Mhz: 3801, Current Mhz: 3801, Mhz Limit: 3801

Memory: 4k page, system-wide physical 31895M (22083M free)
TotalPageFile size 36503M (AvailPageFile size 23785M)
current process WorkingSet (physical memory assigned to process): 95M, peak: 95M
current process commit charge ("private bytes"): 677M, peak: 677M

vm_info: Java HotSpot(TM) 64-Bit Server VM (22.0.1+8-16) for windows-amd64 JRE (22.0.1+8-16), built on 2024-03-12T10:33:16Z by "mach5one" with MS VC++ 17.6 (VS2022)

END.
