#
# A fatal error has been detected by the Java Runtime Environment:
#
#  EXCEPTION_ACCESS_VIOLATION (0xc0000005) at pc=0x00007ff90c61ef7a, pid=6208, tid=4408
#
# JRE version: Java(TM) SE Runtime Environment (22.0.1+8) (build 22.0.1+8-16)
# Java VM: Java HotSpot(TM) 64-Bit Server VM (22.0.1+8-16, mixed mode, sharing, tiered, compressed oops, compressed class ptrs, g1 gc, windows-amd64)
# Problematic frame:
# C  [lwjgl_opengl.dll+0xef7a]
#
# No core dump will be written. Minidumps are not enabled by default on client versions of Windows
#
# If you would like to submit a bug report, please visit:
#   https://bugreport.java.com/bugreport/crash.jsp
# The crash happened outside the Java Virtual Machine in native code.
# See problematic frame for where to report the bug.
#

---------------  S U M M A R Y ------------

Command Line: -javaagent:C:\Program Files\JetBrains\IntelliJ IDEA Community Edition 2024.2.4\lib\idea_rt.jar=49885:C:\Program Files\JetBrains\IntelliJ IDEA Community Edition 2024.2.4\bin -Dfile.encoding=UTF-8 -Dsun.stdout.encoding=UTF-8 -Dsun.stderr.encoding=UTF-8 Main

Host: AMD Ryzen 7 7700 8-Core Processor              , 16 cores, 31G,  Windows 11 , 64 bit Build 26100 (10.0.26100.2161)
Time: Sun Dec  8 11:02:00 2024 W. Europe Standard Time elapsed time: 0.268010 seconds (0d 0h 0m 0s)

---------------  T H R E A D  ---------------

Current thread (0x000001e7aecc5130):  JavaThread "main"             [_thread_in_native, id=4408, stack(0x000000348e800000,0x000000348e900000) (1024K)]

Stack: [0x000000348e800000,0x000000348e900000],  sp=0x000000348e8feff8,  free space=1019k
Native frames: (J=compiled Java code, j=interpreted, Vv=VM code, C=native code)
C  [lwjgl_opengl.dll+0xef7a]  (no source info available)

Java frames: (J=compiled Java code, j=interpreted, Vv=VM code)
j  org.lwjgl.opengl.GL20C.glCreateShader(I)I+0
j  org.lwjgl.opengl.GL20.glCreateShader(I)I+1
j  shaderUtils.createShader(Ljava/lang/String;I)I+93
j  shaderUtils.init()V+33
j  Main.run()V+8
j  Main.main([Ljava/lang/String;)V+0
v  ~StubRoutines::call_stub 0x000001e7c06b100d

siginfo: EXCEPTION_ACCESS_VIOLATION (0xc0000005), reading address 0x0000000000000e38


Registers:
RAX=0x0000000000000000, RBX=0x000001e81754bff0, RCX=0x0000000000008b30, RDX=0x000000348e8ff080
RSP=0x000000348e8feff8, RBP=0x000000348e8ff070, RSI=0x0000000000000000, RDI=0x000001e7c06b88c0
R8 =0x0000000000008b30, R9 =0x0000000000000002, R10=0x000001e7c06bd098, R11=0x000000062c0b5858
R12=0x0000000000000000, R13=0x000001e81754bfe0, R14=0x000000348e8ff090, R15=0x000001e7aecc5130
RIP=0x00007ff90c61ef7a, EFLAGS=0x0000000000010206


Register to memory mapping:

RAX=0x0 is null
RBX={method} {0x000001e81754bff8} 'glCreateShader' '(I)I' in 'org/lwjgl/opengl/GL20C'
RCX=0x0000000000008b30 is an unknown value
RDX=0x000000348e8ff080 is pointing into the stack for thread: 0x000001e7aecc5130
RSP=0x000000348e8feff8 is pointing into the stack for thread: 0x000001e7aecc5130
RBP=0x000000348e8ff070 is pointing into the stack for thread: 0x000001e7aecc5130
RSI=0x0 is null
RDI=0x000001e7c06b88c0 is at code_begin+1280 in an Interpreter codelet
return entry points  [0x000001e7c06b83c0, 0x000001e7c06b9050]  3216 bytes
R8 =0x0000000000008b30 is an unknown value
R9 =0x0000000000000002 is an unknown value
R10=0x000001e7c06bd098 is at code_begin+1016 in an Interpreter codelet
native method entry point (kind = native)  [0x000001e7c06bcca0, 0x000001e7c06bd8c0]  3104 bytes
R11=0x000000062c0b5858 is an oop: java.lang.Class 
{0x000000062c0b5858} - klass: 'java/lang/Class'
 - ---- fields (total size 54 words):
 - private volatile transient 'classRedefinedCount' 'I' @12  0 (0x00000000)
 - injected 'klass' 'J' @16  2095256271632 (0x000001e7d7017b10)
 - injected 'array_klass' 'J' @24  0 (0x0000000000000000)
 - injected 'oop_size' 'I' @32  54 (0x00000036)
 - injected 'static_oop_field_count' 'I' @36  0 (0x00000000)
 - private volatile transient 'cachedConstructor' 'Ljava/lang/reflect/Constructor;' @40  null (0x00000000)
 - private transient 'name' 'Ljava/lang/String;' @44  "org.lwjgl.opengl.GL20C"{0x000000062c0b5a08} (0xc5816b41)
 - private transient 'module' 'Ljava/lang/Module;' @48  a 'java/lang/Module'{0x000000062c867660} (0xc590cecc)
 - private final 'classLoader' 'Ljava/lang/ClassLoader;' @52  a 'jdk/internal/loader/ClassLoaders$AppClassLoader'{0x000000062c8674a0} (0xc590ce94)
 - private transient 'classData' 'Ljava/lang/Object;' @56  null (0x00000000)
 - private transient 'packageName' 'Ljava/lang/String;' @60  "org.lwjgl.opengl"{0x000000062c761b38} (0xc58ec367)
 - private final 'componentType' 'Ljava/lang/Class;' @64  null (0x00000000)
 - private volatile transient 'reflectionData' 'Ljava/lang/ref/SoftReference;' @68  null (0x00000000)
 - private volatile transient 'genericInfo' 'Lsun/reflect/generics/repository/ClassRepository;' @72  null (0x00000000)
 - private volatile transient 'enumConstants' '[Ljava/lang/Object;' @76  null (0x00000000)
 - private volatile transient 'enumConstantDirectory' 'Ljava/util/Map;' @80  null (0x00000000)
 - private volatile transient 'annotationData' 'Ljava/lang/Class$AnnotationData;' @84  null (0x00000000)
 - private volatile transient 'annotationType' 'Lsun/reflect/annotation/AnnotationType;' @88  null (0x00000000)
 - transient 'classValueMap' 'Ljava/lang/ClassValue$ClassValueMap;' @92  null (0x00000000)
 - injected 'protection_domain' 'Ljava/lang/Object;' @96  a 'java/security/ProtectionDomain'{0x000000062c784df8} (0xc58f09bf)
 - injected 'signers_name' 'Ljava/lang/Object;' @100  null (0x00000000)
 - injected 'source_file' 'Ljava/lang/Object;' @104  null (0x00000000)
 - signature: Lorg/lwjgl/opengl/GL20C;
 - ---- static fields (0):
 - public static final 'GL_SHADING_LANGUAGE_VERSION' 'I' @112  35724 (0x00008b8c)
 - public static final 'GL_CURRENT_PROGRAM' 'I' @116  35725 (0x00008b8d)
 - public static final 'GL_SHADER_TYPE' 'I' @120  35663 (0x00008b4f)
 - public static final 'GL_DELETE_STATUS' 'I' @124  35712 (0x00008b80)
 - public static final 'GL_COMPILE_STATUS' 'I' @128  35713 (0x00008b81)
 - public static final 'GL_LINK_STATUS' 'I' @132  35714 (0x00008b82)
 - public static final 'GL_VALIDATE_STATUS' 'I' @136  35715 (0x00008b83)
 - public static final 'GL_INFO_LOG_LENGTH' 'I' @140  35716 (0x00008b84)
 - public static final 'GL_ATTACHED_SHADERS' 'I' @144  35717 (0x00008b85)
 - public static final 'GL_ACTIVE_UNIFORMS' 'I' @148  35718 (0x00008b86)
 - public static final 'GL_ACTIVE_UNIFORM_MAX_LENGTH' 'I' @152  35719 (0x00008b87)
 - public static final 'GL_ACTIVE_ATTRIBUTES' 'I' @156  35721 (0x00008b89)
 - public static final 'GL_ACTIVE_ATTRIBUTE_MAX_LENGTH' 'I' @160  35722 (0x00008b8a)
 - public static final 'GL_SHADER_SOURCE_LENGTH' 'I' @164  35720 (0x00008b88)
 - public static final 'GL_FLOAT_VEC2' 'I' @168  35664 (0x00008b50)
 - public static final 'GL_FLOAT_VEC3' 'I' @172  35665 (0x00008b51)
 - public static final 'GL_FLOAT_VEC4' 'I' @176  35666 (0x00008b52)
 - public static final 'GL_INT_VEC2' 'I' @180  35667 (0x00008b53)
 - public static final 'GL_INT_VEC3' 'I' @184  35668 (0x00008b54)
 - public static final 'GL_INT_VEC4' 'I' @188  35669 (0x00008b55)
 - public static final 'GL_BOOL' 'I' @192  35670 (0x00008b56)
 - public static final 'GL_BOOL_VEC2' 'I' @196  35671 (0x00008b57)
 - public static final 'GL_BOOL_VEC3' 'I' @200  35672 (0x00008b58)
 - public static final 'GL_BOOL_VEC4' 'I' @204  35673 (0x00008b59)
 - public static final 'GL_FLOAT_MAT2' 'I' @208  35674 (0x00008b5a)
 - public static final 'GL_FLOAT_MAT3' 'I' @212  35675 (0x00008b5b)
 - public static final 'GL_FLOAT_MAT4' 'I' @216  35676 (0x00008b5c)
 - public static final 'GL_SAMPLER_1D' 'I' @220  35677 (0x00008b5d)
 - public static final 'GL_SAMPLER_2D' 'I' @224  35678 (0x00008b5e)
 - public static final 'GL_SAMPLER_3D' 'I' @228  35679 (0x00008b5f)
 - public static final 'GL_SAMPLER_CUBE' 'I' @232  35680 (0x00008b60)
 - public static final 'GL_SAMPLER_1D_SHADOW' 'I' @236  35681 (0x00008b61)
 - public static final 'GL_SAMPLER_2D_SHADOW' 'I' @240  35682 (0x00008b62)
 - public static final 'GL_VERTEX_SHADER' 'I' @244  35633 (0x00008b31)
 - public static final 'GL_MAX_VERTEX_UNIFORM_COMPONENTS' 'I' @248  35658 (0x00008b4a)
 - public static final 'GL_MAX_VARYING_FLOATS' 'I' @252  35659 (0x00008b4b)
 - public static final 'GL_MAX_VERTEX_ATTRIBS' 'I' @256  34921 (0x00008869)
 - public static final 'GL_MAX_TEXTURE_IMAGE_UNITS' 'I' @260  34930 (0x00008872)
 - public static final 'GL_MAX_VERTEX_TEXTURE_IMAGE_UNITS' 'I' @264  35660 (0x00008b4c)
 - public static final 'GL_MAX_COMBINED_TEXTURE_IMAGE_UNITS' 'I' @268  35661 (0x00008b4d)
 - public static final 'GL_VERTEX_PROGRAM_POINT_SIZE' 'I' @272  34370 (0x00008642)
 - public static final 'GL_VERTEX_ATTRIB_ARRAY_ENABLED' 'I' @276  34338 (0x00008622)
 - public static final 'GL_VERTEX_ATTRIB_ARRAY_SIZE' 'I' @280  34339 (0x00008623)
 - public static final 'GL_VERTEX_ATTRIB_ARRAY_STRIDE' 'I' @284  34340 (0x00008624)
 - public static final 'GL_VERTEX_ATTRIB_ARRAY_TYPE' 'I' @288  34341 (0x00008625)
 - public static final 'GL_VERTEX_ATTRIB_ARRAY_NORMALIZED' 'I' @292  34922 (0x0000886a)
 - public static final 'GL_CURRENT_VERTEX_ATTRIB' 'I' @296  34342 (0x00008626)
 - public static final 'GL_VERTEX_ATTRIB_ARRAY_POINTER' 'I' @300  34373 (0x00008645)
 - public static final 'GL_FRAGMENT_SHADER' 'I' @304  35632 (0x00008b30)
 - public static final 'GL_MAX_FRAGMENT_UNIFORM_COMPONENTS' 'I' @308  35657 (0x00008b49)
 - public static final 'GL_FRAGMENT_SHADER_DERIVATIVE_HINT' 'I' @312  35723 (0x00008b8b)
 - public static final 'GL_MAX_DRAW_BUFFERS' 'I' @316  34852 (0x00008824)
 - public static final 'GL_DRAW_BUFFER0' 'I' @320  34853 (0x00008825)
 - public static final 'GL_DRAW_BUFFER1' 'I' @324  34854 (0x00008826)
 - public static final 'GL_DRAW_BUFFER2' 'I' @328  34855 (0x00008827)
 - public static final 'GL_DRAW_BUFFER3' 'I' @332  34856 (0x00008828)
 - public static final 'GL_DRAW_BUFFER4' 'I' @336  34857 (0x00008829)
 - public static final 'GL_DRAW_BUFFER5' 'I' @340  34858 (0x0000882a)
 - public static final 'GL_DRAW_BUFFER6' 'I' @344  34859 (0x0000882b)
 - public static final 'GL_DRAW_BUFFER7' 'I' @348  34860 (0x0000882c)
 - public static final 'GL_DRAW_BUFFER8' 'I' @352  34861 (0x0000882d)
 - public static final 'GL_DRAW_BUFFER9' 'I' @356  34862 (0x0000882e)
 - public static final 'GL_DRAW_BUFFER10' 'I' @360  34863 (0x0000882f)
 - public static final 'GL_DRAW_BUFFER11' 'I' @364  34864 (0x00008830)
 - public static final 'GL_DRAW_BUFFER12' 'I' @368  34865 (0x00008831)
 - public static final 'GL_DRAW_BUFFER13' 'I' @372  34866 (0x00008832)
 - public static final 'GL_DRAW_BUFFER14' 'I' @376  34867 (0x00008833)
 - public static final 'GL_DRAW_BUFFER15' 'I' @380  34868 (0x00008834)
 - public static final 'GL_POINT_SPRITE_COORD_ORIGIN' 'I' @384  36000 (0x00008ca0)
 - public static final 'GL_LOWER_LEFT' 'I' @388  36001 (0x00008ca1)
 - public static final 'GL_UPPER_LEFT' 'I' @392  36002 (0x00008ca2)
 - public static final 'GL_BLEND_EQUATION_RGB' 'I' @396  32777 (0x00008009)
 - public static final 'GL_BLEND_EQUATION_ALPHA' 'I' @400  34877 (0x0000883d)
 - public static final 'GL_STENCIL_BACK_FUNC' 'I' @404  34816 (0x00008800)
 - public static final 'GL_STENCIL_BACK_FAIL' 'I' @408  34817 (0x00008801)
 - public static final 'GL_STENCIL_BACK_PASS_DEPTH_FAIL' 'I' @412  34818 (0x00008802)
 - public static final 'GL_STENCIL_BACK_PASS_DEPTH_PASS' 'I' @416  34819 (0x00008803)
 - public static final 'GL_STENCIL_BACK_REF' 'I' @420  36003 (0x00008ca3)
 - public static final 'GL_STENCIL_BACK_VALUE_MASK' 'I' @424  36004 (0x00008ca4)
 - public static final 'GL_STENCIL_BACK_WRITEMASK' 'I' @428  36005 (0x00008ca5)
R12=0x0 is null
R13=0x000001e81754bfe0 is pointing into metadata
R14=0x000000348e8ff090 is pointing into the stack for thread: 0x000001e7aecc5130
R15=0x000001e7aecc5130 is a thread

Top of Stack: (sp=0x000000348e8feff8)
0x000000348e8feff8:   000001e7c06bd0c7 000001e81754bff0
0x000000348e8ff008:   0000000000000000 0000000000000000
0x000000348e8ff018:   fffffffffffffff5 000001e7c06bcd5b
0x000000348e8ff028:   fffffffffffffff7 000001e81754bfe0
0x000000348e8ff038:   0000000000000004 000001e817578fb0
0x000000348e8ff048:   0000000000000000 000000062c0b5858
0x000000348e8ff058:   000001e81754bff0 0000000000000000
0x000000348e8ff068:   000000348e8ff090 000000348e8ff0e0
0x000000348e8ff078:   000001e7c06b8a08 000000062c0b5858
0x000000348e8ff088:   000001e7c06ba515 0000000000008b30
0x000000348e8ff098:   fffffffffffffff7 000001e8174dc211
0x000000348e8ff0a8:   0000000000000002 000001e81753c458
0x000000348e8ff0b8:   0000000000000000 000000062c7d9b98
0x000000348e8ff0c8:   000001e8174dc238 fffffffffffffff6
0x000000348e8ff0d8:   000000348e8ff0f0 000000348e8ff140
0x000000348e8ff0e8:   000001e7c06b8a08 0000000000008b30
0x000000348e8ff0f8:   fffffffffffffff7 000001e817409685
0x000000348e8ff108:   0000000000000007 000001e81740a028
0x000000348e8ff118:   0000000000000000 000000062c4af3b0
0x000000348e8ff128:   000001e817409740 fffffffffffffff6
0x000000348e8ff138:   000000348e8ff170 000000348e8ff1c8
0x000000348e8ff148:   000001e7c06b8a08 0000000000000000
0x000000348e8ff158:   0000000000000000 000000062c75bec0
0x000000348e8ff168:   000000062c75bfe0 0000000000008b30
0x000000348e8ff178:   000000062c75b550 fffffffffffffff7
0x000000348e8ff188:   000001e817409471 0000000000000006
0x000000348e8ff198:   000001e81740a028 0000000000000000
0x000000348e8ff1a8:   000000062c4af3b0 000001e817409598
0x000000348e8ff1b8:   fffffffffffffff5 000000348e8ff200
0x000000348e8ff1c8:   000000348e8ff248 000001e7c06b88c0
0x000000348e8ff1d8:   0000000000000000 0000000000000000
0x000000348e8ff1e8:   0000000000000000 0000000000000000 

Instructions: (pc=0x00007ff90c61ef7a)
0x00007ff90c61ee7a:   cc cc cc cc cc cc 44 89 ca 48 8b 01 48 8b 40 18
0x00007ff90c61ee8a:   48 8b 80 f8 0d 00 00 44 89 c1 48 ff e0 cc cc cc
0x00007ff90c61ee9a:   cc cc cc cc cc cc 48 8b 01 48 8b 40 18 44 89 c1
0x00007ff90c61eeaa:   48 ff a0 00 0e 00 00 cc cc cc cc cc cc cc cc cc
0x00007ff90c61eeba:   cc cc cc cc cc cc 44 89 ca 44 89 c0 4c 8b 44 24
0x00007ff90c61eeca:   28 48 8b 09 48 8b 49 18 4c 8b 89 08 0e 00 00 89
0x00007ff90c61eeda:   c1 49 ff e1 cc cc 44 89 ca 44 89 c0 4c 8b 44 24
0x00007ff90c61eeea:   28 48 8b 09 48 8b 49 18 4c 8b 89 10 0e 00 00 89
0x00007ff90c61eefa:   c1 49 ff e1 cc cc 44 89 ca 44 89 c0 4c 8b 44 24
0x00007ff90c61ef0a:   28 48 8b 09 48 8b 49 18 4c 8b 89 18 0e 00 00 89
0x00007ff90c61ef1a:   c1 49 ff e1 cc cc 48 8b 01 48 8b 40 18 48 ff a0
0x00007ff90c61ef2a:   20 0e 00 00 cc cc 48 8b 01 48 8b 40 18 44 89 c1
0x00007ff90c61ef3a:   48 ff a0 28 0e 00 00 cc cc cc cc cc cc cc cc cc
0x00007ff90c61ef4a:   cc cc cc cc cc cc 48 8b 01 48 8b 40 18 44 89 c1
0x00007ff90c61ef5a:   48 ff a0 30 0e 00 00 cc cc cc cc cc cc cc cc cc
0x00007ff90c61ef6a:   cc cc cc cc cc cc 48 8b 01 48 8b 40 18 44 89 c1
0x00007ff90c61ef7a:   48 ff a0 38 0e 00 00 cc cc cc cc cc cc cc cc cc
0x00007ff90c61ef8a:   cc cc cc cc cc cc 48 8b 01 48 8b 40 18 44 89 c1
0x00007ff90c61ef9a:   48 ff a0 40 0e 00 00 cc cc cc cc cc cc cc cc cc
0x00007ff90c61efaa:   cc cc cc cc cc cc 48 8b 01 48 8b 40 18 44 89 c1
0x00007ff90c61efba:   48 ff a0 48 0e 00 00 cc cc cc cc cc cc cc cc cc
0x00007ff90c61efca:   cc cc cc cc cc cc 44 89 ca 48 8b 01 48 8b 40 18
0x00007ff90c61efda:   48 8b 80 50 0e 00 00 44 89 c1 48 ff e0 cc cc cc
0x00007ff90c61efea:   cc cc cc cc cc cc 44 89 ca 48 8b 01 48 8b 40 18
0x00007ff90c61effa:   48 8b 80 58 0e 00 00 44 89 c1 48 ff e0 cc cc cc
0x00007ff90c61f00a:   cc cc cc cc cc cc 44 89 ca 44 89 c0 4c 8b 44 24
0x00007ff90c61f01a:   28 4c 8b 4c 24 30 48 8b 09 48 8b 49 18 4c 8b 91
0x00007ff90c61f02a:   60 0e 00 00 89 c1 49 ff e2 cc cc cc cc cc cc cc
0x00007ff90c61f03a:   cc cc cc cc cc cc 48 8b 01 48 8b 40 18 44 89 c1
0x00007ff90c61f04a:   48 ff a0 68 0e 00 00 cc cc cc cc cc cc cc cc cc
0x00007ff90c61f05a:   cc cc cc cc cc cc 48 8b 01 48 8b 40 18 44 89 c1
0x00007ff90c61f06a:   48 ff a0 70 0e 00 00 cc cc cc cc cc cc cc cc cc 


Stack slot to memory mapping:

stack at sp + 0 slots: 0x000001e7c06bd0c7 is at code_begin+1063 in an Interpreter codelet
native method entry point (kind = native)  [0x000001e7c06bcca0, 0x000001e7c06bd8c0]  3104 bytes
stack at sp + 1 slots: {method} {0x000001e81754bff8} 'glCreateShader' '(I)I' in 'org/lwjgl/opengl/GL20C'
stack at sp + 2 slots: 0x0 is null
stack at sp + 3 slots: 0x0 is null
stack at sp + 4 slots: 0xfffffffffffffff5 is an unknown value
stack at sp + 5 slots: 0x000001e7c06bcd5b is at code_begin+187 in an Interpreter codelet
native method entry point (kind = native)  [0x000001e7c06bcca0, 0x000001e7c06bd8c0]  3104 bytes
stack at sp + 6 slots: 0xfffffffffffffff7 is an unknown value
stack at sp + 7 slots: 0x000001e81754bfe0 is pointing into metadata


---------------  P R O C E S S  ---------------

Threads class SMR info:
_java_thread_list=0x000001e7d59930c0, length=14, elements={
0x000001e7aecc5130, 0x000001e7d56b6a60, 0x000001e7d56b95e0, 0x000001e7d56be000,
0x000001e7d56c2140, 0x000001e7d56c27d0, 0x000001e7d56c2e60, 0x000001e7d56c0260,
0x000001e7d56f4290, 0x000001e7d57aeff0, 0x000001e7d56c0d90, 0x000001e7d5845630,
0x000001e7d56c4210, 0x000001e7d56c1420
}

Java Threads: ( => current thread )
=>0x000001e7aecc5130 JavaThread "main"                              [_thread_in_native, id=4408, stack(0x000000348e800000,0x000000348e900000) (1024K)]
  0x000001e7d56b6a60 JavaThread "Reference Handler"          daemon [_thread_blocked, id=9232, stack(0x000000348f000000,0x000000348f100000) (1024K)]
  0x000001e7d56b95e0 JavaThread "Finalizer"                  daemon [_thread_blocked, id=4680, stack(0x000000348f100000,0x000000348f200000) (1024K)]
  0x000001e7d56be000 JavaThread "Signal Dispatcher"          daemon [_thread_blocked, id=14764, stack(0x000000348f200000,0x000000348f300000) (1024K)]
  0x000001e7d56c2140 JavaThread "Attach Listener"            daemon [_thread_blocked, id=6112, stack(0x000000348f300000,0x000000348f400000) (1024K)]
  0x000001e7d56c27d0 JavaThread "Service Thread"             daemon [_thread_blocked, id=7472, stack(0x000000348f400000,0x000000348f500000) (1024K)]
  0x000001e7d56c2e60 JavaThread "Monitor Deflation Thread"   daemon [_thread_blocked, id=5936, stack(0x000000348f500000,0x000000348f600000) (1024K)]
  0x000001e7d56c0260 JavaThread "C2 CompilerThread0"         daemon [_thread_blocked, id=9760, stack(0x000000348f600000,0x000000348f700000) (1024K)]
  0x000001e7d56f4290 JavaThread "C1 CompilerThread0"         daemon [_thread_blocked, id=2084, stack(0x000000348f700000,0x000000348f800000) (1024K)]
  0x000001e7d57aeff0 JavaThread "C1 CompilerThread1"         daemon [_thread_blocked, id=2984, stack(0x000000348f800000,0x000000348f900000) (1024K)]
  0x000001e7d56c0d90 JavaThread "Common-Cleaner"             daemon [_thread_blocked, id=10256, stack(0x000000348f900000,0x000000348fa00000) (1024K)]
  0x000001e7d5845630 JavaThread "C1 CompilerThread2"         daemon [_thread_blocked, id=11200, stack(0x000000348fa00000,0x000000348fb00000) (1024K)]
  0x000001e7d56c4210 JavaThread "Monitor Ctrl-Break"         daemon [_thread_in_native, id=14896, stack(0x000000348fb00000,0x000000348fc00000) (1024K)]
  0x000001e7d56c1420 JavaThread "Notification Thread"        daemon [_thread_blocked, id=12976, stack(0x000000348fc00000,0x000000348fd00000) (1024K)]
Total: 14

Other Threads:
  0x000001e7d28c2f90 VMThread "VM Thread"                           [id=13600, stack(0x000000348ef00000,0x000000348f000000) (1024K)]
  0x000001e7d28a71b0 WatcherThread "VM Periodic Task Thread"        [id=14624, stack(0x000000348ee00000,0x000000348ef00000) (1024K)]
  0x000001e7b0f80740 WorkerThread "GC Thread#0"                     [id=10900, stack(0x000000348e900000,0x000000348ea00000) (1024K)]
  0x000001e7b0f91d00 ConcurrentGCThread "G1 Main Marker"            [id=2468, stack(0x000000348ea00000,0x000000348eb00000) (1024K)]
  0x000001e7b0f92720 WorkerThread "G1 Conc#0"                       [id=14340, stack(0x000000348eb00000,0x000000348ec00000) (1024K)]
  0x000001e7d2774150 ConcurrentGCThread "G1 Refine#0"               [id=11132, stack(0x000000348ec00000,0x000000348ed00000) (1024K)]
  0x000001e7d2776800 ConcurrentGCThread "G1 Service"                [id=5136, stack(0x000000348ed00000,0x000000348ee00000) (1024K)]
Total: 7

Threads with active compile tasks:
Total: 0

VM state: not at safepoint (normal execution)

VM Mutex/Monitor currently owned by a thread: None

Heap address: 0x000000060d800000, size: 7976 MB, Compressed Oops mode: Zero based, Oop shift amount: 3

CDS archive(s) mapped at: [0x000001e7d6000000-0x000001e7d6c60000-0x000001e7d6c60000), size 12976128, SharedBaseAddress: 0x000001e7d6000000, ArchiveRelocationMode: 1.
Compressed class space mapped at: 0x000001e7d7000000-0x000001e817000000, reserved size: 1073741824
Narrow klass base: 0x000001e7d6000000, Narrow klass shift: 0, Narrow klass range: 0x41000000

GC Precious Log:
 CardTable entry size: 512
 Card Set container configuration: InlinePtr #cards 4 size 8 Array Of Cards #cards 32 size 80 Howl #buckets 8 coarsen threshold 7372 Howl Bitmap #cards 1024 size 144 coarsen threshold 921 Card regions per heap region 1 cards per card region 8192
 CPUs: 16 total, 16 available
 Memory: 31895M
 Large Page Support: Disabled
 NUMA Support: Disabled
 Compressed Oops: Enabled (Zero based)
 Heap Region Size: 4M
 Heap Min Capacity: 8M
 Heap Initial Capacity: 500M
 Heap Max Capacity: 7976M
 Pre-touch: Disabled
 Parallel Workers: 13
 Concurrent Workers: 3
 Concurrent Refinement Workers: 13
 Periodic GC: Disabled

Heap:
 garbage-first heap   total reserved 8167424K, committed 512000K, used 8192K [0x000000060d800000, 0x0000000800000000)
  region size 4096K, 3 young (12288K), 0 survivors (0K)
 Metaspace       used 3168K, committed 3328K, reserved 1114112K
  class space    used 191K, committed 256K, reserved 1048576K

Heap Regions: E=young(eden), S=young(survivor), O=old, HS=humongous(starts), HC=humongous(continues), CS=collection set, F=free, TAMS=top-at-mark-start, PB=parsable bottom
|   0|0x000000060d800000, 0x000000060d800000, 0x000000060dc00000|  0%| F|  |TAMS 0x000000060d800000| PB 0x000000060d800000| Untracked |  0
|   1|0x000000060dc00000, 0x000000060dc00000, 0x000000060e000000|  0%| F|  |TAMS 0x000000060dc00000| PB 0x000000060dc00000| Untracked |  0
|   2|0x000000060e000000, 0x000000060e000000, 0x000000060e400000|  0%| F|  |TAMS 0x000000060e000000| PB 0x000000060e000000| Untracked |  0
|   3|0x000000060e400000, 0x000000060e400000, 0x000000060e800000|  0%| F|  |TAMS 0x000000060e400000| PB 0x000000060e400000| Untracked |  0
|   4|0x000000060e800000, 0x000000060e800000, 0x000000060ec00000|  0%| F|  |TAMS 0x000000060e800000| PB 0x000000060e800000| Untracked |  0
|   5|0x000000060ec00000, 0x000000060ec00000, 0x000000060f000000|  0%| F|  |TAMS 0x000000060ec00000| PB 0x000000060ec00000| Untracked |  0
|   6|0x000000060f000000, 0x000000060f000000, 0x000000060f400000|  0%| F|  |TAMS 0x000000060f000000| PB 0x000000060f000000| Untracked |  0
|   7|0x000000060f400000, 0x000000060f400000, 0x000000060f800000|  0%| F|  |TAMS 0x000000060f400000| PB 0x000000060f400000| Untracked |  0
|   8|0x000000060f800000, 0x000000060f800000, 0x000000060fc00000|  0%| F|  |TAMS 0x000000060f800000| PB 0x000000060f800000| Untracked |  0
|   9|0x000000060fc00000, 0x000000060fc00000, 0x0000000610000000|  0%| F|  |TAMS 0x000000060fc00000| PB 0x000000060fc00000| Untracked |  0
|  10|0x0000000610000000, 0x0000000610000000, 0x0000000610400000|  0%| F|  |TAMS 0x0000000610000000| PB 0x0000000610000000| Untracked |  0
|  11|0x0000000610400000, 0x0000000610400000, 0x0000000610800000|  0%| F|  |TAMS 0x0000000610400000| PB 0x0000000610400000| Untracked |  0
|  12|0x0000000610800000, 0x0000000610800000, 0x0000000610c00000|  0%| F|  |TAMS 0x0000000610800000| PB 0x0000000610800000| Untracked |  0
|  13|0x0000000610c00000, 0x0000000610c00000, 0x0000000611000000|  0%| F|  |TAMS 0x0000000610c00000| PB 0x0000000610c00000| Untracked |  0
|  14|0x0000000611000000, 0x0000000611000000, 0x0000000611400000|  0%| F|  |TAMS 0x0000000611000000| PB 0x0000000611000000| Untracked |  0
|  15|0x0000000611400000, 0x0000000611400000, 0x0000000611800000|  0%| F|  |TAMS 0x0000000611400000| PB 0x0000000611400000| Untracked |  0
|  16|0x0000000611800000, 0x0000000611800000, 0x0000000611c00000|  0%| F|  |TAMS 0x0000000611800000| PB 0x0000000611800000| Untracked |  0
|  17|0x0000000611c00000, 0x0000000611c00000, 0x0000000612000000|  0%| F|  |TAMS 0x0000000611c00000| PB 0x0000000611c00000| Untracked |  0
|  18|0x0000000612000000, 0x0000000612000000, 0x0000000612400000|  0%| F|  |TAMS 0x0000000612000000| PB 0x0000000612000000| Untracked |  0
|  19|0x0000000612400000, 0x0000000612400000, 0x0000000612800000|  0%| F|  |TAMS 0x0000000612400000| PB 0x0000000612400000| Untracked |  0
|  20|0x0000000612800000, 0x0000000612800000, 0x0000000612c00000|  0%| F|  |TAMS 0x0000000612800000| PB 0x0000000612800000| Untracked |  0
|  21|0x0000000612c00000, 0x0000000612c00000, 0x0000000613000000|  0%| F|  |TAMS 0x0000000612c00000| PB 0x0000000612c00000| Untracked |  0
|  22|0x0000000613000000, 0x0000000613000000, 0x0000000613400000|  0%| F|  |TAMS 0x0000000613000000| PB 0x0000000613000000| Untracked |  0
|  23|0x0000000613400000, 0x0000000613400000, 0x0000000613800000|  0%| F|  |TAMS 0x0000000613400000| PB 0x0000000613400000| Untracked |  0
|  24|0x0000000613800000, 0x0000000613800000, 0x0000000613c00000|  0%| F|  |TAMS 0x0000000613800000| PB 0x0000000613800000| Untracked |  0
|  25|0x0000000613c00000, 0x0000000613c00000, 0x0000000614000000|  0%| F|  |TAMS 0x0000000613c00000| PB 0x0000000613c00000| Untracked |  0
|  26|0x0000000614000000, 0x0000000614000000, 0x0000000614400000|  0%| F|  |TAMS 0x0000000614000000| PB 0x0000000614000000| Untracked |  0
|  27|0x0000000614400000, 0x0000000614400000, 0x0000000614800000|  0%| F|  |TAMS 0x0000000614400000| PB 0x0000000614400000| Untracked |  0
|  28|0x0000000614800000, 0x0000000614800000, 0x0000000614c00000|  0%| F|  |TAMS 0x0000000614800000| PB 0x0000000614800000| Untracked |  0
|  29|0x0000000614c00000, 0x0000000614c00000, 0x0000000615000000|  0%| F|  |TAMS 0x0000000614c00000| PB 0x0000000614c00000| Untracked |  0
|  30|0x0000000615000000, 0x0000000615000000, 0x0000000615400000|  0%| F|  |TAMS 0x0000000615000000| PB 0x0000000615000000| Untracked |  0
|  31|0x0000000615400000, 0x0000000615400000, 0x0000000615800000|  0%| F|  |TAMS 0x0000000615400000| PB 0x0000000615400000| Untracked |  0
|  32|0x0000000615800000, 0x0000000615800000, 0x0000000615c00000|  0%| F|  |TAMS 0x0000000615800000| PB 0x0000000615800000| Untracked |  0
|  33|0x0000000615c00000, 0x0000000615c00000, 0x0000000616000000|  0%| F|  |TAMS 0x0000000615c00000| PB 0x0000000615c00000| Untracked |  0
|  34|0x0000000616000000, 0x0000000616000000, 0x0000000616400000|  0%| F|  |TAMS 0x0000000616000000| PB 0x0000000616000000| Untracked |  0
|  35|0x0000000616400000, 0x0000000616400000, 0x0000000616800000|  0%| F|  |TAMS 0x0000000616400000| PB 0x0000000616400000| Untracked |  0
|  36|0x0000000616800000, 0x0000000616800000, 0x0000000616c00000|  0%| F|  |TAMS 0x0000000616800000| PB 0x0000000616800000| Untracked |  0
|  37|0x0000000616c00000, 0x0000000616c00000, 0x0000000617000000|  0%| F|  |TAMS 0x0000000616c00000| PB 0x0000000616c00000| Untracked |  0
|  38|0x0000000617000000, 0x0000000617000000, 0x0000000617400000|  0%| F|  |TAMS 0x0000000617000000| PB 0x0000000617000000| Untracked |  0
|  39|0x0000000617400000, 0x0000000617400000, 0x0000000617800000|  0%| F|  |TAMS 0x0000000617400000| PB 0x0000000617400000| Untracked |  0
|  40|0x0000000617800000, 0x0000000617800000, 0x0000000617c00000|  0%| F|  |TAMS 0x0000000617800000| PB 0x0000000617800000| Untracked |  0
|  41|0x0000000617c00000, 0x0000000617c00000, 0x0000000618000000|  0%| F|  |TAMS 0x0000000617c00000| PB 0x0000000617c00000| Untracked |  0
|  42|0x0000000618000000, 0x0000000618000000, 0x0000000618400000|  0%| F|  |TAMS 0x0000000618000000| PB 0x0000000618000000| Untracked |  0
|  43|0x0000000618400000, 0x0000000618400000, 0x0000000618800000|  0%| F|  |TAMS 0x0000000618400000| PB 0x0000000618400000| Untracked |  0
|  44|0x0000000618800000, 0x0000000618800000, 0x0000000618c00000|  0%| F|  |TAMS 0x0000000618800000| PB 0x0000000618800000| Untracked |  0
|  45|0x0000000618c00000, 0x0000000618c00000, 0x0000000619000000|  0%| F|  |TAMS 0x0000000618c00000| PB 0x0000000618c00000| Untracked |  0
|  46|0x0000000619000000, 0x0000000619000000, 0x0000000619400000|  0%| F|  |TAMS 0x0000000619000000| PB 0x0000000619000000| Untracked |  0
|  47|0x0000000619400000, 0x0000000619400000, 0x0000000619800000|  0%| F|  |TAMS 0x0000000619400000| PB 0x0000000619400000| Untracked |  0
|  48|0x0000000619800000, 0x0000000619800000, 0x0000000619c00000|  0%| F|  |TAMS 0x0000000619800000| PB 0x0000000619800000| Untracked |  0
|  49|0x0000000619c00000, 0x0000000619c00000, 0x000000061a000000|  0%| F|  |TAMS 0x0000000619c00000| PB 0x0000000619c00000| Untracked |  0
|  50|0x000000061a000000, 0x000000061a000000, 0x000000061a400000|  0%| F|  |TAMS 0x000000061a000000| PB 0x000000061a000000| Untracked |  0
|  51|0x000000061a400000, 0x000000061a400000, 0x000000061a800000|  0%| F|  |TAMS 0x000000061a400000| PB 0x000000061a400000| Untracked |  0
|  52|0x000000061a800000, 0x000000061a800000, 0x000000061ac00000|  0%| F|  |TAMS 0x000000061a800000| PB 0x000000061a800000| Untracked |  0
|  53|0x000000061ac00000, 0x000000061ac00000, 0x000000061b000000|  0%| F|  |TAMS 0x000000061ac00000| PB 0x000000061ac00000| Untracked |  0
|  54|0x000000061b000000, 0x000000061b000000, 0x000000061b400000|  0%| F|  |TAMS 0x000000061b000000| PB 0x000000061b000000| Untracked |  0
|  55|0x000000061b400000, 0x000000061b400000, 0x000000061b800000|  0%| F|  |TAMS 0x000000061b400000| PB 0x000000061b400000| Untracked |  0
|  56|0x000000061b800000, 0x000000061b800000, 0x000000061bc00000|  0%| F|  |TAMS 0x000000061b800000| PB 0x000000061b800000| Untracked |  0
|  57|0x000000061bc00000, 0x000000061bc00000, 0x000000061c000000|  0%| F|  |TAMS 0x000000061bc00000| PB 0x000000061bc00000| Untracked |  0
|  58|0x000000061c000000, 0x000000061c000000, 0x000000061c400000|  0%| F|  |TAMS 0x000000061c000000| PB 0x000000061c000000| Untracked |  0
|  59|0x000000061c400000, 0x000000061c400000, 0x000000061c800000|  0%| F|  |TAMS 0x000000061c400000| PB 0x000000061c400000| Untracked |  0
|  60|0x000000061c800000, 0x000000061c800000, 0x000000061cc00000|  0%| F|  |TAMS 0x000000061c800000| PB 0x000000061c800000| Untracked |  0
|  61|0x000000061cc00000, 0x000000061cc00000, 0x000000061d000000|  0%| F|  |TAMS 0x000000061cc00000| PB 0x000000061cc00000| Untracked |  0
|  62|0x000000061d000000, 0x000000061d000000, 0x000000061d400000|  0%| F|  |TAMS 0x000000061d000000| PB 0x000000061d000000| Untracked |  0
|  63|0x000000061d400000, 0x000000061d400000, 0x000000061d800000|  0%| F|  |TAMS 0x000000061d400000| PB 0x000000061d400000| Untracked |  0
|  64|0x000000061d800000, 0x000000061d800000, 0x000000061dc00000|  0%| F|  |TAMS 0x000000061d800000| PB 0x000000061d800000| Untracked |  0
|  65|0x000000061dc00000, 0x000000061dc00000, 0x000000061e000000|  0%| F|  |TAMS 0x000000061dc00000| PB 0x000000061dc00000| Untracked |  0
|  66|0x000000061e000000, 0x000000061e000000, 0x000000061e400000|  0%| F|  |TAMS 0x000000061e000000| PB 0x000000061e000000| Untracked |  0
|  67|0x000000061e400000, 0x000000061e400000, 0x000000061e800000|  0%| F|  |TAMS 0x000000061e400000| PB 0x000000061e400000| Untracked |  0
|  68|0x000000061e800000, 0x000000061e800000, 0x000000061ec00000|  0%| F|  |TAMS 0x000000061e800000| PB 0x000000061e800000| Untracked |  0
|  69|0x000000061ec00000, 0x000000061ec00000, 0x000000061f000000|  0%| F|  |TAMS 0x000000061ec00000| PB 0x000000061ec00000| Untracked |  0
|  70|0x000000061f000000, 0x000000061f000000, 0x000000061f400000|  0%| F|  |TAMS 0x000000061f000000| PB 0x000000061f000000| Untracked |  0
|  71|0x000000061f400000, 0x000000061f400000, 0x000000061f800000|  0%| F|  |TAMS 0x000000061f400000| PB 0x000000061f400000| Untracked |  0
|  72|0x000000061f800000, 0x000000061f800000, 0x000000061fc00000|  0%| F|  |TAMS 0x000000061f800000| PB 0x000000061f800000| Untracked |  0
|  73|0x000000061fc00000, 0x000000061fc00000, 0x0000000620000000|  0%| F|  |TAMS 0x000000061fc00000| PB 0x000000061fc00000| Untracked |  0
|  74|0x0000000620000000, 0x0000000620000000, 0x0000000620400000|  0%| F|  |TAMS 0x0000000620000000| PB 0x0000000620000000| Untracked |  0
|  75|0x0000000620400000, 0x0000000620400000, 0x0000000620800000|  0%| F|  |TAMS 0x0000000620400000| PB 0x0000000620400000| Untracked |  0
|  76|0x0000000620800000, 0x0000000620800000, 0x0000000620c00000|  0%| F|  |TAMS 0x0000000620800000| PB 0x0000000620800000| Untracked |  0
|  77|0x0000000620c00000, 0x0000000620c00000, 0x0000000621000000|  0%| F|  |TAMS 0x0000000620c00000| PB 0x0000000620c00000| Untracked |  0
|  78|0x0000000621000000, 0x0000000621000000, 0x0000000621400000|  0%| F|  |TAMS 0x0000000621000000| PB 0x0000000621000000| Untracked |  0
|  79|0x0000000621400000, 0x0000000621400000, 0x0000000621800000|  0%| F|  |TAMS 0x0000000621400000| PB 0x0000000621400000| Untracked |  0
|  80|0x0000000621800000, 0x0000000621800000, 0x0000000621c00000|  0%| F|  |TAMS 0x0000000621800000| PB 0x0000000621800000| Untracked |  0
|  81|0x0000000621c00000, 0x0000000621c00000, 0x0000000622000000|  0%| F|  |TAMS 0x0000000621c00000| PB 0x0000000621c00000| Untracked |  0
|  82|0x0000000622000000, 0x0000000622000000, 0x0000000622400000|  0%| F|  |TAMS 0x0000000622000000| PB 0x0000000622000000| Untracked |  0
|  83|0x0000000622400000, 0x0000000622400000, 0x0000000622800000|  0%| F|  |TAMS 0x0000000622400000| PB 0x0000000622400000| Untracked |  0
|  84|0x0000000622800000, 0x0000000622800000, 0x0000000622c00000|  0%| F|  |TAMS 0x0000000622800000| PB 0x0000000622800000| Untracked |  0
|  85|0x0000000622c00000, 0x0000000622c00000, 0x0000000623000000|  0%| F|  |TAMS 0x0000000622c00000| PB 0x0000000622c00000| Untracked |  0
|  86|0x0000000623000000, 0x0000000623000000, 0x0000000623400000|  0%| F|  |TAMS 0x0000000623000000| PB 0x0000000623000000| Untracked |  0
|  87|0x0000000623400000, 0x0000000623400000, 0x0000000623800000|  0%| F|  |TAMS 0x0000000623400000| PB 0x0000000623400000| Untracked |  0
|  88|0x0000000623800000, 0x0000000623800000, 0x0000000623c00000|  0%| F|  |TAMS 0x0000000623800000| PB 0x0000000623800000| Untracked |  0
|  89|0x0000000623c00000, 0x0000000623c00000, 0x0000000624000000|  0%| F|  |TAMS 0x0000000623c00000| PB 0x0000000623c00000| Untracked |  0
|  90|0x0000000624000000, 0x0000000624000000, 0x0000000624400000|  0%| F|  |TAMS 0x0000000624000000| PB 0x0000000624000000| Untracked |  0
|  91|0x0000000624400000, 0x0000000624400000, 0x0000000624800000|  0%| F|  |TAMS 0x0000000624400000| PB 0x0000000624400000| Untracked |  0
|  92|0x0000000624800000, 0x0000000624800000, 0x0000000624c00000|  0%| F|  |TAMS 0x0000000624800000| PB 0x0000000624800000| Untracked |  0
|  93|0x0000000624c00000, 0x0000000624c00000, 0x0000000625000000|  0%| F|  |TAMS 0x0000000624c00000| PB 0x0000000624c00000| Untracked |  0
|  94|0x0000000625000000, 0x0000000625000000, 0x0000000625400000|  0%| F|  |TAMS 0x0000000625000000| PB 0x0000000625000000| Untracked |  0
|  95|0x0000000625400000, 0x0000000625400000, 0x0000000625800000|  0%| F|  |TAMS 0x0000000625400000| PB 0x0000000625400000| Untracked |  0
|  96|0x0000000625800000, 0x0000000625800000, 0x0000000625c00000|  0%| F|  |TAMS 0x0000000625800000| PB 0x0000000625800000| Untracked |  0
|  97|0x0000000625c00000, 0x0000000625c00000, 0x0000000626000000|  0%| F|  |TAMS 0x0000000625c00000| PB 0x0000000625c00000| Untracked |  0
|  98|0x0000000626000000, 0x0000000626000000, 0x0000000626400000|  0%| F|  |TAMS 0x0000000626000000| PB 0x0000000626000000| Untracked |  0
|  99|0x0000000626400000, 0x0000000626400000, 0x0000000626800000|  0%| F|  |TAMS 0x0000000626400000| PB 0x0000000626400000| Untracked |  0
| 100|0x0000000626800000, 0x0000000626800000, 0x0000000626c00000|  0%| F|  |TAMS 0x0000000626800000| PB 0x0000000626800000| Untracked |  0
| 101|0x0000000626c00000, 0x0000000626c00000, 0x0000000627000000|  0%| F|  |TAMS 0x0000000626c00000| PB 0x0000000626c00000| Untracked |  0
| 102|0x0000000627000000, 0x0000000627000000, 0x0000000627400000|  0%| F|  |TAMS 0x0000000627000000| PB 0x0000000627000000| Untracked |  0
| 103|0x0000000627400000, 0x0000000627400000, 0x0000000627800000|  0%| F|  |TAMS 0x0000000627400000| PB 0x0000000627400000| Untracked |  0
| 104|0x0000000627800000, 0x0000000627800000, 0x0000000627c00000|  0%| F|  |TAMS 0x0000000627800000| PB 0x0000000627800000| Untracked |  0
| 105|0x0000000627c00000, 0x0000000627c00000, 0x0000000628000000|  0%| F|  |TAMS 0x0000000627c00000| PB 0x0000000627c00000| Untracked |  0
| 106|0x0000000628000000, 0x0000000628000000, 0x0000000628400000|  0%| F|  |TAMS 0x0000000628000000| PB 0x0000000628000000| Untracked |  0
| 107|0x0000000628400000, 0x0000000628400000, 0x0000000628800000|  0%| F|  |TAMS 0x0000000628400000| PB 0x0000000628400000| Untracked |  0
| 108|0x0000000628800000, 0x0000000628800000, 0x0000000628c00000|  0%| F|  |TAMS 0x0000000628800000| PB 0x0000000628800000| Untracked |  0
| 109|0x0000000628c00000, 0x0000000628c00000, 0x0000000629000000|  0%| F|  |TAMS 0x0000000628c00000| PB 0x0000000628c00000| Untracked |  0
| 110|0x0000000629000000, 0x0000000629000000, 0x0000000629400000|  0%| F|  |TAMS 0x0000000629000000| PB 0x0000000629000000| Untracked |  0
| 111|0x0000000629400000, 0x0000000629400000, 0x0000000629800000|  0%| F|  |TAMS 0x0000000629400000| PB 0x0000000629400000| Untracked |  0
| 112|0x0000000629800000, 0x0000000629800000, 0x0000000629c00000|  0%| F|  |TAMS 0x0000000629800000| PB 0x0000000629800000| Untracked |  0
| 113|0x0000000629c00000, 0x0000000629c00000, 0x000000062a000000|  0%| F|  |TAMS 0x0000000629c00000| PB 0x0000000629c00000| Untracked |  0
| 114|0x000000062a000000, 0x000000062a000000, 0x000000062a400000|  0%| F|  |TAMS 0x000000062a000000| PB 0x000000062a000000| Untracked |  0
| 115|0x000000062a400000, 0x000000062a400000, 0x000000062a800000|  0%| F|  |TAMS 0x000000062a400000| PB 0x000000062a400000| Untracked |  0
| 116|0x000000062a800000, 0x000000062a800000, 0x000000062ac00000|  0%| F|  |TAMS 0x000000062a800000| PB 0x000000062a800000| Untracked |  0
| 117|0x000000062ac00000, 0x000000062ac00000, 0x000000062b000000|  0%| F|  |TAMS 0x000000062ac00000| PB 0x000000062ac00000| Untracked |  0
| 118|0x000000062b000000, 0x000000062b000000, 0x000000062b400000|  0%| F|  |TAMS 0x000000062b000000| PB 0x000000062b000000| Untracked |  0
| 119|0x000000062b400000, 0x000000062b400000, 0x000000062b800000|  0%| F|  |TAMS 0x000000062b400000| PB 0x000000062b400000| Untracked |  0
| 120|0x000000062b800000, 0x000000062b800000, 0x000000062bc00000|  0%| F|  |TAMS 0x000000062b800000| PB 0x000000062b800000| Untracked |  0
| 121|0x000000062bc00000, 0x000000062bc00000, 0x000000062c000000|  0%| F|  |TAMS 0x000000062bc00000| PB 0x000000062bc00000| Untracked |  0
| 122|0x000000062c000000, 0x000000062c0fa440, 0x000000062c400000| 24%| E|  |TAMS 0x000000062c000000| PB 0x000000062c000000| Complete |  0
| 123|0x000000062c400000, 0x000000062c800000, 0x000000062c800000|100%| E|CS|TAMS 0x000000062c400000| PB 0x000000062c400000| Complete |  0
| 124|0x000000062c800000, 0x000000062cc00000, 0x000000062cc00000|100%| E|CS|TAMS 0x000000062c800000| PB 0x000000062c800000| Complete |  0

Card table byte_map: [0x000001e7c9a90000,0x000001e7caa30000] _byte_map_base: 0x000001e7c6a24000

Marking Bits: (CMBitMap*) 0x000001e7b0f80c60
 Bits: [0x000001e7caa30000, 0x000001e7d26d0000)

Polling page: 0x000001e7aee60000

Metaspace:

Usage:
  Non-class:      2.91 MB used.
      Class:    191.03 KB used.
       Both:      3.09 MB used.

Virtual space:
  Non-class space:       64.00 MB reserved,       3.00 MB (  5%) committed,  1 nodes.
      Class space:        1.00 GB reserved,     256.00 KB ( <1%) committed,  1 nodes.
             Both:        1.06 GB reserved,       3.25 MB ( <1%) committed. 

Chunk freelists:
   Non-Class:  10.52 MB
       Class:  15.66 MB
        Both:  26.18 MB

MaxMetaspaceSize: unlimited
CompressedClassSpaceSize: 1.00 GB
Initial GC threshold: 21.00 MB
Current GC threshold: 21.00 MB
CDS: on
 - commit_granule_bytes: 65536.
 - commit_granule_words: 8192.
 - virtual_space_node_default_size: 8388608.
 - enlarge_chunks_in_place: 1.
 - use_allocation_guard: 0.


Internal statistics:

num_allocs_failed_limit: 0.
num_arena_births: 76.
num_arena_deaths: 0.
num_vsnodes_births: 2.
num_vsnodes_deaths: 0.
num_space_committed: 52.
num_space_uncommitted: 0.
num_chunks_returned_to_freelist: 0.
num_chunks_taken_from_freelist: 149.
num_chunk_merges: 0.
num_chunk_splits: 103.
num_chunks_enlarged: 71.
num_inconsistent_stats: 0.

CodeHeap 'non-profiled nmethods': size=119168Kb used=169Kb max_used=169Kb free=118998Kb
 bounds [0x000001e7c0e00000, 0x000001e7c1070000, 0x000001e7c8260000]
CodeHeap 'profiled nmethods': size=119104Kb used=853Kb max_used=853Kb free=118250Kb
 bounds [0x000001e7b9260000, 0x000001e7b94d0000, 0x000001e7c06b0000]
CodeHeap 'non-nmethods': size=7488Kb used=3531Kb max_used=3545Kb free=3956Kb
 bounds [0x000001e7c06b0000, 0x000001e7c0a30000, 0x000001e7c0e00000]
 total_blobs=1678 nmethods=616 adapters=965
 compilation: enabled
              stopped_count=0, restarted_count=0
 full_count=0

Compilation events (20 events):
Event: 0.251 Thread 0x000001e7d56f4290 nmethod 601 0x000001e7b9331110 code [0x000001e7b93312c0, 0x000001e7b9331518]
Event: 0.251 Thread 0x000001e7d57aeff0 nmethod 600 0x000001e7b9331610 code [0x000001e7b93317a0, 0x000001e7b9331918]
Event: 0.251 Thread 0x000001e7d5845630  604       3       java.lang.invoke.MethodType::insertParameterTypes (121 bytes)
Event: 0.251 Thread 0x000001e7d57aeff0  607       3       java.lang.invoke.MemberName::<init> (50 bytes)
Event: 0.251 Thread 0x000001e7d57aeff0 nmethod 607 0x000001e7b9331990 code [0x000001e7b9331b80, 0x000001e7b9331ea0]
Event: 0.251 Thread 0x000001e7d57aeff0  608       3       java.lang.ref.SoftReference::get (29 bytes)
Event: 0.251 Thread 0x000001e7d57aeff0 nmethod 608 0x000001e7b9332010 code [0x000001e7b93321a0, 0x000001e7b9332360]
Event: 0.251 Thread 0x000001e7d5845630 nmethod 604 0x000001e7b9332410 code [0x000001e7b9332700, 0x000001e7b93335f0]
Event: 0.252 Thread 0x000001e7d5845630  611       3       sun.misc.Unsafe::putLong (11 bytes)
Event: 0.252 Thread 0x000001e7d56f4290  612       3       org.lwjgl.system.MemoryUtil::memPutAddress (29 bytes)
Event: 0.252 Thread 0x000001e7d5845630 nmethod 611 0x000001e7b9333b90 code [0x000001e7b9333d20, 0x000001e7b9333e30]
Event: 0.252 Thread 0x000001e7d56c0260  613       4       java.lang.Integer::toUnsignedLong (7 bytes)
Event: 0.252 Thread 0x000001e7d56f4290 nmethod 612 0x000001e7b9333f10 code [0x000001e7b93340c0, 0x000001e7b93342b8]
Event: 0.252 Thread 0x000001e7d56c0260 nmethod 613 0x000001e7c0e29f90 code [0x000001e7c0e2a100, 0x000001e7c0e2a168]
Event: 0.252 Thread 0x000001e7d56f4290  614       3       java.util.Arrays::rangeCheck (74 bytes)
Event: 0.253 Thread 0x000001e7d56f4290 nmethod 614 0x000001e7b9334390 code [0x000001e7b9334640, 0x000001e7b9334f68]
Event: 0.253 Thread 0x000001e7d56f4290  615       1       java.security.CodeSource::getLocation (5 bytes)
Event: 0.253 Thread 0x000001e7d56f4290 nmethod 615 0x000001e7c0e2a290 code [0x000001e7c0e2a420, 0x000001e7c0e2a4f0]
Event: 0.253 Thread 0x000001e7d56f4290  616       3       java.io.InputStream::<init> (5 bytes)
Event: 0.253 Thread 0x000001e7d56f4290 nmethod 616 0x000001e7b9335310 code [0x000001e7b93354a0, 0x000001e7b9335608]

GC Heap History (0 events):
No events

Dll operation events (12 events):
Event: 0.005 Loaded shared library C:\Program Files\Java\jdk-22\bin\java.dll
Event: 0.019 Loaded shared library C:\Program Files\Java\jdk-22\bin\jsvml.dll
Event: 0.038 Loaded shared library C:\Program Files\Java\jdk-22\bin\zip.dll
Event: 0.039 Loaded shared library C:\Program Files\Java\jdk-22\bin\instrument.dll
Event: 0.041 Loaded shared library C:\Program Files\Java\jdk-22\bin\net.dll
Event: 0.042 Loaded shared library C:\Program Files\Java\jdk-22\bin\nio.dll
Event: 0.044 Loaded shared library C:\Program Files\Java\jdk-22\bin\zip.dll
Event: 0.054 Loaded shared library C:\Program Files\JetBrains\IntelliJ IDEA Community Edition 2024.2.4\bin\breakgen64.dll
Event: 0.059 Loaded shared library C:\Program Files\Java\jdk-22\bin\extnet.dll
Event: 0.071 Loaded shared library C:\Program Files\Java\jdk-22\bin\jimage.dll
Event: 0.081 Loaded shared library C:\Users\digas\AppData\Local\Temp\lwjgl_TAS\3.3.4+7\x64\lwjgl.dll
Event: 0.248 Loaded shared library C:\Users\digas\AppData\Local\Temp\lwjgl_TAS\3.3.4+7\x64\lwjgl_opengl.dll

Deoptimization events (6 events):
Event: 0.055 Thread 0x000001e7aecc5130 Uncommon trap: trap_request=0xffffff45 fr.pc=0x000001e7c0e10264 relative=0x00000000000000c4
Event: 0.055 Thread 0x000001e7aecc5130 Uncommon trap: reason=unstable_if action=reinterpret pc=0x000001e7c0e10264 method=java.lang.String.isLatin1()Z @ 10 c2
Event: 0.055 Thread 0x000001e7aecc5130 DEOPT PACKING pc=0x000001e7c0e10264 sp=0x000000348e8fedc0
Event: 0.055 Thread 0x000001e7aecc5130 DEOPT UNPACKING pc=0x000001e7c0707da2 sp=0x000000348e8fed00 mode 2
Event: 0.238 Thread 0x000001e7aecc5130 DEOPT PACKING pc=0x000001e7b928fbfc sp=0x000000348e8fded0
Event: 0.238 Thread 0x000001e7aecc5130 DEOPT UNPACKING pc=0x000001e7c07088e2 sp=0x000000348e8fd2f0 mode 0

Classes loaded (20 events):
Event: 0.096 Loading class sun/misc/Unsafe
Event: 0.096 Loading class sun/misc/Unsafe done
Event: 0.096 Loading class java/lang/invoke/DirectMethodHandle$StaticAccessor
Event: 0.096 Loading class java/lang/invoke/DirectMethodHandle$StaticAccessor done
Event: 0.097 Loading class java/util/function/LongPredicate
Event: 0.097 Loading class java/util/function/LongPredicate done
Event: 0.098 Loading class java/lang/foreign/MemorySegment
Event: 0.098 Loading class java/lang/foreign/MemorySegment done
Event: 0.100 Loading class java/nio/InvalidMarkException
Event: 0.100 Loading class java/nio/InvalidMarkException done
Event: 0.100 Loading class java/nio/BufferUnderflowException
Event: 0.100 Loading class java/nio/BufferUnderflowException done
Event: 0.101 Loading class java/lang/IndexOutOfBoundsException
Event: 0.101 Loading class java/lang/IndexOutOfBoundsException done
Event: 0.247 Loading class jdk/internal/foreign/MemorySessionImpl
Event: 0.247 Loading class java/lang/foreign/MemorySegment$Scope
Event: 0.247 Loading class java/lang/foreign/MemorySegment$Scope done
Event: 0.247 Loading class jdk/internal/foreign/MemorySessionImpl done
Event: 0.251 Loading class java/util/Formatter$FixedString
Event: 0.251 Loading class java/util/Formatter$FixedString done

Classes unloaded (0 events):
No events

Classes redefined (0 events):
No events

Internal exceptions (20 events):
Event: 0.066 Thread 0x000001e7aecc5130 Exception <a 'java/lang/NoSuchMethodError'{0x000000062c5e8488}: 'java.lang.Object java.lang.invoke.DirectMethodHandle$Holder.invokeStatic(java.lang.Object, java.lang.Object, int)'> (0x000000062c5e8488) 
thrown [s\open\src\hotspot\share\interpreter\linkResolver.cpp, line 774]
Event: 0.067 Thread 0x000001e7aecc5130 Exception <a 'java/lang/NoSuchMethodError'{0x000000062c5f42e0}: 'void java.lang.invoke.DelegatingMethodHandle$Holder.delegate(java.lang.Object, java.lang.Object, int, java.lang.Object)'> (0x000000062c5f42e0) 
thrown [s\open\src\hotspot\share\interpreter\linkResolver.cpp, line 774]
Event: 0.067 Thread 0x000001e7aecc5130 Exception <a 'java/lang/NoSuchMethodError'{0x000000062c5f8070}: 'int java.lang.invoke.DirectMethodHandle$Holder.invokeSpecial(java.lang.Object, java.lang.Object, java.lang.Object)'> (0x000000062c5f8070) 
thrown [s\open\src\hotspot\share\interpreter\linkResolver.cpp, line 774]
Event: 0.069 Thread 0x000001e7aecc5130 Exception <a 'java/lang/NoSuchMethodError'{0x000000062c6115a0}: 'void java.lang.System.loadLibrary(java.lang.String, java.lang.Class)'> (0x000000062c6115a0) 
thrown [s\open\src\hotspot\share\interpreter\linkResolver.cpp, line 774]
Event: 0.084 Thread 0x000001e7aecc5130 Exception <a 'sun/nio/fs/WindowsException'{0x000000062c648978}> (0x000000062c648978) 
thrown [s\open\src\hotspot\share\prims\jni.cpp, line 520]
Event: 0.084 Thread 0x000001e7aecc5130 Exception <a 'sun/nio/fs/WindowsException'{0x000000062c648e98}> (0x000000062c648e98) 
thrown [s\open\src\hotspot\share\prims\jni.cpp, line 520]
Event: 0.093 Thread 0x000001e7aecc5130 Exception <a 'sun/nio/fs/WindowsException'{0x000000062c679590}> (0x000000062c679590) 
thrown [s\open\src\hotspot\share\prims\jni.cpp, line 520]
Event: 0.093 Thread 0x000001e7aecc5130 Exception <a 'sun/nio/fs/WindowsException'{0x000000062c6798e8}> (0x000000062c6798e8) 
thrown [s\open\src\hotspot\share\prims\jni.cpp, line 520]
Event: 0.097 Thread 0x000001e7aecc5130 Exception <a 'java/lang/NoSuchMethodError'{0x000000062c6c9730}: 'int java.lang.invoke.DirectMethodHandle$Holder.invokeStaticInit(java.lang.Object, java.lang.Object, int, long)'> (0x000000062c6c9730) 
thrown [s\open\src\hotspot\share\interpreter\linkResolver.cpp, line 774]
Event: 0.097 Thread 0x000001e7aecc5130 Exception <a 'java/lang/NoSuchMethodError'{0x000000062c6ce838}: 'java.lang.Object java.lang.invoke.DirectMethodHandle$Holder.newInvokeSpecial(java.lang.Object, java.lang.Object, int)'> (0x000000062c6ce838) 
thrown [s\open\src\hotspot\share\interpreter\linkResolver.cpp, line 774]
Event: 0.098 Thread 0x000001e7aecc5130 Exception <a 'java/lang/NoSuchMethodError'{0x000000062c6ddc18}: 'int java.lang.invoke.DirectMethodHandle$Holder.invokeStaticInit(java.lang.Object, java.lang.Object, long, long)'> (0x000000062c6ddc18) 
thrown [s\open\src\hotspot\share\interpreter\linkResolver.cpp, line 774]
Event: 0.099 Thread 0x000001e7aecc5130 Exception <a 'java/lang/NoSuchMethodError'{0x000000062c6e38e8}: 'java.lang.Object java.lang.invoke.DirectMethodHandle$Holder.newInvokeSpecial(java.lang.Object, java.lang.Object, long)'> (0x000000062c6e38e8) 
thrown [s\open\src\hotspot\share\interpreter\linkResolver.cpp, line 774]
Event: 0.099 Thread 0x000001e7aecc5130 Exception <a 'java/lang/NoSuchMethodError'{0x000000062c6e7a40}: 'java.lang.Object java.lang.invoke.Invokers$Holder.linkToTargetMethod(java.lang.Object, long, java.lang.Object)'> (0x000000062c6e7a40) 
thrown [s\open\src\hotspot\share\interpreter\linkResolver.cpp, line 774]
Event: 0.099 Thread 0x000001e7aecc5130 Exception <a 'java/lang/NoSuchMethodError'{0x000000062c6eec68}: 'int java.lang.invoke.DirectMethodHandle$Holder.invokeStaticInit(java.lang.Object, java.lang.Object, java.lang.Object, long)'> (0x000000062c6eec68) 
thrown [s\open\src\hotspot\share\interpreter\linkResolver.cpp, line 774]
Event: 0.244 Thread 0x000001e7aecc5130 Exception <a 'java/lang/NoSuchMethodError'{0x000000062c00d370}: 'void java.lang.System.load(java.lang.String, java.lang.Class)'> (0x000000062c00d370) 
thrown [s\open\src\hotspot\share\interpreter\linkResolver.cpp, line 774]
Event: 0.245 Thread 0x000001e7aecc5130 Exception <a 'java/lang/NoSuchMethodError'{0x000000062c00fdc0}: 'void java.lang.System.loadLibrary(java.lang.String, java.lang.Class)'> (0x000000062c00fdc0) 
thrown [s\open\src\hotspot\share\interpreter\linkResolver.cpp, line 774]
Event: 0.247 Thread 0x000001e7aecc5130 Exception <a 'sun/nio/fs/WindowsException'{0x000000062c01ea38}> (0x000000062c01ea38) 
thrown [s\open\src\hotspot\share\prims\jni.cpp, line 520]
Event: 0.247 Thread 0x000001e7aecc5130 Exception <a 'sun/nio/fs/WindowsException'{0x000000062c01edc8}> (0x000000062c01edc8) 
thrown [s\open\src\hotspot\share\prims\jni.cpp, line 520]
Event: 0.250 Thread 0x000001e7aecc5130 Exception <a 'sun/nio/fs/WindowsException'{0x000000062c028c98}> (0x000000062c028c98) 
thrown [s\open\src\hotspot\share\prims\jni.cpp, line 520]
Event: 0.250 Thread 0x000001e7aecc5130 Exception <a 'sun/nio/fs/WindowsException'{0x000000062c028f68}> (0x000000062c028f68) 
thrown [s\open\src\hotspot\share\prims\jni.cpp, line 520]

ZGC Phase Switch (0 events):
No events

VM Operations (6 events):
Event: 0.032 Executing VM operation: HandshakeAllThreads (Deoptimize)
Event: 0.032 Executing VM operation: HandshakeAllThreads (Deoptimize) done
Event: 0.078 Executing VM operation: HandshakeAllThreads (Deoptimize)
Event: 0.078 Executing VM operation: HandshakeAllThreads (Deoptimize) done
Event: 0.084 Executing VM operation: HandshakeAllThreads (Deoptimize)
Event: 0.084 Executing VM operation: HandshakeAllThreads (Deoptimize) done

Events (14 events):
Event: 0.011 Thread 0x000001e7aecc5130 Thread added: 0x000001e7aecc5130
Event: 0.018 Thread 0x000001e7d56b6a60 Thread added: 0x000001e7d56b6a60
Event: 0.018 Thread 0x000001e7d56b95e0 Thread added: 0x000001e7d56b95e0
Event: 0.018 Thread 0x000001e7d56be000 Thread added: 0x000001e7d56be000
Event: 0.018 Thread 0x000001e7d56c2140 Thread added: 0x000001e7d56c2140
Event: 0.018 Thread 0x000001e7d56c27d0 Thread added: 0x000001e7d56c27d0
Event: 0.018 Thread 0x000001e7d56c2e60 Thread added: 0x000001e7d56c2e60
Event: 0.018 Thread 0x000001e7d56c0260 Thread added: 0x000001e7d56c0260
Event: 0.018 Thread 0x000001e7d56f4290 Thread added: 0x000001e7d56f4290
Event: 0.021 Thread 0x000001e7d57aeff0 Thread added: 0x000001e7d57aeff0
Event: 0.030 Thread 0x000001e7d56c0d90 Thread added: 0x000001e7d56c0d90
Event: 0.033 Thread 0x000001e7d5845630 Thread added: 0x000001e7d5845630
Event: 0.055 Thread 0x000001e7d56c4210 Thread added: 0x000001e7d56c4210
Event: 0.055 Thread 0x000001e7d56c1420 Thread added: 0x000001e7d56c1420


Dynamic libraries:
0x00007ff72ed00000 - 0x00007ff72ed10000 	C:\Program Files\Java\jdk-22\bin\java.exe
0x00007ff934480000 - 0x00007ff9346e3000 	C:\WINDOWS\SYSTEM32\ntdll.dll
0x00007ff9322f0000 - 0x00007ff9323b8000 	C:\WINDOWS\System32\KERNEL32.DLL
0x00007ff931920000 - 0x00007ff931cd1000 	C:\WINDOWS\System32\KERNELBASE.dll
0x00007ff931f80000 - 0x00007ff9320cb000 	C:\WINDOWS\System32\ucrtbase.dll
0x00007ff92d080000 - 0x00007ff92d097000 	C:\Program Files\Java\jdk-22\bin\jli.dll
0x00007ff91b1c0000 - 0x00007ff91b1db000 	C:\Program Files\Java\jdk-22\bin\VCRUNTIME140.dll
0x00007ff933970000 - 0x00007ff933a24000 	C:\WINDOWS\System32\ADVAPI32.dll
0x00007ff934100000 - 0x00007ff9341a9000 	C:\WINDOWS\System32\msvcrt.dll
0x00007ff932d60000 - 0x00007ff932e06000 	C:\WINDOWS\System32\sechost.dll
0x00007ff932ef0000 - 0x00007ff933006000 	C:\WINDOWS\System32\RPCRT4.dll
0x00007ff933550000 - 0x00007ff933718000 	C:\WINDOWS\System32\USER32.dll
0x00007ff931da0000 - 0x00007ff931dc7000 	C:\WINDOWS\System32\win32u.dll
0x00007ff919e20000 - 0x00007ff91a0b0000 	C:\WINDOWS\WinSxS\amd64_microsoft.windows.common-controls_6595b64144ccf1df_6.0.26100.2161_none_3e0cadb0e33078e1\COMCTL32.dll
0x00007ff9323c0000 - 0x00007ff9323ea000 	C:\WINDOWS\System32\GDI32.dll
0x00007ff931dd0000 - 0x00007ff931ef5000 	C:\WINDOWS\System32\gdi32full.dll
0x00007ff931870000 - 0x00007ff931913000 	C:\WINDOWS\System32\msvcp_win.dll
0x00007ff92a330000 - 0x00007ff92a33b000 	C:\WINDOWS\SYSTEM32\VERSION.dll
0x00007ff933790000 - 0x00007ff9337bf000 	C:\WINDOWS\System32\IMM32.DLL
0x00007ff92e8a0000 - 0x00007ff92e8ac000 	C:\Program Files\Java\jdk-22\bin\vcruntime140_1.dll
0x00007ff9161e0000 - 0x00007ff91626e000 	C:\Program Files\Java\jdk-22\bin\msvcp140.dll
0x00007ff8dc030000 - 0x00007ff8dcd77000 	C:\Program Files\Java\jdk-22\bin\server\jvm.dll
0x00007ff932e70000 - 0x00007ff932ee4000 	C:\WINDOWS\System32\WS2_32.dll
0x00007ff931150000 - 0x00007ff93119e000 	C:\WINDOWS\SYSTEM32\POWRPROF.dll
0x00007ff924220000 - 0x00007ff924256000 	C:\WINDOWS\SYSTEM32\WINMM.dll
0x00007ff9310a0000 - 0x00007ff9310b4000 	C:\WINDOWS\SYSTEM32\UMPDC.dll
0x00007ff9306c0000 - 0x00007ff9306da000 	C:\WINDOWS\SYSTEM32\kernel.appcore.dll
0x00007ff92d7c0000 - 0x00007ff92d7ca000 	C:\Program Files\Java\jdk-22\bin\jimage.dll
0x00007ff9294d0000 - 0x00007ff929711000 	C:\WINDOWS\SYSTEM32\DBGHELP.DLL
0x00007ff933bb0000 - 0x00007ff933f2d000 	C:\WINDOWS\System32\combase.dll
0x00007ff933ac0000 - 0x00007ff933b96000 	C:\WINDOWS\System32\OLEAUT32.dll
0x00007ff8e7e60000 - 0x00007ff8e7e99000 	C:\WINDOWS\SYSTEM32\dbgcore.DLL
0x00007ff932250000 - 0x00007ff9322e9000 	C:\WINDOWS\System32\bcryptPrimitives.dll
0x00007ff92d0e0000 - 0x00007ff92d0ef000 	C:\Program Files\Java\jdk-22\bin\instrument.dll
0x00007ff91b1a0000 - 0x00007ff91b1be000 	C:\Program Files\Java\jdk-22\bin\java.dll
0x00007ff932650000 - 0x00007ff932d4f000 	C:\WINDOWS\System32\SHELL32.dll
0x00007ff9337d0000 - 0x00007ff933969000 	C:\WINDOWS\System32\ole32.dll
0x00007ff92f630000 - 0x00007ff92fe5d000 	C:\WINDOWS\SYSTEM32\windows.storage.dll
0x00007ff9341b0000 - 0x00007ff934283000 	C:\WINDOWS\System32\SHCORE.dll
0x00007ff932e10000 - 0x00007ff932e6d000 	C:\WINDOWS\System32\shlwapi.dll
0x00007ff931780000 - 0x00007ff9317ae000 	C:\WINDOWS\SYSTEM32\profapi.dll
0x00007ff90b5f0000 - 0x00007ff90b6c7000 	C:\Program Files\Java\jdk-22\bin\jsvml.dll
0x00007ff91aa40000 - 0x00007ff91aa57000 	C:\Program Files\Java\jdk-22\bin\zip.dll
0x00007ff91b190000 - 0x00007ff91b1a0000 	C:\Program Files\Java\jdk-22\bin\net.dll
0x00007ff930bc0000 - 0x00007ff930c28000 	C:\WINDOWS\system32\mswsock.dll
0x00007ff91aa60000 - 0x00007ff91aa76000 	C:\Program Files\Java\jdk-22\bin\nio.dll
0x00007ff918d80000 - 0x00007ff918d9a000 	C:\Program Files\JetBrains\IntelliJ IDEA Community Edition 2024.2.4\bin\breakgen64.dll
0x00007ff91b180000 - 0x00007ff91b189000 	C:\Program Files\Java\jdk-22\bin\extnet.dll
0x00007ff90c440000 - 0x00007ff90c4bb000 	C:\Users\digas\AppData\Local\Temp\lwjgl_TAS\3.3.4+7\x64\lwjgl.dll
0x00007ff905f50000 - 0x00007ff905fd5000 	C:\Users\digas\AppData\Local\Temp\lwjgl_TAS\3.3.4+7\x64\glfw.dll
0x00007ff90aec0000 - 0x00007ff90af0b000 	C:\WINDOWS\SYSTEM32\dinput8.dll
0x00007ff8dede0000 - 0x00007ff8dedf2000 	C:\WINDOWS\SYSTEM32\xinput1_4.dll
0x00007ff931510000 - 0x00007ff93156f000 	C:\WINDOWS\SYSTEM32\cfgmgr32.dll
0x00007ff9314e0000 - 0x00007ff93150d000 	C:\WINDOWS\SYSTEM32\DEVOBJ.dll
0x00007ff92f1c0000 - 0x00007ff92f1ee000 	C:\WINDOWS\SYSTEM32\dwmapi.dll
0x00007ff91a720000 - 0x00007ff91a8fc000 	C:\WINDOWS\SYSTEM32\inputhost.dll
0x00007ff92ca90000 - 0x00007ff92cbb5000 	C:\WINDOWS\SYSTEM32\CoreMessaging.dll
0x00007ff92ebd0000 - 0x00007ff92ec7d000 	C:\WINDOWS\system32\uxtheme.dll
0x00007ff934290000 - 0x00007ff9343eb000 	C:\WINDOWS\System32\MSCTF.dll
0x00007ff930e80000 - 0x00007ff930e8c000 	C:\WINDOWS\SYSTEM32\CRYPTBASE.DLL
0x00007ff8e0830000 - 0x00007ff8e093c000 	C:\WINDOWS\SYSTEM32\opengl32.dll
0x00007ff8e0800000 - 0x00007ff8e082d000 	C:\WINDOWS\SYSTEM32\GLU32.dll
0x00007ff92edd0000 - 0x00007ff92ee15000 	C:\WINDOWS\SYSTEM32\dxcore.dll
0x00007ff922590000 - 0x00007ff9225aa000 	C:\WINDOWS\SYSTEM32\windows.staterepositorycore.dll
0x00007ff8d50b0000 - 0x00007ff8d76e8000 	C:\WINDOWS\System32\DriverStore\FileRepository\nv_dispsi.inf_amd64_3d88c2eb4775cc07\nvoglv64.dll
0x00007ff9330c0000 - 0x00007ff933545000 	C:\WINDOWS\System32\SETUPAPI.dll
0x00007ff92d410000 - 0x00007ff92d425000 	C:\WINDOWS\SYSTEM32\WTSAPI32.dll
0x00007ff930ff0000 - 0x00007ff931003000 	C:\WINDOWS\SYSTEM32\msasn1.dll
0x00007ff92a2f0000 - 0x00007ff92a32b000 	C:\WINDOWS\SYSTEM32\cryptnet.dll
0x00007ff9320d0000 - 0x00007ff932246000 	C:\WINDOWS\System32\CRYPT32.dll
0x00007ff930f90000 - 0x00007ff930fed000 	C:\WINDOWS\SYSTEM32\wldp.dll
0x00007ff929840000 - 0x00007ff9299b7000 	C:\WINDOWS\SYSTEM32\drvstore.dll
0x00007ff931f00000 - 0x00007ff931f7a000 	C:\WINDOWS\System32\WINTRUST.dll
0x00007ff9307e0000 - 0x00007ff930815000 	C:\WINDOWS\SYSTEM32\ntmarta.dll
0x00007ff9325a0000 - 0x00007ff9325c0000 	C:\WINDOWS\System32\imagehlp.dll
0x00007ff930e60000 - 0x00007ff930e7c000 	C:\WINDOWS\SYSTEM32\CRYPTSP.dll
0x00007ff930620000 - 0x00007ff930658000 	C:\WINDOWS\system32\rsaenh.dll
0x00007ff9311b0000 - 0x00007ff9311d6000 	C:\WINDOWS\SYSTEM32\bcrypt.dll
0x00007ff924ff0000 - 0x00007ff927d00000 	C:\WINDOWS\System32\DriverStore\FileRepository\nv_dispsi.inf_amd64_3d88c2eb4775cc07\nvgpucomp64.dll
0x00007ff901010000 - 0x00007ff9012e0000 	C:\WINDOWS\system32\nvspcap64.dll
0x00007ff930f20000 - 0x00007ff930f7e000 	C:\WINDOWS\SYSTEM32\WINSTA.dll
0x00007ff9212b0000 - 0x00007ff9213f5000 	C:\WINDOWS\SYSTEM32\textinputframework.dll
0x00007ff928f10000 - 0x00007ff9291f3000 	C:\WINDOWS\SYSTEM32\CoreUIComponents.dll
0x00007ff92d7f0000 - 0x00007ff92d958000 	C:\WINDOWS\SYSTEM32\wintypes.dll
0x00007ff90c610000 - 0x00007ff90c671000 	C:\Users\digas\AppData\Local\Temp\lwjgl_TAS\3.3.4+7\x64\lwjgl_opengl.dll

dbghelp: loaded successfully - version: 4.0.5 - missing functions: none
symbol engine: initialized successfully - sym options: 0x614 - pdb path: .;C:\Program Files\Java\jdk-22\bin;C:\WINDOWS\SYSTEM32;C:\WINDOWS\WinSxS\amd64_microsoft.windows.common-controls_6595b64144ccf1df_6.0.26100.2161_none_3e0cadb0e33078e1;C:\Program Files\Java\jdk-22\bin\server;C:\Program Files\JetBrains\IntelliJ IDEA Community Edition 2024.2.4\bin;C:\Users\digas\AppData\Local\Temp\lwjgl_TAS\3.3.4+7\x64;C:\WINDOWS\System32\DriverStore\FileRepository\nv_dispsi.inf_amd64_3d88c2eb4775cc07

VM Arguments:
jvm_args: -javaagent:C:\Program Files\JetBrains\IntelliJ IDEA Community Edition 2024.2.4\lib\idea_rt.jar=49885:C:\Program Files\JetBrains\IntelliJ IDEA Community Edition 2024.2.4\bin -Dfile.encoding=UTF-8 -Dsun.stdout.encoding=UTF-8 -Dsun.stderr.encoding=UTF-8 
java_command: Main
java_class_path (initial): C:\Users\digas\IdeaProjects\Shaders\out\production\Shaders;C:\Users\digas\Downloads\CodeDraw.jar;C:\Users\digas\Downloads\JavaLibrary\joml-1.10.7.jar;C:\Users\digas\Downloads\JavaLibrary\lwjgl-assimp-natives-windows.jar;C:\Users\digas\Downloads\JavaLibrary\lwjgl-assimp.jar;C:\Users\digas\Downloads\JavaLibrary\lwjgl-glfw-natives-windows.jar;C:\Users\digas\Downloads\JavaLibrary\lwjgl-glfw.jar;C:\Users\digas\Downloads\JavaLibrary\lwjgl-natives-windows.jar;C:\Users\digas\Downloads\JavaLibrary\lwjgl-openal-natives-windows.jar;C:\Users\digas\Downloads\JavaLibrary\lwjgl-openal.jar;C:\Users\digas\Downloads\JavaLibrary\lwjgl-opengl-natives-windows.jar;C:\Users\digas\Downloads\JavaLibrary\lwjgl-opengl.jar;C:\Users\digas\Downloads\JavaLibrary\lwjgl-stb-natives-windows.jar;C:\Users\digas\Downloads\JavaLibrary\lwjgl-stb.jar;C:\Users\digas\Downloads\JavaLibrary\lwjgl.jar
Launcher Type: SUN_STANDARD

[Global flags]
     intx CICompilerCount                          = 12                                        {product} {ergonomic}
     uint ConcGCThreads                            = 3                                         {product} {ergonomic}
     uint G1ConcRefinementThreads                  = 13                                        {product} {ergonomic}
   size_t G1HeapRegionSize                         = 4194304                                   {product} {ergonomic}
   size_t InitialHeapSize                          = 524288000                                 {product} {ergonomic}
   size_t MarkStackSize                            = 4194304                                   {product} {ergonomic}
   size_t MaxHeapSize                              = 8363442176                                {product} {ergonomic}
   size_t MaxNewSize                               = 5016387584                                {product} {ergonomic}
   size_t MinHeapDeltaBytes                        = 4194304                                   {product} {ergonomic}
   size_t MinHeapSize                              = 8388608                                   {product} {ergonomic}
    uintx NonNMethodCodeHeapSize                   = 7602480                                {pd product} {ergonomic}
    uintx NonProfiledCodeHeapSize                  = 122027880                              {pd product} {ergonomic}
    uintx ProfiledCodeHeapSize                     = 122027880                              {pd product} {ergonomic}
    uintx ReservedCodeCacheSize                    = 251658240                              {pd product} {ergonomic}
     bool SegmentedCodeCache                       = true                                      {product} {ergonomic}
   size_t SoftMaxHeapSize                          = 8363442176                             {manageable} {ergonomic}
     bool UseCompressedOops                        = true                           {product lp64_product} {ergonomic}
     bool UseG1GC                                  = true                                      {product} {ergonomic}
     bool UseLargePagesIndividualAllocation        = false                                  {pd product} {ergonomic}

Logging:
Log output configuration:
 #0: stdout all=warning uptime,level,tags foldmultilines=false
 #1: stderr all=off uptime,level,tags foldmultilines=false

Environment Variables:
PATH=C:\Program Files\Common Files\Oracle\Java\javapath;C:\WINDOWS\system32;C:\WINDOWS;C:\WINDOWS\System32\Wbem;C:\WINDOWS\System32\WindowsPowerShell\v1.0\;C:\WINDOWS\System32\OpenSSH\;C:\Program Files (x86)\NVIDIA Corporation\PhysX\Common;C:\Program Files\NVIDIA Corporation\NVIDIA NvDLISR;C:\Program Files (x86)\Windows Kits\10\Windows Performance Toolkit\;C:\Program Files\dotnet\;C:\Users\digas\AppData\Local\Microsoft\WindowsApps;;C:\Users\digas\AppData\Local\Programs\Microsoft VS Code\bin
USERNAME=TAS
OS=Windows_NT
PROCESSOR_IDENTIFIER=AMD64 Family 25 Model 97 Stepping 2, AuthenticAMD
TMP=C:\Users\digas\AppData\Local\Temp
TEMP=C:\Users\digas\AppData\Local\Temp




Periodic native trim disabled

---------------  S Y S T E M  ---------------

OS:
 Windows 11 , 64 bit Build 26100 (10.0.26100.2161)
OS uptime: 0 days 0:11 hours

CPU: total 16 (initial active 16) (16 cores per cpu, 2 threads per core) family 25 model 97 stepping 2 microcode 0xa601203, cx8, cmov, fxsr, ht, mmx, 3dnowpref, sse, sse2, sse3, ssse3, sse4a, sse4.1, sse4.2, popcnt, lzcnt, tsc, tscinvbit, avx, avx2, aes, erms, clmul, bmi1, bmi2, adx, avx512f, avx512dq, avx512cd, avx512bw, avx512vl, sha, fma, vzeroupper, avx512_vpopcntdq, avx512_vpclmulqdq, avx512_vaes, avx512_vnni, clflush, clflushopt, avx512_vbmi2, avx512_vbmi, rdtscp, rdpid, fsrm, gfni, avx512_bitalg, f16c, pku, cet_ss, avx512_ifma
Processor Information for all 16 processors :
  Max Mhz: 3801, Current Mhz: 3801, Mhz Limit: 3801

Memory: 4k page, system-wide physical 31895M (25297M free)
TotalPageFile size 36503M (AvailPageFile size 28287M)
current process WorkingSet (physical memory assigned to process): 95M, peak: 95M
current process commit charge ("private bytes"): 676M, peak: 676M

vm_info: Java HotSpot(TM) 64-Bit Server VM (22.0.1+8-16) for windows-amd64 JRE (22.0.1+8-16), built on 2024-03-12T10:33:16Z by "mach5one" with MS VC++ 17.6 (VS2022)

END.
