#
# A fatal error has been detected by the Java Runtime Environment:
#
#  EXCEPTION_ACCESS_VIOLATION (0xc0000005) at pc=0x00007ffffee14a46, pid=12436, tid=5564
#
# JRE version: Java(TM) SE Runtime Environment (22.0.1+8) (build 22.0.1+8-16)
# Java VM: Java HotSpot(TM) 64-Bit Server VM (22.0.1+8-16, mixed mode, sharing, tiered, compressed oops, compressed class ptrs, g1 gc, windows-amd64)
# Problematic frame:
# C  [nvoglv64.dll+0x1464a46]
#
# No core dump will be written. Minidumps are not enabled by default on client versions of Windows
#
# If you would like to submit a bug report, please visit:
#   https://bugreport.java.com/bugreport/crash.jsp
# The crash happened outside the Java Virtual Machine in native code.
# See problematic frame for where to report the bug.
#

---------------  S U M M A R Y ------------

Command Line: -javaagent:C:\Program Files\JetBrains\IntelliJ IDEA Community Edition 2024.2.4\lib\idea_rt.jar=50861:C:\Program Files\JetBrains\IntelliJ IDEA Community Edition 2024.2.4\bin -Dfile.encoding=UTF-8 -Dsun.stdout.encoding=UTF-8 -Dsun.stderr.encoding=UTF-8 Main

Host: AMD Ryzen 7 7700 8-Core Processor              , 16 cores, 31G,  Windows 11 , 64 bit Build 26100 (10.0.26100.2161)
Time: Sat Dec  7 17:15:26 2024 W. Europe Standard Time elapsed time: 0.493445 seconds (0d 0h 0m 0s)

---------------  T H R E A D  ---------------

Current thread (0x0000015f90fd2770):  JavaThread "main"             [_thread_in_native, id=5564, stack(0x0000004cc3e00000,0x0000004cc3f00000) (1024K)]

Stack: [0x0000004cc3e00000,0x0000004cc3f00000],  sp=0x0000004cc3eff238,  free space=1020k
Native frames: (J=compiled Java code, j=interpreted, Vv=VM code, C=native code)
C  [nvoglv64.dll+0x1464a46]  (no source info available)
C  [nvoglv64.dll+0x52ea2d]  (no source info available)
C  0x0000015fa2a7d0c7  (no source info available)

The last pc belongs to native method entry point (kind = native) (printed below).
Java frames: (J=compiled Java code, j=interpreted, Vv=VM code)
j  org.lwjgl.opengl.GL11C.nglDrawElements(IIIJ)V+0
j  org.lwjgl.opengl.GL11C.glDrawElements(IIIJ)V+4
j  org.lwjgl.opengl.GL11.glDrawElements(IIIJ)V+4
j  Main.main([Ljava/lang/String;)V+155
v  ~StubRoutines::call_stub 0x0000015fa2a7100d

siginfo: EXCEPTION_ACCESS_VIOLATION (0xc0000005), reading address 0x0000000000000000


Registers:
RAX=0x0000015ffd754290, RBX=0x0000015ffd754274, RCX=0x0000015ffd754290, RDX=0x0000000000000000
RSP=0x0000004cc3eff238, RBP=0x0000000000000044, RSI=0x0000000000000006, RDI=0x0000015ffebc1080
R8 =0x0000000000000018, R9 =0x0000000000000000, R10=0x00007ffffd9b0000, R11=0x0000000000000006
R12=0x0000000000000004, R13=0x0000000000001405, R14=0x0000000000000018, R15=0x0000000000000000
RIP=0x00007ffffee14a46, EFLAGS=0x0000000000010283


Register to memory mapping:

RAX=0x0000015ffd754290 points into unknown readable memory: 0x0000000000000000 | 00 00 00 00 00 00 00 00
RBX=0x0000015ffd754274 points into unknown readable memory: 06 20 02 00
RCX=0x0000015ffd754290 points into unknown readable memory: 0x0000000000000000 | 00 00 00 00 00 00 00 00
RDX=0x0 is null
RSP=0x0000004cc3eff238 is pointing into the stack for thread: 0x0000015f90fd2770
RBP=0x0000000000000044 is an unknown value
RSI=0x0000000000000006 is an unknown value
RDI=0x0000015ffebc1080 points into unknown readable memory: 0x0000000000000000 | 00 00 00 00 00 00 00 00
R8 =0x0000000000000018 is an unknown value
R9 =0x0 is null
R10=0x00007ffffd9b0000 nvoglv64.dll
R11=0x0000000000000006 is an unknown value
R12=0x0000000000000004 is an unknown value
R13=0x0000000000001405 is an unknown value
R14=0x0000000000000018 is an unknown value
R15=0x0 is null

Top of Stack: (sp=0x0000004cc3eff238)
0x0000004cc3eff238:   00007ffffdedea2d 0000004cc3eff358
0x0000004cc3eff248:   00007ff810e8cb35 0000004cc3eff270
0x0000004cc3eff258:   0000015fa2ac97d2 000000000017555d
0x0000004cc3eff268:   0000015f90fd2770 0000015ff95cabb0
0x0000004cc3eff278:   0000015f90fd2770 0000015fa2a788c0
0x0000004cc3eff288:   0000015fa2a7cf38 0000015f90fd2770
0x0000004cc3eff298:   0000015ff95cabb0 0000000000000000
0x0000004cc3eff2a8:   0000015fa2a788c0 0000000000000118
0x0000004cc3eff2b8:   0000015fa2a7d0c7 0000004cc3eff358
0x0000004cc3eff2c8:   0000004cc3eff300 0000004cc3eff398
0x0000004cc3eff2d8:   0000015ff95cabb0 0000015f00001405
0x0000004cc3eff2e8:   0000000000000000 0000015fa2a788c0
0x0000004cc3eff2f8:   00007ff81114020f 3ff0000000000000
0x0000004cc3eff308:   0000015fa2a7cd5b fffffffffffffff7
0x0000004cc3eff318:   0000015ff95cabb0 0000000000000008
0x0000004cc3eff328:   0000015ff95d62f0 0000000000000000
0x0000004cc3eff338:   000000062c1aa108 0000015ff95cabb0
0x0000004cc3eff348:   0000000000000000 0000004cc3eff378
0x0000004cc3eff358:   0000004cc3eff3e8 0000015fa2a788c0
0x0000004cc3eff368:   000000062c1aa108 0000015fa2a7a517
0x0000004cc3eff378:   0000000000000000 0000000000000000
0x0000004cc3eff388:   0000000000001405 0000000000000006
0x0000004cc3eff398:   0000000000000004 fffffffffffffff7
0x0000004cc3eff3a8:   0000015ff95cac54 0000000000000006
0x0000004cc3eff3b8:   0000015ff95d62f0 0000000000000000
0x0000004cc3eff3c8:   000000062c1aa108 0000015ff95cac98
0x0000004cc3eff3d8:   fffffffffffffff2 0000004cc3eff3f8
0x0000004cc3eff3e8:   0000004cc3eff468 0000015fa2a788c0
0x0000004cc3eff3f8:   0000000000000000 0000000000000000
0x0000004cc3eff408:   0000000000001405 0000000000000006
0x0000004cc3eff418:   0000000000000004 fffffffffffffff7
0x0000004cc3eff428:   0000015ff957abd4 0000000000000006 

Instructions: (pc=0x00007ffffee14a46)
0x00007ffffee14946:   1f 02 4d 03 ca 41 ff e1 c3 90 4c 8b 02 8b 4a 08
0x00007ffffee14956:   44 0f b7 4a 0c 44 0f b6 52 0e 4c 89 00 89 48 08
0x00007ffffee14966:   66 44 89 48 0c 44 88 50 0e c3 4c 8b 02 0f b7 4a
0x00007ffffee14976:   08 44 0f b6 4a 0a 4c 89 00 66 89 48 08 44 88 48
0x00007ffffee14986:   0a c3 0f b7 0a 66 89 08 c3 90 8b 0a 44 0f b7 42
0x00007ffffee14996:   04 44 0f b6 4a 06 89 08 66 44 89 40 04 44 88 48
0x00007ffffee149a6:   06 c3 4c 8b 02 8b 4a 08 44 0f b7 4a 0c 4c 89 00
0x00007ffffee149b6:   89 48 08 66 44 89 48 0c c3 0f b7 0a 44 0f b6 42
0x00007ffffee149c6:   02 66 89 08 44 88 40 02 c3 90 4c 8b 02 8b 4a 08
0x00007ffffee149d6:   44 0f b6 4a 0c 4c 89 00 89 48 08 44 88 48 0c c3
0x00007ffffee149e6:   4c 8b 02 0f b7 4a 08 4c 89 00 66 89 48 08 c3 4c
0x00007ffffee149f6:   8b 02 0f b6 4a 08 4c 89 00 88 48 08 c3 4c 8b 02
0x00007ffffee14a06:   8b 4a 08 4c 89 00 89 48 08 c3 8b 0a 44 0f b7 42
0x00007ffffee14a16:   04 89 08 66 44 89 40 04 c3 8b 0a 44 0f b6 42 04
0x00007ffffee14a26:   89 08 44 88 40 04 c3 48 8b 0a 48 89 08 c3 0f b6
0x00007ffffee14a36:   0a 88 08 c3 8b 0a 89 08 c3 90 49 83 f8 20 77 17
0x00007ffffee14a46:   f3 0f 6f 0a f3 42 0f 6f 54 02 f0 f3 0f 7f 09 f3
0x00007ffffee14a56:   42 0f 7f 54 01 f0 c3 4e 8d 0c 02 48 3b ca 4c 0f
0x00007ffffee14a66:   46 c9 49 3b c9 0f 82 3f 04 00 00 83 3d d8 a5 f8
0x00007ffffee14a76:   00 03 0f 82 e2 02 00 00 49 81 f8 00 20 00 00 76
0x00007ffffee14a86:   16 49 81 f8 00 00 18 00 77 0d f6 05 d5 18 09 01
0x00007ffffee14a96:   02 0f 85 73 fe ff ff c5 fe 6f 02 c4 a1 7e 6f 6c
0x00007ffffee14aa6:   02 e0 49 81 f8 00 01 00 00 0f 86 c3 00 00 00 4c
0x00007ffffee14ab6:   8b c9 49 83 e1 1f 49 83 e9 20 49 2b c9 49 2b d1
0x00007ffffee14ac6:   4d 03 c1 49 81 f8 00 01 00 00 0f 86 a2 00 00 00
0x00007ffffee14ad6:   49 81 f8 00 00 18 00 0f 87 3d 01 00 00 66 66 66
0x00007ffffee14ae6:   66 66 0f 1f 84 00 00 00 00 00 c5 fe 6f 0a c5 fe
0x00007ffffee14af6:   6f 52 20 c5 fe 6f 5a 40 c5 fe 6f 62 60 c5 fd 7f
0x00007ffffee14b06:   09 c5 fd 7f 51 20 c5 fd 7f 59 40 c5 fd 7f 61 60
0x00007ffffee14b16:   c5 fe 6f 8a 80 00 00 00 c5 fe 6f 92 a0 00 00 00
0x00007ffffee14b26:   c5 fe 6f 9a c0 00 00 00 c5 fe 6f a2 e0 00 00 00
0x00007ffffee14b36:   c5 fd 7f 89 80 00 00 00 c5 fd 7f 91 a0 00 00 00 


Stack slot to memory mapping:

stack at sp + 0 slots: 0x00007ffffdedea2d nvoglv64.dll
stack at sp + 1 slots: 0x0000004cc3eff358 is pointing into the stack for thread: 0x0000015f90fd2770
stack at sp + 2 slots: 0x00007ff810e8cb35 jvm.dll
stack at sp + 3 slots: 0x0000004cc3eff270 is pointing into the stack for thread: 0x0000015f90fd2770
stack at sp + 4 slots: 0x0000015fa2ac97d2 is at code_begin+3538 in 
[CodeBlob (0x0000015fa2ac8990)]
Framesize: 0
BufferBlob (0x0000015fa2ac8990) used for native signature handlers
stack at sp + 5 slots: 0x000000000017555d is an unknown value
stack at sp + 6 slots: 0x0000015f90fd2770 is a thread
stack at sp + 7 slots: {method} {0x0000015ff95cabb8} 'nglDrawElements' '(IIIJ)V' in 'org/lwjgl/opengl/GL11C'

native method entry point (kind = native)  [0x0000015fa2a7cca0, 0x0000015fa2a7d8c0]  3104 bytes
[MachCode]
  0x0000015fa2a7cca0: 488b 4b08 | 0fb7 492e | 584c 8d74 | ccf8 6800 | 0000 0068 | 0000 0000 | 5055 488b | ec41 5568 
  0x0000015fa2a7ccc0: 0000 0000 | 4c8b 6b08 | 4d8d 6d38 | 5348 8b53 | 0848 8b52 | 0848 8b52 | 1848 8b52 | 7048 8b12 
  0x0000015fa2a7cce0: 5248 8b53 | 1048 85d2 | 0f84 0700 | 0000 4881 | c210 0100 | 0052 488b | 5308 488b | 5208 488b 
  0x0000015fa2a7cd00: 5210 5249 | 8bc6 482b | c548 c1e8 | 0350 6800 | 0000 0068 | f7ff ffff | 41c6 8781 | 0400 0001 
  0x0000015fa2a7cd20: 488b 4310 | 4885 c074 | 208b 88cc | 0000 0083 | c102 8988 | cc00 0000 | 2388 e000 | 0000 0f84 
  0x0000015fa2a7cd40: cb0a 0000 | e9cf 0000 | 0048 8b43 | 1848 85c0 | 0f85 b000 | 0000 e805 | 0000 00e9 | 9900 0000 
  0x0000015fa2a7cd60: 488b d348 | 8d44 2408 | 4c89 6dc0 | 498b cfc5 | f877 4989 | afb0 0300 | 0049 8987 | a003 0000 
  0x0000015fa2a7cd80: 4883 ec20 | 40f6 c40f | 0f84 1900 | 0000 4883 | ec08 48b8 | a0a3 e810 | f87f 0000 | ffd0 4883 
  0x0000015fa2a7cda0: c408 e90c | 0000 0048 | b8a0 a3e8 | 10f8 7f00 | 00ff d048 | 83c4 2049 | c787 a003 | 0000 0000 
  0x0000015fa2a7cdc0: 0000 49c7 | 87b0 0300 | 0000 0000 | 0049 c787 | a803 0000 | 0000 0000 | c5f8 7749 | 837f 0800 
  0x0000015fa2a7cde0: 0f84 0500 | 0000 e915 | 41ff ff4c | 8b6d c04c | 8b75 c84e | 8d74 f500 | c348 8b43 | 1848 85c0 
  0x0000015fa2a7ce00: 0f84 1200 | 0000 8b48 | 0883 c102 | 8948 0823 | 481c 0f84 | f709 0000 | 493b a7f0 | 0400 000f 
  0x0000015fa2a7ce20: 8748 0000 | 0089 8424 | 00f0 ffff | 8984 2400 | e0ff ff89 | 8424 00d0 | ffff 8984 | 2400 c0ff 
  0x0000015fa2a7ce40: ff89 8424 | 00b0 ffff | 8984 2400 | a0ff ff89 | 8424 0090 | ffff 8984 | 2400 80ff | ff49 3ba7 
  0x0000015fa2a7ce60: e804 0000 | 7607 4989 | a7f0 0400 | 0041 c687 | 8104 0000 | 0049 ba9c | 306f 11f8 | 7f00 0041 
  0x0000015fa2a7ce80: 803a 000f | 843e 0000 | 0048 8b55 | e849 8bcf | 4883 ec20 | 40f6 c40f | 0f84 1900 | 0000 4883 
  0x0000015fa2a7cea0: ec08 48b8 | 40b5 1f11 | f87f 0000 | ffd0 4883 | c408 e90c | 0000 0048 | b840 b51f | 11f8 7f00 
  0x0000015fa2a7cec0: 00ff d048 | 83c4 2048 | 8b5d e84c | 8b5b 0845 | 0fb7 5b2e | 41c1 e303 | 492b e348 | 83ec 2048 
  0x0000015fa2a7cee0: 83e4 f04c | 8b5b 604d | 85db 0f85 | ab00 0000 | e805 0000 | 00e9 9900 | 0000 488b | d348 8d44 
  0x0000015fa2a7cf00: 2408 4c89 | 6dc0 498b | cfc5 f877 | 4989 afb0 | 0300 0049 | 8987 a003 | 0000 4883 | ec20 40f6 
  0x0000015fa2a7cf20: c40f 0f84 | 1900 0000 | 4883 ec08 | 48b8 c0ca | e810 f87f | 0000 ffd0 | 4883 c408 | e90c 0000 
  0x0000015fa2a7cf40: 0048 b8c0 | cae8 10f8 | 7f00 00ff | d048 83c4 | 2049 c787 | a003 0000 | 0000 0000 | 49c7 87b0 
  0x0000015fa2a7cf60: 0300 0000 | 0000 0049 | c787 a803 | 0000 0000 | 0000 c5f8 | 7749 837f | 0800 0f84 | 0500 0000 
  0x0000015fa2a7cf80: e97b 3fff | ff4c 8b6d | c04c 8b75 | c84e 8d74 | f500 c348 | 8b5d e84c | 8b5b 6041 | ffd3 488b 
  0x0000015fa2a7cfa0: 5de8 4889 | 4518 448b | 5b28 41f6 | c308 0f84 | 1b00 0000 | 4c8b 5b08 | 4d8b 5b08 | 4d8b 5b18 
  0x0000015fa2a7cfc0: 4d8b 5b70 | 4d8b 1b4c | 895d 1048 | 8d55 1048 | 8b43 5849 | ba40 0c20 | 11f8 7f00 | 0049 3bc2 
  0x0000015fa2a7cfe0: 0f85 ab00 | 0000 e805 | 0000 00e9 | 9900 0000 | 488b d348 | 8d44 2408 | 4c89 6dc0 | 498b cfc5 
  0x0000015fa2a7d000: f877 4989 | afb0 0300 | 0049 8987 | a003 0000 | 4883 ec20 | 40f6 c40f | 0f84 1900 | 0000 4883 
  0x0000015fa2a7d020: ec08 48b8 | c0ca e810 | f87f 0000 | ffd0 4883 | c408 e90c | 0000 0048 | b8c0 cae8 | 10f8 7f00 
  0x0000015fa2a7d040: 00ff d048 | 83c4 2049 | c787 a003 | 0000 0000 | 0000 49c7 | 87b0 0300 | 0000 0000 | 0049 c787 
  0x0000015fa2a7d060: a803 0000 | 0000 0000 | c5f8 7749 | 837f 0800 | 0f84 0500 | 0000 e985 | 3eff ff4c | 8b6d c04c 
  0x0000015fa2a7d080: 8b75 c84e | 8d74 f500 | c348 8b5d | e848 8b43 | 5849 8d8f | c003 0000 | c5f8 7749 | 89af b003 
  0x0000015fa2a7d0a0: 0000 49ba | 98d0 a7a2 | 5f01 0000 | 4d89 97a8 | 0300 0049 | 89a7 a003 | 0000 41c7 | 8754 0400 
  0x0000015fa2a7d0c0: 0004 0000 | 00ff d0c5 | f877 4883 | ec10 c5fb | 1104 2448 | 83ec 1048 | 8904 2448 | c744 2408 
  0x0000015fa2a7d0e0: 0000 0000 | 41c7 8754 | 0400 0005 | 0000 00f0 | 8344 24c0 | 0049 3baf | 5804 0000 | 0f87 0e00 
  0x0000015fa2a7d100: 0000 4183 | bf50 0400 | 0000 0f84 | 2000 0000 | 498b cf4c | 8be4 4883 | ec20 4883 | e4f0 48b8 
  0x0000015fa2a7d120: d01e ea10 | f87f 0000 | ffd0 498b | e44d 33e4 | 41c7 8754 | 0400 0008 | 0000 0049 | c787 a003 
  0x0000015fa2a7d140: 0000 0000 | 0000 49c7 | 87b0 0300 | 0000 0000 | 0049 c787 | a803 0000 | 0000 0000 | c5f8 774d 
  0x0000015fa2a7d160: 8b9f 3004 | 0000 41c7 | 8300 0100 | 0000 0000 | 0049 bb1a | a5a7 a25f | 0100 004c | 3b5d 180f 
  0x0000015fa2a7d180: 8524 0300 | 0048 8b04 | 2448 83c4 | 1048 85c0 | 0f84 fe02 | 0000 a803 | 0f85 0800 | 0000 488b 
  0x0000015fa2a7d1a0: 00e9 ee02 | 0000 a801 | 0f85 0900 | 0000 488b | 40fe e9dd | 0200 0048 | 8b40 ff41 | 807f 3800 
  0x0000015fa2a7d1c0: 0f84 ce02 | 0000 4883 | f800 0f84 | c402 0000 | 4d8b 5f28 | 4983 fb00 | 0f84 1400 | 0000 4983 
  0x0000015fa2a7d1e0: eb08 4d89 | 5f28 4d03 | 5f30 4989 | 03e9 a202 | 0000 4881 | ec50 0100 | 0048 8904 | 2448 894c 
  0x0000015fa2a7d200: 2408 4889 | 5424 1048 | 8974 2418 | 4889 7c24 | 204c 8944 | 2428 4c89 | 4c24 304c | 8954 2438 
  0x0000015fa2a7d220: 4c89 5c24 | 40c5 fb11 | 4424 50c5 | fb11 4c24 | 58c5 fb11 | 5424 60c5 | fb11 5c24 | 68c5 fb11 
  0x0000015fa2a7d240: 6424 70c5 | fb11 6c24 | 78c5 fb11 | b424 8000 | 0000 c5fb | 11bc 2488 | 0000 00c5 | 7b11 8424 
  0x0000015fa2a7d260: 9000 0000 | c57b 118c | 2498 0000 | 00c5 7b11 | 9424 a000 | 0000 c57b | 119c 24a8 | 0000 00c5 
  0x0000015fa2a7d280: 7b11 a424 | b000 0000 | c57b 11ac | 24b8 0000 | 00c5 7b11 | b424 c000 | 0000 c57b | 11bc 24c8 
  0x0000015fa2a7d2a0: 0000 0062 | e1ff 0811 | 4424 1a62 | e1ff 0811 | 4c24 1b62 | e1ff 0811 | 5424 1c62 | e1ff 0811 
  0x0000015fa2a7d2c0: 5c24 1d62 | e1ff 0811 | 6424 1e62 | e1ff 0811 | 6c24 1f62 | e1ff 0811 | 7424 2062 | e1ff 0811 
  0x0000015fa2a7d2e0: 7c24 2162 | 61ff 0811 | 4424 2262 | 61ff 0811 | 4c24 2362 | 61ff 0811 | 5424 2462 | 61ff 0811 
  0x0000015fa2a7d300: 5c24 2562 | 61ff 0811 | 6424 2662 | 61ff 0811 | 6c24 2762 | 61ff 0811 | 7424 2862 | 61ff 0811 
  0x0000015fa2a7d320: 7c24 2949 | 8bd7 488b | c848 83ec | 2040 f6c4 | 0f0f 8419 | 0000 0048 | 83ec 0848 | b8e0 3edd 
  0x0000015fa2a7d340: 10f8 7f00 | 00ff d048 | 83c4 08e9 | 0c00 0000 | 48b8 e03e | dd10 f87f | 0000 ffd0 | 4883 c420 
  0x0000015fa2a7d360: 6261 ff08 | 107c 2429 | 6261 ff08 | 1074 2428 | 6261 ff08 | 106c 2427 | 6261 ff08 | 1064 2426 
  0x0000015fa2a7d380: 6261 ff08 | 105c 2425 | 6261 ff08 | 1054 2424 | 6261 ff08 | 104c 2423 | 6261 ff08 | 1044 2422 
  0x0000015fa2a7d3a0: 62e1 ff08 | 107c 2421 | 62e1 ff08 | 1074 2420 | 62e1 ff08 | 106c 241f | 62e1 ff08 | 1064 241e 
  0x0000015fa2a7d3c0: 62e1 ff08 | 105c 241d | 62e1 ff08 | 1054 241c | 62e1 ff08 | 104c 241b | 62e1 ff08 | 1044 241a 
  0x0000015fa2a7d3e0: c57b 10bc | 24c8 0000 | 00c5 7b10 | b424 c000 | 0000 c57b | 10ac 24b8 | 0000 00c5 | 7b10 a424 
  0x0000015fa2a7d400: b000 0000 | c57b 109c | 24a8 0000 | 00c5 7b10 | 9424 a000 | 0000 c57b | 108c 2498 | 0000 00c5 
  0x0000015fa2a7d420: 7b10 8424 | 9000 0000 | c5fb 10bc | 2488 0000 | 00c5 fb10 | b424 8000 | 0000 c5fb | 106c 2478 
  0x0000015fa2a7d440: c5fb 1064 | 2470 c5fb | 105c 2468 | c5fb 1054 | 2460 c5fb | 104c 2458 | c5fb 1044 | 2450 4c8b 
  0x0000015fa2a7d460: 5c24 404c | 8b54 2438 | 4c8b 4c24 | 304c 8b44 | 2428 488b | 7c24 2048 | 8b74 2418 | 488b 5424 
  0x0000015fa2a7d480: 1048 8b4c | 2408 488b | 0424 4881 | c450 0100 | 00c5 f877 | 4889 4510 | 4883 ec10 | 4889 0424 
  0x0000015fa2a7d4a0: 48c7 4424 | 0800 0000 | 0041 83bf | d004 0000 | 020f 85bf | 0000 0048 | 81ec 8000 | 0000 4889 
  0x0000015fa2a7d4c0: 4424 7848 | 894c 2470 | 4889 5424 | 6848 895c | 2460 4889 | 6c24 5048 | 8974 2448 | 4889 7c24 
  0x0000015fa2a7d4e0: 404c 8944 | 2438 4c89 | 4c24 304c | 8954 2428 | 4c89 5c24 | 204c 8964 | 2418 4c89 | 6c24 104c 
  0x0000015fa2a7d500: 8974 2408 | 4c89 3c24 | 4c8b e448 | 83ec 2048 | 83e4 f048 | b890 ed1f | 11f8 7f00 | 00ff d049 
  0x0000015fa2a7d520: 8be4 4c8b | 3c24 4c8b | 7424 084c | 8b6c 2410 | 4c8b 6424 | 184c 8b5c | 2420 4c8b | 5424 284c 
  0x0000015fa2a7d540: 8b4c 2430 | 4c8b 4424 | 3848 8b7c | 2440 488b | 7424 4848 | 8b6c 2450 | 488b 5c24 | 6048 8b54 
  0x0000015fa2a7d560: 2468 488b | 4c24 7048 | 8b44 2478 | 4881 c480 | 0000 004d | 33e4 488b | 5de8 4c8b | 6b08 4d8d 
  0x0000015fa2a7d580: 6d38 4983 | 7f08 000f | 84bb 0000 | 00e8 0500 | 0000 e996 | 0000 0048 | 8d44 2408 | 4c89 6dc0 
  0x0000015fa2a7d5a0: 498b cfc5 | f877 4989 | afb0 0300 | 0049 8987 | a003 0000 | 4883 ec20 | 40f6 c40f | 0f84 1900 
  0x0000015fa2a7d5c0: 0000 4883 | ec08 48b8 | 00e9 e810 | f87f 0000 | ffd0 4883 | c408 e90c | 0000 0048 | b800 e9e8 
  0x0000015fa2a7d5e0: 10f8 7f00 | 00ff d048 | 83c4 2049 | c787 a003 | 0000 0000 | 0000 49c7 | 87b0 0300 | 0000 0000 
  0x0000015fa2a7d600: 0049 c787 | a803 0000 | 0000 0000 | c5f8 7749 | 837f 0800 | 0f84 0500 | 0000 e9e1 | 38ff ff4c 
  0x0000015fa2a7d620: 8b6d c04c | 8b75 c84e | 8d74 f500 | c348 b9c0 | 1847 11f8 | 7f00 0048 | 83e4 f048 | b8c0 940e 
  0x0000015fa2a7d640: 11f8 7f00 | 00ff d0f4 | 448b 5b28 | 41f6 c320 | 0f84 4401 | 0000 488d | 55a8 4c8b | 5a08 4d85 
  0x0000015fa2a7d660: db0f 85bb | 0000 00e8 | 0500 0000 | e996 0000 | 0048 8d44 | 2408 4c89 | 6dc0 498b | cfc5 f877 
  0x0000015fa2a7d680: 4989 afb0 | 0300 0049 | 8987 a003 | 0000 4883 | ec20 40f6 | c40f 0f84 | 1900 0000 | 4883 ec08 
  0x0000015fa2a7d6a0: 48b8 30e8 | e810 f87f | 0000 ffd0 | 4883 c408 | e90c 0000 | 0048 b830 | e8e8 10f8 | 7f00 00ff 
  0x0000015fa2a7d6c0: d048 83c4 | 2049 c787 | a003 0000 | 0000 0000 | 49c7 87b0 | 0300 0000 | 0000 0049 | c787 a803 
  0x0000015fa2a7d6e0: 0000 0000 | 0000 c5f8 | 7749 837f | 0800 0f84 | 0500 0000 | e907 38ff | ff4c 8b6d | c04c 8b75 
  0x0000015fa2a7d700: c84e 8d74 | f500 c348 | b9c0 1847 | 11f8 7f00 | 0048 83e4 | f048 b8c0 | 940e 11f8 | 7f00 00ff 
  0x0000015fa2a7d720: d0f4 4c89 | 6dc0 488d | 024c 8b4a | 0848 c742 | 0800 0000 | 004c 8b00 | 4d85 c00f | 840b 0000 
  0x0000015fa2a7d740: 00f0 4d0f | b101 0f85 | 0c00 0000 | 49ff 8f58 | 0500 00e9 | 3e00 0000 | 4c89 4a08 | 488b ca48 
  0x0000015fa2a7d760: 83ec 2040 | f6c4 0f0f | 8419 0000 | 0048 83ec | 0848 b8c0 | bae8 10f8 | 7f00 00ff | d048 83c4 
  0x0000015fa2a7d780: 08e9 0c00 | 0000 48b8 | c0ba e810 | f87f 0000 | ffd0 4883 | c420 4c8b | 6dc0 49ba | 9c30 6f11 
  0x0000015fa2a7d7a0: f87f 0000 | 4180 3a00 | 0f84 3e00 | 0000 488b | 55e8 498b | cf48 83ec | 2040 f6c4 | 0f0f 8419 
  0x0000015fa2a7d7c0: 0000 0048 | 83ec 0848 | b840 b51f | 11f8 7f00 | 00ff d048 | 83c4 08e9 | 0c00 0000 | 48b8 40b5 
  0x0000015fa2a7d7e0: 1f11 f87f | 0000 ffd0 | 4883 c420 | 488b 0424 | 4883 c410 | c5fb 1004 | 2448 83c4 | 104c 8b5d 
  0x0000015fa2a7d800: 1841 ffd3 | 4c8b 5df8 | c95f 498b | e3ff e7ba | 0000 0000 | e805 0000 | 00e9 9600 | 0000 488d 
  0x0000015fa2a7d820: 4424 084c | 896d c049 | 8bcf c5f8 | 7749 89af | b003 0000 | 4989 87a0 | 0300 0048 | 83ec 2040 
  0x0000015fa2a7d840: f6c4 0f0f | 8419 0000 | 0048 83ec | 0848 b880 | aee8 10f8 | 7f00 00ff | d048 83c4 | 08e9 0c00 
  0x0000015fa2a7d860: 0000 48b8 | 80ae e810 | f87f 0000 | ffd0 4883 | c420 49c7 | 87a0 0300 | 0000 0000 | 0049 c787 
  0x0000015fa2a7d880: b003 0000 | 0000 0000 | 49c7 87a8 | 0300 0000 | 0000 00c5 | f877 4983 | 7f08 000f | 8405 0000 
  0x0000015fa2a7d8a0: 00e9 5a36 | ffff 4c8b | 6dc0 4c8b | 75c8 4e8d | 74f5 00c3 | 488b 5de8 | e95b f5ff | ff66 6690 
[/MachCode]

---------------  P R O C E S S  ---------------

Threads class SMR info:
_java_thread_list=0x0000015ffd6fad20, length=14, elements={
0x0000015f90fd2770, 0x0000015fb7b690c0, 0x0000015fb7b6a980, 0x0000015fb7b73310,
0x0000015fb7b75290, 0x0000015fb7b76950, 0x0000015fb7b78b10, 0x0000015fb7b87130,
0x0000015fb7baa890, 0x0000015fb7baaf60, 0x0000015fb7c950a0, 0x0000015fb7bad840,
0x0000015fb7e16000, 0x0000015fb7eaae20
}

Java Threads: ( => current thread )
=>0x0000015f90fd2770 JavaThread "main"                              [_thread_in_native, id=5564, stack(0x0000004cc3e00000,0x0000004cc3f00000) (1024K)]
  0x0000015fb7b690c0 JavaThread "Reference Handler"          daemon [_thread_blocked, id=13876, stack(0x0000004cc4600000,0x0000004cc4700000) (1024K)]
  0x0000015fb7b6a980 JavaThread "Finalizer"                  daemon [_thread_blocked, id=6164, stack(0x0000004cc4700000,0x0000004cc4800000) (1024K)]
  0x0000015fb7b73310 JavaThread "Signal Dispatcher"          daemon [_thread_blocked, id=9120, stack(0x0000004cc4800000,0x0000004cc4900000) (1024K)]
  0x0000015fb7b75290 JavaThread "Attach Listener"            daemon [_thread_blocked, id=6996, stack(0x0000004cc4900000,0x0000004cc4a00000) (1024K)]
  0x0000015fb7b76950 JavaThread "Service Thread"             daemon [_thread_blocked, id=16576, stack(0x0000004cc4a00000,0x0000004cc4b00000) (1024K)]
  0x0000015fb7b78b10 JavaThread "Monitor Deflation Thread"   daemon [_thread_blocked, id=2608, stack(0x0000004cc4b00000,0x0000004cc4c00000) (1024K)]
  0x0000015fb7b87130 JavaThread "C2 CompilerThread0"         daemon [_thread_blocked, id=1816, stack(0x0000004cc4c00000,0x0000004cc4d00000) (1024K)]
  0x0000015fb7baa890 JavaThread "C1 CompilerThread0"         daemon [_thread_blocked, id=7156, stack(0x0000004cc4d00000,0x0000004cc4e00000) (1024K)]
  0x0000015fb7baaf60 JavaThread "C1 CompilerThread1"         daemon [_thread_blocked, id=8340, stack(0x0000004cc4e00000,0x0000004cc4f00000) (1024K)]
  0x0000015fb7c950a0 JavaThread "Common-Cleaner"             daemon [_thread_blocked, id=7120, stack(0x0000004cc4f00000,0x0000004cc5000000) (1024K)]
  0x0000015fb7bad840 JavaThread "C1 CompilerThread2"         daemon [_thread_blocked, id=14972, stack(0x0000004cc5000000,0x0000004cc5100000) (1024K)]
  0x0000015fb7e16000 JavaThread "Monitor Ctrl-Break"         daemon [_thread_in_native, id=11080, stack(0x0000004cc5200000,0x0000004cc5300000) (1024K)]
  0x0000015fb7eaae20 JavaThread "Notification Thread"        daemon [_thread_blocked, id=2916, stack(0x0000004cc5300000,0x0000004cc5400000) (1024K)]
Total: 14

Other Threads:
  0x0000015fb6f9eff0 VMThread "VM Thread"                           [id=4048, stack(0x0000004cc4500000,0x0000004cc4600000) (1024K)]
  0x0000015fb6f840f0 WatcherThread "VM Periodic Task Thread"        [id=15056, stack(0x0000004cc4400000,0x0000004cc4500000) (1024K)]
  0x0000015f9337da00 WorkerThread "GC Thread#0"                     [id=8180, stack(0x0000004cc3f00000,0x0000004cc4000000) (1024K)]
  0x0000015f9338f250 ConcurrentGCThread "G1 Main Marker"            [id=14484, stack(0x0000004cc4000000,0x0000004cc4100000) (1024K)]
  0x0000015f93390500 WorkerThread "G1 Conc#0"                       [id=444, stack(0x0000004cc4100000,0x0000004cc4200000) (1024K)]
  0x0000015fb6e51f30 ConcurrentGCThread "G1 Refine#0"               [id=436, stack(0x0000004cc4200000,0x0000004cc4300000) (1024K)]
  0x0000015fb6e52ab0 ConcurrentGCThread "G1 Service"                [id=3456, stack(0x0000004cc4300000,0x0000004cc4400000) (1024K)]
Total: 7

Threads with active compile tasks:
Total: 0

VM state: not at safepoint (normal execution)

VM Mutex/Monitor currently owned by a thread: None

Heap address: 0x000000060d800000, size: 7976 MB, Compressed Oops mode: Zero based, Oop shift amount: 3

CDS archive(s) mapped at: [0x0000015fb8000000-0x0000015fb8c60000-0x0000015fb8c60000), size 12976128, SharedBaseAddress: 0x0000015fb8000000, ArchiveRelocationMode: 1.
Compressed class space mapped at: 0x0000015fb9000000-0x0000015ff9000000, reserved size: 1073741824
Narrow klass base: 0x0000015fb8000000, Narrow klass shift: 0, Narrow klass range: 0x41000000

GC Precious Log:
 CardTable entry size: 512
 Card Set container configuration: InlinePtr #cards 4 size 8 Array Of Cards #cards 32 size 80 Howl #buckets 8 coarsen threshold 7372 Howl Bitmap #cards 1024 size 144 coarsen threshold 921 Card regions per heap region 1 cards per card region 8192
 CPUs: 16 total, 16 available
 Memory: 31895M
 Large Page Support: Disabled
 NUMA Support: Disabled
 Compressed Oops: Enabled (Zero based)
 Heap Region Size: 4M
 Heap Min Capacity: 8M
 Heap Initial Capacity: 500M
 Heap Max Capacity: 7976M
 Pre-touch: Disabled
 Parallel Workers: 13
 Concurrent Workers: 3
 Concurrent Refinement Workers: 13
 Periodic GC: Disabled

Heap:
 garbage-first heap   total reserved 8167424K, committed 512000K, used 8192K [0x000000060d800000, 0x0000000800000000)
  region size 4096K, 3 young (12288K), 0 survivors (0K)
 Metaspace       used 3573K, committed 3712K, reserved 1114112K
  class space    used 192K, committed 256K, reserved 1048576K

Heap Regions: E=young(eden), S=young(survivor), O=old, HS=humongous(starts), HC=humongous(continues), CS=collection set, F=free, TAMS=top-at-mark-start, PB=parsable bottom
|   0|0x000000060d800000, 0x000000060d800000, 0x000000060dc00000|  0%| F|  |TAMS 0x000000060d800000| PB 0x000000060d800000| Untracked |  0
|   1|0x000000060dc00000, 0x000000060dc00000, 0x000000060e000000|  0%| F|  |TAMS 0x000000060dc00000| PB 0x000000060dc00000| Untracked |  0
|   2|0x000000060e000000, 0x000000060e000000, 0x000000060e400000|  0%| F|  |TAMS 0x000000060e000000| PB 0x000000060e000000| Untracked |  0
|   3|0x000000060e400000, 0x000000060e400000, 0x000000060e800000|  0%| F|  |TAMS 0x000000060e400000| PB 0x000000060e400000| Untracked |  0
|   4|0x000000060e800000, 0x000000060e800000, 0x000000060ec00000|  0%| F|  |TAMS 0x000000060e800000| PB 0x000000060e800000| Untracked |  0
|   5|0x000000060ec00000, 0x000000060ec00000, 0x000000060f000000|  0%| F|  |TAMS 0x000000060ec00000| PB 0x000000060ec00000| Untracked |  0
|   6|0x000000060f000000, 0x000000060f000000, 0x000000060f400000|  0%| F|  |TAMS 0x000000060f000000| PB 0x000000060f000000| Untracked |  0
|   7|0x000000060f400000, 0x000000060f400000, 0x000000060f800000|  0%| F|  |TAMS 0x000000060f400000| PB 0x000000060f400000| Untracked |  0
|   8|0x000000060f800000, 0x000000060f800000, 0x000000060fc00000|  0%| F|  |TAMS 0x000000060f800000| PB 0x000000060f800000| Untracked |  0
|   9|0x000000060fc00000, 0x000000060fc00000, 0x0000000610000000|  0%| F|  |TAMS 0x000000060fc00000| PB 0x000000060fc00000| Untracked |  0
|  10|0x0000000610000000, 0x0000000610000000, 0x0000000610400000|  0%| F|  |TAMS 0x0000000610000000| PB 0x0000000610000000| Untracked |  0
|  11|0x0000000610400000, 0x0000000610400000, 0x0000000610800000|  0%| F|  |TAMS 0x0000000610400000| PB 0x0000000610400000| Untracked |  0
|  12|0x0000000610800000, 0x0000000610800000, 0x0000000610c00000|  0%| F|  |TAMS 0x0000000610800000| PB 0x0000000610800000| Untracked |  0
|  13|0x0000000610c00000, 0x0000000610c00000, 0x0000000611000000|  0%| F|  |TAMS 0x0000000610c00000| PB 0x0000000610c00000| Untracked |  0
|  14|0x0000000611000000, 0x0000000611000000, 0x0000000611400000|  0%| F|  |TAMS 0x0000000611000000| PB 0x0000000611000000| Untracked |  0
|  15|0x0000000611400000, 0x0000000611400000, 0x0000000611800000|  0%| F|  |TAMS 0x0000000611400000| PB 0x0000000611400000| Untracked |  0
|  16|0x0000000611800000, 0x0000000611800000, 0x0000000611c00000|  0%| F|  |TAMS 0x0000000611800000| PB 0x0000000611800000| Untracked |  0
|  17|0x0000000611c00000, 0x0000000611c00000, 0x0000000612000000|  0%| F|  |TAMS 0x0000000611c00000| PB 0x0000000611c00000| Untracked |  0
|  18|0x0000000612000000, 0x0000000612000000, 0x0000000612400000|  0%| F|  |TAMS 0x0000000612000000| PB 0x0000000612000000| Untracked |  0
|  19|0x0000000612400000, 0x0000000612400000, 0x0000000612800000|  0%| F|  |TAMS 0x0000000612400000| PB 0x0000000612400000| Untracked |  0
|  20|0x0000000612800000, 0x0000000612800000, 0x0000000612c00000|  0%| F|  |TAMS 0x0000000612800000| PB 0x0000000612800000| Untracked |  0
|  21|0x0000000612c00000, 0x0000000612c00000, 0x0000000613000000|  0%| F|  |TAMS 0x0000000612c00000| PB 0x0000000612c00000| Untracked |  0
|  22|0x0000000613000000, 0x0000000613000000, 0x0000000613400000|  0%| F|  |TAMS 0x0000000613000000| PB 0x0000000613000000| Untracked |  0
|  23|0x0000000613400000, 0x0000000613400000, 0x0000000613800000|  0%| F|  |TAMS 0x0000000613400000| PB 0x0000000613400000| Untracked |  0
|  24|0x0000000613800000, 0x0000000613800000, 0x0000000613c00000|  0%| F|  |TAMS 0x0000000613800000| PB 0x0000000613800000| Untracked |  0
|  25|0x0000000613c00000, 0x0000000613c00000, 0x0000000614000000|  0%| F|  |TAMS 0x0000000613c00000| PB 0x0000000613c00000| Untracked |  0
|  26|0x0000000614000000, 0x0000000614000000, 0x0000000614400000|  0%| F|  |TAMS 0x0000000614000000| PB 0x0000000614000000| Untracked |  0
|  27|0x0000000614400000, 0x0000000614400000, 0x0000000614800000|  0%| F|  |TAMS 0x0000000614400000| PB 0x0000000614400000| Untracked |  0
|  28|0x0000000614800000, 0x0000000614800000, 0x0000000614c00000|  0%| F|  |TAMS 0x0000000614800000| PB 0x0000000614800000| Untracked |  0
|  29|0x0000000614c00000, 0x0000000614c00000, 0x0000000615000000|  0%| F|  |TAMS 0x0000000614c00000| PB 0x0000000614c00000| Untracked |  0
|  30|0x0000000615000000, 0x0000000615000000, 0x0000000615400000|  0%| F|  |TAMS 0x0000000615000000| PB 0x0000000615000000| Untracked |  0
|  31|0x0000000615400000, 0x0000000615400000, 0x0000000615800000|  0%| F|  |TAMS 0x0000000615400000| PB 0x0000000615400000| Untracked |  0
|  32|0x0000000615800000, 0x0000000615800000, 0x0000000615c00000|  0%| F|  |TAMS 0x0000000615800000| PB 0x0000000615800000| Untracked |  0
|  33|0x0000000615c00000, 0x0000000615c00000, 0x0000000616000000|  0%| F|  |TAMS 0x0000000615c00000| PB 0x0000000615c00000| Untracked |  0
|  34|0x0000000616000000, 0x0000000616000000, 0x0000000616400000|  0%| F|  |TAMS 0x0000000616000000| PB 0x0000000616000000| Untracked |  0
|  35|0x0000000616400000, 0x0000000616400000, 0x0000000616800000|  0%| F|  |TAMS 0x0000000616400000| PB 0x0000000616400000| Untracked |  0
|  36|0x0000000616800000, 0x0000000616800000, 0x0000000616c00000|  0%| F|  |TAMS 0x0000000616800000| PB 0x0000000616800000| Untracked |  0
|  37|0x0000000616c00000, 0x0000000616c00000, 0x0000000617000000|  0%| F|  |TAMS 0x0000000616c00000| PB 0x0000000616c00000| Untracked |  0
|  38|0x0000000617000000, 0x0000000617000000, 0x0000000617400000|  0%| F|  |TAMS 0x0000000617000000| PB 0x0000000617000000| Untracked |  0
|  39|0x0000000617400000, 0x0000000617400000, 0x0000000617800000|  0%| F|  |TAMS 0x0000000617400000| PB 0x0000000617400000| Untracked |  0
|  40|0x0000000617800000, 0x0000000617800000, 0x0000000617c00000|  0%| F|  |TAMS 0x0000000617800000| PB 0x0000000617800000| Untracked |  0
|  41|0x0000000617c00000, 0x0000000617c00000, 0x0000000618000000|  0%| F|  |TAMS 0x0000000617c00000| PB 0x0000000617c00000| Untracked |  0
|  42|0x0000000618000000, 0x0000000618000000, 0x0000000618400000|  0%| F|  |TAMS 0x0000000618000000| PB 0x0000000618000000| Untracked |  0
|  43|0x0000000618400000, 0x0000000618400000, 0x0000000618800000|  0%| F|  |TAMS 0x0000000618400000| PB 0x0000000618400000| Untracked |  0
|  44|0x0000000618800000, 0x0000000618800000, 0x0000000618c00000|  0%| F|  |TAMS 0x0000000618800000| PB 0x0000000618800000| Untracked |  0
|  45|0x0000000618c00000, 0x0000000618c00000, 0x0000000619000000|  0%| F|  |TAMS 0x0000000618c00000| PB 0x0000000618c00000| Untracked |  0
|  46|0x0000000619000000, 0x0000000619000000, 0x0000000619400000|  0%| F|  |TAMS 0x0000000619000000| PB 0x0000000619000000| Untracked |  0
|  47|0x0000000619400000, 0x0000000619400000, 0x0000000619800000|  0%| F|  |TAMS 0x0000000619400000| PB 0x0000000619400000| Untracked |  0
|  48|0x0000000619800000, 0x0000000619800000, 0x0000000619c00000|  0%| F|  |TAMS 0x0000000619800000| PB 0x0000000619800000| Untracked |  0
|  49|0x0000000619c00000, 0x0000000619c00000, 0x000000061a000000|  0%| F|  |TAMS 0x0000000619c00000| PB 0x0000000619c00000| Untracked |  0
|  50|0x000000061a000000, 0x000000061a000000, 0x000000061a400000|  0%| F|  |TAMS 0x000000061a000000| PB 0x000000061a000000| Untracked |  0
|  51|0x000000061a400000, 0x000000061a400000, 0x000000061a800000|  0%| F|  |TAMS 0x000000061a400000| PB 0x000000061a400000| Untracked |  0
|  52|0x000000061a800000, 0x000000061a800000, 0x000000061ac00000|  0%| F|  |TAMS 0x000000061a800000| PB 0x000000061a800000| Untracked |  0
|  53|0x000000061ac00000, 0x000000061ac00000, 0x000000061b000000|  0%| F|  |TAMS 0x000000061ac00000| PB 0x000000061ac00000| Untracked |  0
|  54|0x000000061b000000, 0x000000061b000000, 0x000000061b400000|  0%| F|  |TAMS 0x000000061b000000| PB 0x000000061b000000| Untracked |  0
|  55|0x000000061b400000, 0x000000061b400000, 0x000000061b800000|  0%| F|  |TAMS 0x000000061b400000| PB 0x000000061b400000| Untracked |  0
|  56|0x000000061b800000, 0x000000061b800000, 0x000000061bc00000|  0%| F|  |TAMS 0x000000061b800000| PB 0x000000061b800000| Untracked |  0
|  57|0x000000061bc00000, 0x000000061bc00000, 0x000000061c000000|  0%| F|  |TAMS 0x000000061bc00000| PB 0x000000061bc00000| Untracked |  0
|  58|0x000000061c000000, 0x000000061c000000, 0x000000061c400000|  0%| F|  |TAMS 0x000000061c000000| PB 0x000000061c000000| Untracked |  0
|  59|0x000000061c400000, 0x000000061c400000, 0x000000061c800000|  0%| F|  |TAMS 0x000000061c400000| PB 0x000000061c400000| Untracked |  0
|  60|0x000000061c800000, 0x000000061c800000, 0x000000061cc00000|  0%| F|  |TAMS 0x000000061c800000| PB 0x000000061c800000| Untracked |  0
|  61|0x000000061cc00000, 0x000000061cc00000, 0x000000061d000000|  0%| F|  |TAMS 0x000000061cc00000| PB 0x000000061cc00000| Untracked |  0
|  62|0x000000061d000000, 0x000000061d000000, 0x000000061d400000|  0%| F|  |TAMS 0x000000061d000000| PB 0x000000061d000000| Untracked |  0
|  63|0x000000061d400000, 0x000000061d400000, 0x000000061d800000|  0%| F|  |TAMS 0x000000061d400000| PB 0x000000061d400000| Untracked |  0
|  64|0x000000061d800000, 0x000000061d800000, 0x000000061dc00000|  0%| F|  |TAMS 0x000000061d800000| PB 0x000000061d800000| Untracked |  0
|  65|0x000000061dc00000, 0x000000061dc00000, 0x000000061e000000|  0%| F|  |TAMS 0x000000061dc00000| PB 0x000000061dc00000| Untracked |  0
|  66|0x000000061e000000, 0x000000061e000000, 0x000000061e400000|  0%| F|  |TAMS 0x000000061e000000| PB 0x000000061e000000| Untracked |  0
|  67|0x000000061e400000, 0x000000061e400000, 0x000000061e800000|  0%| F|  |TAMS 0x000000061e400000| PB 0x000000061e400000| Untracked |  0
|  68|0x000000061e800000, 0x000000061e800000, 0x000000061ec00000|  0%| F|  |TAMS 0x000000061e800000| PB 0x000000061e800000| Untracked |  0
|  69|0x000000061ec00000, 0x000000061ec00000, 0x000000061f000000|  0%| F|  |TAMS 0x000000061ec00000| PB 0x000000061ec00000| Untracked |  0
|  70|0x000000061f000000, 0x000000061f000000, 0x000000061f400000|  0%| F|  |TAMS 0x000000061f000000| PB 0x000000061f000000| Untracked |  0
|  71|0x000000061f400000, 0x000000061f400000, 0x000000061f800000|  0%| F|  |TAMS 0x000000061f400000| PB 0x000000061f400000| Untracked |  0
|  72|0x000000061f800000, 0x000000061f800000, 0x000000061fc00000|  0%| F|  |TAMS 0x000000061f800000| PB 0x000000061f800000| Untracked |  0
|  73|0x000000061fc00000, 0x000000061fc00000, 0x0000000620000000|  0%| F|  |TAMS 0x000000061fc00000| PB 0x000000061fc00000| Untracked |  0
|  74|0x0000000620000000, 0x0000000620000000, 0x0000000620400000|  0%| F|  |TAMS 0x0000000620000000| PB 0x0000000620000000| Untracked |  0
|  75|0x0000000620400000, 0x0000000620400000, 0x0000000620800000|  0%| F|  |TAMS 0x0000000620400000| PB 0x0000000620400000| Untracked |  0
|  76|0x0000000620800000, 0x0000000620800000, 0x0000000620c00000|  0%| F|  |TAMS 0x0000000620800000| PB 0x0000000620800000| Untracked |  0
|  77|0x0000000620c00000, 0x0000000620c00000, 0x0000000621000000|  0%| F|  |TAMS 0x0000000620c00000| PB 0x0000000620c00000| Untracked |  0
|  78|0x0000000621000000, 0x0000000621000000, 0x0000000621400000|  0%| F|  |TAMS 0x0000000621000000| PB 0x0000000621000000| Untracked |  0
|  79|0x0000000621400000, 0x0000000621400000, 0x0000000621800000|  0%| F|  |TAMS 0x0000000621400000| PB 0x0000000621400000| Untracked |  0
|  80|0x0000000621800000, 0x0000000621800000, 0x0000000621c00000|  0%| F|  |TAMS 0x0000000621800000| PB 0x0000000621800000| Untracked |  0
|  81|0x0000000621c00000, 0x0000000621c00000, 0x0000000622000000|  0%| F|  |TAMS 0x0000000621c00000| PB 0x0000000621c00000| Untracked |  0
|  82|0x0000000622000000, 0x0000000622000000, 0x0000000622400000|  0%| F|  |TAMS 0x0000000622000000| PB 0x0000000622000000| Untracked |  0
|  83|0x0000000622400000, 0x0000000622400000, 0x0000000622800000|  0%| F|  |TAMS 0x0000000622400000| PB 0x0000000622400000| Untracked |  0
|  84|0x0000000622800000, 0x0000000622800000, 0x0000000622c00000|  0%| F|  |TAMS 0x0000000622800000| PB 0x0000000622800000| Untracked |  0
|  85|0x0000000622c00000, 0x0000000622c00000, 0x0000000623000000|  0%| F|  |TAMS 0x0000000622c00000| PB 0x0000000622c00000| Untracked |  0
|  86|0x0000000623000000, 0x0000000623000000, 0x0000000623400000|  0%| F|  |TAMS 0x0000000623000000| PB 0x0000000623000000| Untracked |  0
|  87|0x0000000623400000, 0x0000000623400000, 0x0000000623800000|  0%| F|  |TAMS 0x0000000623400000| PB 0x0000000623400000| Untracked |  0
|  88|0x0000000623800000, 0x0000000623800000, 0x0000000623c00000|  0%| F|  |TAMS 0x0000000623800000| PB 0x0000000623800000| Untracked |  0
|  89|0x0000000623c00000, 0x0000000623c00000, 0x0000000624000000|  0%| F|  |TAMS 0x0000000623c00000| PB 0x0000000623c00000| Untracked |  0
|  90|0x0000000624000000, 0x0000000624000000, 0x0000000624400000|  0%| F|  |TAMS 0x0000000624000000| PB 0x0000000624000000| Untracked |  0
|  91|0x0000000624400000, 0x0000000624400000, 0x0000000624800000|  0%| F|  |TAMS 0x0000000624400000| PB 0x0000000624400000| Untracked |  0
|  92|0x0000000624800000, 0x0000000624800000, 0x0000000624c00000|  0%| F|  |TAMS 0x0000000624800000| PB 0x0000000624800000| Untracked |  0
|  93|0x0000000624c00000, 0x0000000624c00000, 0x0000000625000000|  0%| F|  |TAMS 0x0000000624c00000| PB 0x0000000624c00000| Untracked |  0
|  94|0x0000000625000000, 0x0000000625000000, 0x0000000625400000|  0%| F|  |TAMS 0x0000000625000000| PB 0x0000000625000000| Untracked |  0
|  95|0x0000000625400000, 0x0000000625400000, 0x0000000625800000|  0%| F|  |TAMS 0x0000000625400000| PB 0x0000000625400000| Untracked |  0
|  96|0x0000000625800000, 0x0000000625800000, 0x0000000625c00000|  0%| F|  |TAMS 0x0000000625800000| PB 0x0000000625800000| Untracked |  0
|  97|0x0000000625c00000, 0x0000000625c00000, 0x0000000626000000|  0%| F|  |TAMS 0x0000000625c00000| PB 0x0000000625c00000| Untracked |  0
|  98|0x0000000626000000, 0x0000000626000000, 0x0000000626400000|  0%| F|  |TAMS 0x0000000626000000| PB 0x0000000626000000| Untracked |  0
|  99|0x0000000626400000, 0x0000000626400000, 0x0000000626800000|  0%| F|  |TAMS 0x0000000626400000| PB 0x0000000626400000| Untracked |  0
| 100|0x0000000626800000, 0x0000000626800000, 0x0000000626c00000|  0%| F|  |TAMS 0x0000000626800000| PB 0x0000000626800000| Untracked |  0
| 101|0x0000000626c00000, 0x0000000626c00000, 0x0000000627000000|  0%| F|  |TAMS 0x0000000626c00000| PB 0x0000000626c00000| Untracked |  0
| 102|0x0000000627000000, 0x0000000627000000, 0x0000000627400000|  0%| F|  |TAMS 0x0000000627000000| PB 0x0000000627000000| Untracked |  0
| 103|0x0000000627400000, 0x0000000627400000, 0x0000000627800000|  0%| F|  |TAMS 0x0000000627400000| PB 0x0000000627400000| Untracked |  0
| 104|0x0000000627800000, 0x0000000627800000, 0x0000000627c00000|  0%| F|  |TAMS 0x0000000627800000| PB 0x0000000627800000| Untracked |  0
| 105|0x0000000627c00000, 0x0000000627c00000, 0x0000000628000000|  0%| F|  |TAMS 0x0000000627c00000| PB 0x0000000627c00000| Untracked |  0
| 106|0x0000000628000000, 0x0000000628000000, 0x0000000628400000|  0%| F|  |TAMS 0x0000000628000000| PB 0x0000000628000000| Untracked |  0
| 107|0x0000000628400000, 0x0000000628400000, 0x0000000628800000|  0%| F|  |TAMS 0x0000000628400000| PB 0x0000000628400000| Untracked |  0
| 108|0x0000000628800000, 0x0000000628800000, 0x0000000628c00000|  0%| F|  |TAMS 0x0000000628800000| PB 0x0000000628800000| Untracked |  0
| 109|0x0000000628c00000, 0x0000000628c00000, 0x0000000629000000|  0%| F|  |TAMS 0x0000000628c00000| PB 0x0000000628c00000| Untracked |  0
| 110|0x0000000629000000, 0x0000000629000000, 0x0000000629400000|  0%| F|  |TAMS 0x0000000629000000| PB 0x0000000629000000| Untracked |  0
| 111|0x0000000629400000, 0x0000000629400000, 0x0000000629800000|  0%| F|  |TAMS 0x0000000629400000| PB 0x0000000629400000| Untracked |  0
| 112|0x0000000629800000, 0x0000000629800000, 0x0000000629c00000|  0%| F|  |TAMS 0x0000000629800000| PB 0x0000000629800000| Untracked |  0
| 113|0x0000000629c00000, 0x0000000629c00000, 0x000000062a000000|  0%| F|  |TAMS 0x0000000629c00000| PB 0x0000000629c00000| Untracked |  0
| 114|0x000000062a000000, 0x000000062a000000, 0x000000062a400000|  0%| F|  |TAMS 0x000000062a000000| PB 0x000000062a000000| Untracked |  0
| 115|0x000000062a400000, 0x000000062a400000, 0x000000062a800000|  0%| F|  |TAMS 0x000000062a400000| PB 0x000000062a400000| Untracked |  0
| 116|0x000000062a800000, 0x000000062a800000, 0x000000062ac00000|  0%| F|  |TAMS 0x000000062a800000| PB 0x000000062a800000| Untracked |  0
| 117|0x000000062ac00000, 0x000000062ac00000, 0x000000062b000000|  0%| F|  |TAMS 0x000000062ac00000| PB 0x000000062ac00000| Untracked |  0
| 118|0x000000062b000000, 0x000000062b000000, 0x000000062b400000|  0%| F|  |TAMS 0x000000062b000000| PB 0x000000062b000000| Untracked |  0
| 119|0x000000062b400000, 0x000000062b400000, 0x000000062b800000|  0%| F|  |TAMS 0x000000062b400000| PB 0x000000062b400000| Untracked |  0
| 120|0x000000062b800000, 0x000000062b800000, 0x000000062bc00000|  0%| F|  |TAMS 0x000000062b800000| PB 0x000000062b800000| Untracked |  0
| 121|0x000000062bc00000, 0x000000062bc00000, 0x000000062c000000|  0%| F|  |TAMS 0x000000062bc00000| PB 0x000000062bc00000| Untracked |  0
| 122|0x000000062c000000, 0x000000062c1e3ed8, 0x000000062c400000| 47%| E|  |TAMS 0x000000062c000000| PB 0x000000062c000000| Complete |  0
| 123|0x000000062c400000, 0x000000062c800000, 0x000000062c800000|100%| E|CS|TAMS 0x000000062c400000| PB 0x000000062c400000| Complete |  0
| 124|0x000000062c800000, 0x000000062cc00000, 0x000000062cc00000|100%| E|CS|TAMS 0x000000062c800000| PB 0x000000062c800000| Complete |  0

Card table byte_map: [0x0000015fabe40000,0x0000015facde0000] _byte_map_base: 0x0000015fa8dd4000

Marking Bits: (CMBitMap*) 0x0000015f9337e110
 Bits: [0x0000015facde0000, 0x0000015fb4a80000)

Polling page: 0x0000015f91240000

Metaspace:

Usage:
  Non-class:      3.30 MB used.
      Class:    192.68 KB used.
       Both:      3.49 MB used.

Virtual space:
  Non-class space:       64.00 MB reserved,       3.38 MB (  5%) committed,  1 nodes.
      Class space:        1.00 GB reserved,     256.00 KB ( <1%) committed,  1 nodes.
             Both:        1.06 GB reserved,       3.62 MB ( <1%) committed. 

Chunk freelists:
   Non-Class:  10.12 MB
       Class:  15.66 MB
        Both:  25.78 MB

MaxMetaspaceSize: unlimited
CompressedClassSpaceSize: 1.00 GB
Initial GC threshold: 21.00 MB
Current GC threshold: 21.00 MB
CDS: on
 - commit_granule_bytes: 65536.
 - commit_granule_words: 8192.
 - virtual_space_node_default_size: 8388608.
 - enlarge_chunks_in_place: 1.
 - use_allocation_guard: 0.


Internal statistics:

num_allocs_failed_limit: 0.
num_arena_births: 76.
num_arena_deaths: 0.
num_vsnodes_births: 2.
num_vsnodes_deaths: 0.
num_space_committed: 57.
num_space_uncommitted: 0.
num_chunks_returned_to_freelist: 0.
num_chunks_taken_from_freelist: 159.
num_chunk_merges: 0.
num_chunk_splits: 108.
num_chunks_enlarged: 74.
num_inconsistent_stats: 0.

CodeHeap 'non-profiled nmethods': size=119168Kb used=184Kb max_used=184Kb free=118983Kb
 bounds [0x0000015fa31c0000, 0x0000015fa3430000, 0x0000015faa620000]
CodeHeap 'profiled nmethods': size=119104Kb used=935Kb max_used=935Kb free=118168Kb
 bounds [0x0000015f9b620000, 0x0000015f9b890000, 0x0000015fa2a70000]
CodeHeap 'non-nmethods': size=7488Kb used=3530Kb max_used=3544Kb free=3957Kb
 bounds [0x0000015fa2a70000, 0x0000015fa2df0000, 0x0000015fa31c0000]
 total_blobs=1739 nmethods=677 adapters=965
 compilation: enabled
              stopped_count=0, restarted_count=0
 full_count=0

Compilation events (20 events):
Event: 0.363 Thread 0x0000015fb7baa890  668       3       org.lwjgl.system.Checks::checkFunctions (81 bytes)
Event: 0.363 Thread 0x0000015fb7baa890 nmethod 668 0x0000015f9b707410 code [0x0000015f9b707600, 0x0000015f9b707a58]
Event: 0.425 Thread 0x0000015fb7baa890  669       1       org.lwjgl.system.CustomBuffer::limit (5 bytes)
Event: 0.425 Thread 0x0000015fb7b87130  670       4       org.lwjgl.PointerBuffer::get (22 bytes)
Event: 0.425 Thread 0x0000015fb7baa890 nmethod 669 0x0000015fa31ed490 code [0x0000015fa31ed620, 0x0000015fa31ed6e8]
Event: 0.425 Thread 0x0000015fb7baa890  671       3       java.lang.Class::getName (18 bytes)
Event: 0.425 Thread 0x0000015fb7baa890 nmethod 671 0x0000015f9b707c90 code [0x0000015f9b707e40, 0x0000015f9b707fd0]
Event: 0.425 Thread 0x0000015fb7b87130 nmethod 670 0x0000015fa31ed790 code [0x0000015fa31ed920, 0x0000015fa31eda00]
Event: 0.426 Thread 0x0000015fb7baa890  672       3       java.util.Arrays::rangeCheck (74 bytes)
Event: 0.426 Thread 0x0000015fb7baa890 nmethod 672 0x0000015f9b708090 code [0x0000015f9b708340, 0x0000015f9b708c68]
Event: 0.427 Thread 0x0000015fb7baa890  673       1       java.security.CodeSource::getLocation (5 bytes)
Event: 0.427 Thread 0x0000015fb7baa890 nmethod 673 0x0000015fa31edb10 code [0x0000015fa31edca0, 0x0000015fa31edd70]
Event: 0.430 Thread 0x0000015fb7b87130  674       4       java.lang.StringLatin1::lastIndexOf (40 bytes)
Event: 0.431 Thread 0x0000015fb7bad840  675       3       java.io.WinNTFileSystem::isLetter (30 bytes)
Event: 0.431 Thread 0x0000015fb7bad840 nmethod 675 0x0000015f9b709010 code [0x0000015f9b7091a0, 0x0000015f9b709390]
Event: 0.431 Thread 0x0000015fb7bad840  676       3       java.lang.StringUTF16::compress (47 bytes)
Event: 0.431 Thread 0x0000015fb7baaf60  677       3       java.io.InputStream::<init> (5 bytes)
Event: 0.431 Thread 0x0000015fb7bad840 nmethod 676 0x0000015f9b709410 code [0x0000015f9b7095c0, 0x0000015f9b709808]
Event: 0.431 Thread 0x0000015fb7baaf60 nmethod 677 0x0000015f9b709990 code [0x0000015f9b709b20, 0x0000015f9b709c88]
Event: 0.432 Thread 0x0000015fb7b87130 nmethod 674 0x0000015fa31ede10 code [0x0000015fa31edfa0, 0x0000015fa31ee198]

GC Heap History (0 events):
No events

Dll operation events (12 events):
Event: 0.004 Loaded shared library C:\Program Files\Java\jdk-22\bin\java.dll
Event: 0.018 Loaded shared library C:\Program Files\Java\jdk-22\bin\jsvml.dll
Event: 0.035 Loaded shared library C:\Program Files\Java\jdk-22\bin\zip.dll
Event: 0.036 Loaded shared library C:\Program Files\Java\jdk-22\bin\instrument.dll
Event: 0.038 Loaded shared library C:\Program Files\Java\jdk-22\bin\net.dll
Event: 0.039 Loaded shared library C:\Program Files\Java\jdk-22\bin\nio.dll
Event: 0.041 Loaded shared library C:\Program Files\Java\jdk-22\bin\zip.dll
Event: 0.052 Loaded shared library C:\Program Files\JetBrains\IntelliJ IDEA Community Edition 2024.2.4\bin\breakgen64.dll
Event: 0.056 Loaded shared library C:\Program Files\Java\jdk-22\bin\extnet.dll
Event: 0.067 Loaded shared library C:\Program Files\Java\jdk-22\bin\jimage.dll
Event: 0.077 Loaded shared library C:\Users\digas\AppData\Local\Temp\lwjgl_TAS\3.3.4+7\x64\lwjgl.dll
Event: 0.232 Loaded shared library C:\Users\digas\AppData\Local\Temp\lwjgl_TAS\3.3.4+7\x64\lwjgl_opengl.dll

Deoptimization events (16 events):
Event: 0.053 Thread 0x0000015f90fd2770 Uncommon trap: trap_request=0xffffff45 fr.pc=0x0000015fa31d0264 relative=0x00000000000000c4
Event: 0.053 Thread 0x0000015f90fd2770 Uncommon trap: reason=unstable_if action=reinterpret pc=0x0000015fa31d0264 method=java.lang.String.isLatin1()Z @ 10 c2
Event: 0.053 Thread 0x0000015f90fd2770 DEOPT PACKING pc=0x0000015fa31d0264 sp=0x0000004cc3eff030
Event: 0.053 Thread 0x0000015f90fd2770 DEOPT UNPACKING pc=0x0000015fa2ac7da2 sp=0x0000004cc3efef70 mode 2
Event: 0.094 Thread 0x0000015f90fd2770 DEOPT PACKING pc=0x0000015f9b64fbfc sp=0x0000004cc3efe070
Event: 0.094 Thread 0x0000015f90fd2770 DEOPT UNPACKING pc=0x0000015fa2ac88e2 sp=0x0000004cc3efd490 mode 0
Event: 0.234 Thread 0x0000015f90fd2770 DEOPT PACKING pc=0x0000015f9b628a4c sp=0x0000004cc3efd1d0
Event: 0.234 Thread 0x0000015f90fd2770 DEOPT UNPACKING pc=0x0000015fa2ac88e2 sp=0x0000004cc3efc638 mode 0
Event: 0.237 Thread 0x0000015f90fd2770 Uncommon trap: trap_request=0xffffff54 fr.pc=0x0000015fa31e97f0 relative=0x0000000000000070
Event: 0.237 Thread 0x0000015f90fd2770 Uncommon trap: reason=speculate_null_assert action=make_not_entrant pc=0x0000015fa31e97f0 method=sun.misc.Unsafe.putLong(Ljava/lang/Object;JJ)V @ 7 c2
Event: 0.237 Thread 0x0000015f90fd2770 DEOPT PACKING pc=0x0000015fa31e97f0 sp=0x0000004cc3eff050
Event: 0.237 Thread 0x0000015f90fd2770 DEOPT UNPACKING pc=0x0000015fa2ac7da2 sp=0x0000004cc3efefc8 mode 2
Event: 0.314 Thread 0x0000015f90fd2770 Uncommon trap: trap_request=0xffffff54 fr.pc=0x0000015fa31eb1ec relative=0x000000000000006c
Event: 0.314 Thread 0x0000015f90fd2770 Uncommon trap: reason=speculate_null_assert action=make_not_entrant pc=0x0000015fa31eb1ec method=sun.misc.Unsafe.getLong(Ljava/lang/Object;J)J @ 5 c2
Event: 0.314 Thread 0x0000015f90fd2770 DEOPT PACKING pc=0x0000015fa31eb1ec sp=0x0000004cc3efefe0
Event: 0.314 Thread 0x0000015f90fd2770 DEOPT UNPACKING pc=0x0000015fa2ac7da2 sp=0x0000004cc3efef68 mode 2

Classes loaded (20 events):
Event: 0.088 Loading class sun/misc/Unsafe
Event: 0.088 Loading class sun/misc/Unsafe done
Event: 0.088 Loading class java/lang/invoke/DirectMethodHandle$StaticAccessor
Event: 0.088 Loading class java/lang/invoke/DirectMethodHandle$StaticAccessor done
Event: 0.089 Loading class java/util/function/LongPredicate
Event: 0.089 Loading class java/util/function/LongPredicate done
Event: 0.089 Loading class java/lang/foreign/MemorySegment
Event: 0.090 Loading class java/lang/foreign/MemorySegment done
Event: 0.091 Loading class java/nio/InvalidMarkException
Event: 0.091 Loading class java/nio/InvalidMarkException done
Event: 0.091 Loading class java/nio/BufferUnderflowException
Event: 0.091 Loading class java/nio/BufferUnderflowException done
Event: 0.092 Loading class java/lang/IndexOutOfBoundsException
Event: 0.092 Loading class java/lang/IndexOutOfBoundsException done
Event: 0.235 Loading class java/util/Formatter$FixedString
Event: 0.235 Loading class java/util/Formatter$FixedString done
Event: 0.238 Loading class jdk/internal/foreign/MemorySessionImpl
Event: 0.238 Loading class java/lang/foreign/MemorySegment$Scope
Event: 0.238 Loading class java/lang/foreign/MemorySegment$Scope done
Event: 0.238 Loading class jdk/internal/foreign/MemorySessionImpl done

Classes unloaded (0 events):
No events

Classes redefined (0 events):
No events

Internal exceptions (20 events):
Event: 0.063 Thread 0x0000015f90fd2770 Exception <a 'java/lang/NoSuchMethodError'{0x000000062c5e3ba8}: 'java.lang.Object java.lang.invoke.DirectMethodHandle$Holder.invokeStatic(java.lang.Object, java.lang.Object, int)'> (0x000000062c5e3ba8) 
thrown [s\open\src\hotspot\share\interpreter\linkResolver.cpp, line 774]
Event: 0.063 Thread 0x0000015f90fd2770 Exception <a 'java/lang/NoSuchMethodError'{0x000000062c5ef6b0}: 'void java.lang.invoke.DelegatingMethodHandle$Holder.delegate(java.lang.Object, java.lang.Object, int, java.lang.Object)'> (0x000000062c5ef6b0) 
thrown [s\open\src\hotspot\share\interpreter\linkResolver.cpp, line 774]
Event: 0.064 Thread 0x0000015f90fd2770 Exception <a 'java/lang/NoSuchMethodError'{0x000000062c5f3440}: 'int java.lang.invoke.DirectMethodHandle$Holder.invokeSpecial(java.lang.Object, java.lang.Object, java.lang.Object)'> (0x000000062c5f3440) 
thrown [s\open\src\hotspot\share\interpreter\linkResolver.cpp, line 774]
Event: 0.066 Thread 0x0000015f90fd2770 Exception <a 'java/lang/NoSuchMethodError'{0x000000062c60c970}: 'void java.lang.System.loadLibrary(java.lang.String, java.lang.Class)'> (0x000000062c60c970) 
thrown [s\open\src\hotspot\share\interpreter\linkResolver.cpp, line 774]
Event: 0.079 Thread 0x0000015f90fd2770 Exception <a 'sun/nio/fs/WindowsException'{0x000000062c6440b0}> (0x000000062c6440b0) 
thrown [s\open\src\hotspot\share\prims\jni.cpp, line 520]
Event: 0.079 Thread 0x0000015f90fd2770 Exception <a 'sun/nio/fs/WindowsException'{0x000000062c6445d0}> (0x000000062c6445d0) 
thrown [s\open\src\hotspot\share\prims\jni.cpp, line 520]
Event: 0.085 Thread 0x0000015f90fd2770 Exception <a 'sun/nio/fs/WindowsException'{0x000000062c675110}> (0x000000062c675110) 
thrown [s\open\src\hotspot\share\prims\jni.cpp, line 520]
Event: 0.085 Thread 0x0000015f90fd2770 Exception <a 'sun/nio/fs/WindowsException'{0x000000062c675468}> (0x000000062c675468) 
thrown [s\open\src\hotspot\share\prims\jni.cpp, line 520]
Event: 0.089 Thread 0x0000015f90fd2770 Exception <a 'java/lang/NoSuchMethodError'{0x000000062c6c5530}: 'int java.lang.invoke.DirectMethodHandle$Holder.invokeStaticInit(java.lang.Object, java.lang.Object, int, long)'> (0x000000062c6c5530) 
thrown [s\open\src\hotspot\share\interpreter\linkResolver.cpp, line 774]
Event: 0.089 Thread 0x0000015f90fd2770 Exception <a 'java/lang/NoSuchMethodError'{0x000000062c6ca638}: 'java.lang.Object java.lang.invoke.DirectMethodHandle$Holder.newInvokeSpecial(java.lang.Object, java.lang.Object, int)'> (0x000000062c6ca638) 
thrown [s\open\src\hotspot\share\interpreter\linkResolver.cpp, line 774]
Event: 0.090 Thread 0x0000015f90fd2770 Exception <a 'java/lang/NoSuchMethodError'{0x000000062c6d9a98}: 'int java.lang.invoke.DirectMethodHandle$Holder.invokeStaticInit(java.lang.Object, java.lang.Object, long, long)'> (0x000000062c6d9a98) 
thrown [s\open\src\hotspot\share\interpreter\linkResolver.cpp, line 774]
Event: 0.090 Thread 0x0000015f90fd2770 Exception <a 'java/lang/NoSuchMethodError'{0x000000062c6df520}: 'java.lang.Object java.lang.invoke.DirectMethodHandle$Holder.newInvokeSpecial(java.lang.Object, java.lang.Object, long)'> (0x000000062c6df520) 
thrown [s\open\src\hotspot\share\interpreter\linkResolver.cpp, line 774]
Event: 0.091 Thread 0x0000015f90fd2770 Exception <a 'java/lang/NoSuchMethodError'{0x000000062c6e3610}: 'java.lang.Object java.lang.invoke.Invokers$Holder.linkToTargetMethod(java.lang.Object, long, java.lang.Object)'> (0x000000062c6e3610) 
thrown [s\open\src\hotspot\share\interpreter\linkResolver.cpp, line 774]
Event: 0.091 Thread 0x0000015f90fd2770 Exception <a 'java/lang/NoSuchMethodError'{0x000000062c6ea838}: 'int java.lang.invoke.DirectMethodHandle$Holder.invokeStaticInit(java.lang.Object, java.lang.Object, java.lang.Object, long)'> (0x000000062c6ea838) 
thrown [s\open\src\hotspot\share\interpreter\linkResolver.cpp, line 774]
Event: 0.229 Thread 0x0000015f90fd2770 Exception <a 'java/lang/NoSuchMethodError'{0x000000062c771e38}: 'void java.lang.System.load(java.lang.String, java.lang.Class)'> (0x000000062c771e38) 
thrown [s\open\src\hotspot\share\interpreter\linkResolver.cpp, line 774]
Event: 0.229 Thread 0x0000015f90fd2770 Exception <a 'java/lang/NoSuchMethodError'{0x000000062c774888}: 'void java.lang.System.loadLibrary(java.lang.String, java.lang.Class)'> (0x000000062c774888) 
thrown [s\open\src\hotspot\share\interpreter\linkResolver.cpp, line 774]
Event: 0.232 Thread 0x0000015f90fd2770 Exception <a 'sun/nio/fs/WindowsException'{0x000000062c7832a0}> (0x000000062c7832a0) 
thrown [s\open\src\hotspot\share\prims\jni.cpp, line 520]
Event: 0.232 Thread 0x0000015f90fd2770 Exception <a 'sun/nio/fs/WindowsException'{0x000000062c783630}> (0x000000062c783630) 
thrown [s\open\src\hotspot\share\prims\jni.cpp, line 520]
Event: 0.234 Thread 0x0000015f90fd2770 Exception <a 'sun/nio/fs/WindowsException'{0x000000062c78da78}> (0x000000062c78da78) 
thrown [s\open\src\hotspot\share\prims\jni.cpp, line 520]
Event: 0.234 Thread 0x0000015f90fd2770 Exception <a 'sun/nio/fs/WindowsException'{0x000000062c78dd48}> (0x000000062c78dd48) 
thrown [s\open\src\hotspot\share\prims\jni.cpp, line 520]

ZGC Phase Switch (0 events):
No events

VM Operations (4 events):
Event: 0.030 Executing VM operation: HandshakeAllThreads (Deoptimize)
Event: 0.030 Executing VM operation: HandshakeAllThreads (Deoptimize) done
Event: 0.073 Executing VM operation: HandshakeAllThreads (Deoptimize)
Event: 0.073 Executing VM operation: HandshakeAllThreads (Deoptimize) done

Events (16 events):
Event: 0.010 Thread 0x0000015f90fd2770 Thread added: 0x0000015f90fd2770
Event: 0.016 Thread 0x0000015fb7b690c0 Thread added: 0x0000015fb7b690c0
Event: 0.016 Thread 0x0000015fb7b6a980 Thread added: 0x0000015fb7b6a980
Event: 0.016 Thread 0x0000015fb7b73310 Thread added: 0x0000015fb7b73310
Event: 0.016 Thread 0x0000015fb7b75290 Thread added: 0x0000015fb7b75290
Event: 0.017 Thread 0x0000015fb7b76950 Thread added: 0x0000015fb7b76950
Event: 0.017 Thread 0x0000015fb7b78b10 Thread added: 0x0000015fb7b78b10
Event: 0.017 Thread 0x0000015fb7b87130 Thread added: 0x0000015fb7b87130
Event: 0.017 Thread 0x0000015fb7baa890 Thread added: 0x0000015fb7baa890
Event: 0.019 Thread 0x0000015fb7baaf60 Thread added: 0x0000015fb7baaf60
Event: 0.027 Thread 0x0000015fb7c950a0 Thread added: 0x0000015fb7c950a0
Event: 0.031 Thread 0x0000015fb7bad840 Thread added: 0x0000015fb7bad840
Event: 0.032 Thread 0x0000015fb7badf10 Thread added: 0x0000015fb7badf10
Event: 0.052 Thread 0x0000015fb7e16000 Thread added: 0x0000015fb7e16000
Event: 0.052 Thread 0x0000015fb7eaae20 Thread added: 0x0000015fb7eaae20
Event: 0.227 Thread 0x0000015fb7badf10 Thread exited: 0x0000015fb7badf10


Dynamic libraries:
0x00007ff7f8370000 - 0x00007ff7f8380000 	C:\Program Files\Java\jdk-22\bin\java.exe
0x00007ff869da0000 - 0x00007ff86a003000 	C:\WINDOWS\SYSTEM32\ntdll.dll
0x00007ff867c90000 - 0x00007ff867d58000 	C:\WINDOWS\System32\KERNEL32.DLL
0x00007ff867190000 - 0x00007ff867541000 	C:\WINDOWS\System32\KERNELBASE.dll
0x00007ff867ac0000 - 0x00007ff867c0b000 	C:\WINDOWS\System32\ucrtbase.dll
0x00007ff862790000 - 0x00007ff8627a7000 	C:\Program Files\Java\jdk-22\bin\jli.dll
0x00007ff8507b0000 - 0x00007ff8507cb000 	C:\Program Files\Java\jdk-22\bin\VCRUNTIME140.dll
0x00007ff867ea0000 - 0x00007ff867f54000 	C:\WINDOWS\System32\ADVAPI32.dll
0x00007ff867df0000 - 0x00007ff867e99000 	C:\WINDOWS\System32\msvcrt.dll
0x00007ff868de0000 - 0x00007ff868e86000 	C:\WINDOWS\System32\sechost.dll
0x00007ff868cc0000 - 0x00007ff868dd6000 	C:\WINDOWS\System32\RPCRT4.dll
0x00007ff868a00000 - 0x00007ff868bc8000 	C:\WINDOWS\System32\USER32.dll
0x00007ff867a90000 - 0x00007ff867ab7000 	C:\WINDOWS\System32\win32u.dll
0x00007ff84f580000 - 0x00007ff84f810000 	C:\WINDOWS\WinSxS\amd64_microsoft.windows.common-controls_6595b64144ccf1df_6.0.26100.2161_none_3e0cadb0e33078e1\COMCTL32.dll
0x00007ff868f10000 - 0x00007ff868f3a000 	C:\WINDOWS\System32\GDI32.dll
0x00007ff8677e0000 - 0x00007ff867905000 	C:\WINDOWS\System32\gdi32full.dll
0x00007ff8676b0000 - 0x00007ff867753000 	C:\WINDOWS\System32\msvcp_win.dll
0x00007ff85fb30000 - 0x00007ff85fb3b000 	C:\WINDOWS\SYSTEM32\VERSION.dll
0x00007ff868740000 - 0x00007ff86876f000 	C:\WINDOWS\System32\IMM32.DLL
0x00007ff862780000 - 0x00007ff86278c000 	C:\Program Files\Java\jdk-22\bin\vcruntime140_1.dll
0x00007ff84fde0000 - 0x00007ff84fe6e000 	C:\Program Files\Java\jdk-22\bin\msvcp140.dll
0x00007ff810ab0000 - 0x00007ff8117f7000 	C:\Program Files\Java\jdk-22\bin\server\jvm.dll
0x00007ff867d70000 - 0x00007ff867de4000 	C:\WINDOWS\System32\WS2_32.dll
0x00007ff866e70000 - 0x00007ff866ebe000 	C:\WINDOWS\SYSTEM32\POWRPROF.dll
0x00007ff8599c0000 - 0x00007ff8599f6000 	C:\WINDOWS\SYSTEM32\WINMM.dll
0x00007ff866e50000 - 0x00007ff866e64000 	C:\WINDOWS\SYSTEM32\UMPDC.dll
0x00007ff865fe0000 - 0x00007ff865ffa000 	C:\WINDOWS\SYSTEM32\kernel.appcore.dll
0x00007ff8507a0000 - 0x00007ff8507aa000 	C:\Program Files\Java\jdk-22\bin\jimage.dll
0x00007ff85e610000 - 0x00007ff85e851000 	C:\WINDOWS\SYSTEM32\DBGHELP.DLL
0x00007ff868130000 - 0x00007ff8684ad000 	C:\WINDOWS\System32\combase.dll
0x00007ff868050000 - 0x00007ff868126000 	C:\WINDOWS\System32\OLEAUT32.dll
0x00007ff816630000 - 0x00007ff816669000 	C:\WINDOWS\SYSTEM32\dbgcore.DLL
0x00007ff867610000 - 0x00007ff8676a9000 	C:\WINDOWS\System32\bcryptPrimitives.dll
0x00007ff84fdd0000 - 0x00007ff84fddf000 	C:\Program Files\Java\jdk-22\bin\instrument.dll
0x00007ff84fdb0000 - 0x00007ff84fdce000 	C:\Program Files\Java\jdk-22\bin\java.dll
0x00007ff868f50000 - 0x00007ff86964f000 	C:\WINDOWS\System32\SHELL32.dll
0x00007ff8685a0000 - 0x00007ff868739000 	C:\WINDOWS\System32\ole32.dll
0x00007ff864f50000 - 0x00007ff86577d000 	C:\WINDOWS\SYSTEM32\windows.storage.dll
0x00007ff867f70000 - 0x00007ff868043000 	C:\WINDOWS\System32\SHCORE.dll
0x00007ff868bd0000 - 0x00007ff868c2d000 	C:\WINDOWS\System32\shlwapi.dll
0x00007ff8670a0000 - 0x00007ff8670ce000 	C:\WINDOWS\SYSTEM32\profapi.dll
0x00007ff84fcd0000 - 0x00007ff84fda7000 	C:\Program Files\Java\jdk-22\bin\jsvml.dll
0x00007ff84fc80000 - 0x00007ff84fc97000 	C:\Program Files\Java\jdk-22\bin\zip.dll
0x00007ff84fcc0000 - 0x00007ff84fcd0000 	C:\Program Files\Java\jdk-22\bin\net.dll
0x00007ff8664e0000 - 0x00007ff866548000 	C:\WINDOWS\system32\mswsock.dll
0x00007ff84fca0000 - 0x00007ff84fcb6000 	C:\Program Files\Java\jdk-22\bin\nio.dll
0x00007ff84fc60000 - 0x00007ff84fc7a000 	C:\Program Files\JetBrains\IntelliJ IDEA Community Edition 2024.2.4\bin\breakgen64.dll
0x00007ff84fc50000 - 0x00007ff84fc59000 	C:\Program Files\Java\jdk-22\bin\extnet.dll
0x00007ff84fb50000 - 0x00007ff84fbcb000 	C:\Users\digas\AppData\Local\Temp\lwjgl_TAS\3.3.4+7\x64\lwjgl.dll
0x00007ff84fac0000 - 0x00007ff84fb45000 	C:\Users\digas\AppData\Local\Temp\lwjgl_TAS\3.3.4+7\x64\glfw.dll
0x00007ff84fa70000 - 0x00007ff84fabb000 	C:\WINDOWS\SYSTEM32\dinput8.dll
0x00007ff815bf0000 - 0x00007ff815c02000 	C:\WINDOWS\SYSTEM32\xinput1_4.dll
0x00007ff866d90000 - 0x00007ff866def000 	C:\WINDOWS\SYSTEM32\cfgmgr32.dll
0x00007ff866d60000 - 0x00007ff866d8d000 	C:\WINDOWS\SYSTEM32\DEVOBJ.dll
0x00007ff864ae0000 - 0x00007ff864b0e000 	C:\WINDOWS\SYSTEM32\dwmapi.dll
0x00007ff84ffd0000 - 0x00007ff8501ac000 	C:\WINDOWS\SYSTEM32\inputhost.dll
0x00007ff862540000 - 0x00007ff862665000 	C:\WINDOWS\SYSTEM32\CoreMessaging.dll
0x00007ff864510000 - 0x00007ff8645bd000 	C:\WINDOWS\system32\uxtheme.dll
0x00007ff869c00000 - 0x00007ff869d5b000 	C:\WINDOWS\System32\MSCTF.dll
0x00007ff8667a0000 - 0x00007ff8667ac000 	C:\WINDOWS\SYSTEM32\CRYPTBASE.DLL
0x00007ff834500000 - 0x00007ff83460c000 	C:\WINDOWS\SYSTEM32\opengl32.dll
0x00007ff840960000 - 0x00007ff84098d000 	C:\WINDOWS\SYSTEM32\GLU32.dll
0x00007ff8646f0000 - 0x00007ff864735000 	C:\WINDOWS\SYSTEM32\dxcore.dll
0x00007ff8521c0000 - 0x00007ff8521da000 	C:\WINDOWS\SYSTEM32\windows.staterepositorycore.dll
0x00007ffffd9b0000 - 0x00007ffffffe8000 	C:\WINDOWS\System32\DriverStore\FileRepository\nv_dispi.inf_amd64_ea7f458f0e49497d\nvoglv64.dll
0x00007ff8696c0000 - 0x00007ff869b45000 	C:\WINDOWS\System32\SETUPAPI.dll
0x00007ff862bf0000 - 0x00007ff862c05000 	C:\WINDOWS\SYSTEM32\WTSAPI32.dll
0x00007ff8668a0000 - 0x00007ff8668b3000 	C:\WINDOWS\SYSTEM32\msasn1.dll
0x00007ff85f860000 - 0x00007ff85f89b000 	C:\WINDOWS\SYSTEM32\cryptnet.dll
0x00007ff867910000 - 0x00007ff867a86000 	C:\WINDOWS\System32\CRYPT32.dll
0x00007ff866840000 - 0x00007ff86689d000 	C:\WINDOWS\SYSTEM32\wldp.dll
0x00007ff85e980000 - 0x00007ff85eaf7000 	C:\WINDOWS\SYSTEM32\drvstore.dll
0x00007ff867760000 - 0x00007ff8677da000 	C:\WINDOWS\System32\WINTRUST.dll
0x00007ff866100000 - 0x00007ff866135000 	C:\WINDOWS\SYSTEM32\ntmarta.dll
0x00007ff868780000 - 0x00007ff8687a0000 	C:\WINDOWS\System32\imagehlp.dll
0x00007ff866780000 - 0x00007ff86679c000 	C:\WINDOWS\SYSTEM32\CRYPTSP.dll
0x00007ff865f40000 - 0x00007ff865f78000 	C:\WINDOWS\system32\rsaenh.dll
0x00007ff8669c0000 - 0x00007ff8669e6000 	C:\WINDOWS\SYSTEM32\bcrypt.dll
0x00007ff85b110000 - 0x00007ff85de20000 	C:\WINDOWS\System32\DriverStore\FileRepository\nv_dispi.inf_amd64_ea7f458f0e49497d\nvgpucomp64.dll
0x00007ff835810000 - 0x00007ff835ae0000 	C:\WINDOWS\system32\nvspcap64.dll
0x00007ff866af0000 - 0x00007ff866b4e000 	C:\WINDOWS\SYSTEM32\WINSTA.dll
0x00007ff851f80000 - 0x00007ff8520c5000 	C:\WINDOWS\SYSTEM32\textinputframework.dll
0x00007ff85eb00000 - 0x00007ff85ede3000 	C:\WINDOWS\SYSTEM32\CoreUIComponents.dll
0x00007ff863110000 - 0x00007ff863278000 	C:\WINDOWS\SYSTEM32\wintypes.dll
0x00007ff84fa00000 - 0x00007ff84fa61000 	C:\Users\digas\AppData\Local\Temp\lwjgl_TAS\3.3.4+7\x64\lwjgl_opengl.dll

dbghelp: loaded successfully - version: 4.0.5 - missing functions: none
symbol engine: initialized successfully - sym options: 0x614 - pdb path: .;C:\Program Files\Java\jdk-22\bin;C:\WINDOWS\SYSTEM32;C:\WINDOWS\WinSxS\amd64_microsoft.windows.common-controls_6595b64144ccf1df_6.0.26100.2161_none_3e0cadb0e33078e1;C:\Program Files\Java\jdk-22\bin\server;C:\Program Files\JetBrains\IntelliJ IDEA Community Edition 2024.2.4\bin;C:\Users\digas\AppData\Local\Temp\lwjgl_TAS\3.3.4+7\x64;C:\WINDOWS\System32\DriverStore\FileRepository\nv_dispi.inf_amd64_ea7f458f0e49497d

VM Arguments:
jvm_args: -javaagent:C:\Program Files\JetBrains\IntelliJ IDEA Community Edition 2024.2.4\lib\idea_rt.jar=50861:C:\Program Files\JetBrains\IntelliJ IDEA Community Edition 2024.2.4\bin -Dfile.encoding=UTF-8 -Dsun.stdout.encoding=UTF-8 -Dsun.stderr.encoding=UTF-8 
java_command: Main
java_class_path (initial): C:\Users\digas\IdeaProjects\Shaders\out\production\Shaders;C:\Users\digas\Downloads\CodeDraw.jar;C:\Users\digas\Downloads\lwjgl-release-3.3.4-custom\lwjgl-assimp-natives-windows.jar;C:\Users\digas\Downloads\lwjgl-release-3.3.4-custom\lwjgl-assimp.jar;C:\Users\digas\Downloads\lwjgl-release-3.3.4-custom\lwjgl-glfw-natives-windows.jar;C:\Users\digas\Downloads\lwjgl-release-3.3.4-custom\lwjgl-glfw.jar;C:\Users\digas\Downloads\lwjgl-release-3.3.4-custom\lwjgl-natives-windows.jar;C:\Users\digas\Downloads\lwjgl-release-3.3.4-custom\lwjgl-openal-natives-windows.jar;C:\Users\digas\Downloads\lwjgl-release-3.3.4-custom\lwjgl-openal.jar;C:\Users\digas\Downloads\lwjgl-release-3.3.4-custom\lwjgl-opengl-natives-windows.jar;C:\Users\digas\Downloads\lwjgl-release-3.3.4-custom\lwjgl-opengl.jar;C:\Users\digas\Downloads\lwjgl-release-3.3.4-custom\lwjgl-stb-natives-windows.jar;C:\Users\digas\Downloads\lwjgl-release-3.3.4-custom\lwjgl-stb.jar;C:\Users\digas\Downloads\lwjgl-release-3.3.4-custom\lwjgl.jar
Launcher Type: SUN_STANDARD

[Global flags]
     intx CICompilerCount                          = 12                                        {product} {ergonomic}
     uint ConcGCThreads                            = 3                                         {product} {ergonomic}
     uint G1ConcRefinementThreads                  = 13                                        {product} {ergonomic}
   size_t G1HeapRegionSize                         = 4194304                                   {product} {ergonomic}
   size_t InitialHeapSize                          = 524288000                                 {product} {ergonomic}
   size_t MarkStackSize                            = 4194304                                   {product} {ergonomic}
   size_t MaxHeapSize                              = 8363442176                                {product} {ergonomic}
   size_t MaxNewSize                               = 5016387584                                {product} {ergonomic}
   size_t MinHeapDeltaBytes                        = 4194304                                   {product} {ergonomic}
   size_t MinHeapSize                              = 8388608                                   {product} {ergonomic}
    uintx NonNMethodCodeHeapSize                   = 7602480                                {pd product} {ergonomic}
    uintx NonProfiledCodeHeapSize                  = 122027880                              {pd product} {ergonomic}
    uintx ProfiledCodeHeapSize                     = 122027880                              {pd product} {ergonomic}
    uintx ReservedCodeCacheSize                    = 251658240                              {pd product} {ergonomic}
     bool SegmentedCodeCache                       = true                                      {product} {ergonomic}
   size_t SoftMaxHeapSize                          = 8363442176                             {manageable} {ergonomic}
     bool UseCompressedOops                        = true                           {product lp64_product} {ergonomic}
     bool UseG1GC                                  = true                                      {product} {ergonomic}
     bool UseLargePagesIndividualAllocation        = false                                  {pd product} {ergonomic}

Logging:
Log output configuration:
 #0: stdout all=warning uptime,level,tags foldmultilines=false
 #1: stderr all=off uptime,level,tags foldmultilines=false

Environment Variables:
PATH=C:\Program Files\Common Files\Oracle\Java\javapath;C:\WINDOWS\system32;C:\WINDOWS;C:\WINDOWS\System32\Wbem;C:\WINDOWS\System32\WindowsPowerShell\v1.0\;C:\WINDOWS\System32\OpenSSH\;C:\Program Files (x86)\NVIDIA Corporation\PhysX\Common;C:\Program Files\NVIDIA Corporation\NVIDIA NvDLISR;C:\Program Files (x86)\Windows Kits\10\Windows Performance Toolkit\;C:\Program Files\dotnet\;C:\Users\digas\AppData\Local\Microsoft\WindowsApps;;C:\Users\digas\AppData\Local\Programs\Microsoft VS Code\bin
USERNAME=TAS
OS=Windows_NT
PROCESSOR_IDENTIFIER=AMD64 Family 25 Model 97 Stepping 2, AuthenticAMD
TMP=C:\Users\digas\AppData\Local\Temp
TEMP=C:\Users\digas\AppData\Local\Temp




Periodic native trim disabled

---------------  S Y S T E M  ---------------

OS:
 Windows 11 , 64 bit Build 26100 (10.0.26100.2161)
OS uptime: 0 days 1:48 hours

CPU: total 16 (initial active 16) (16 cores per cpu, 2 threads per core) family 25 model 97 stepping 2 microcode 0xa601203, cx8, cmov, fxsr, ht, mmx, 3dnowpref, sse, sse2, sse3, ssse3, sse4a, sse4.1, sse4.2, popcnt, lzcnt, tsc, tscinvbit, avx, avx2, aes, erms, clmul, bmi1, bmi2, adx, avx512f, avx512dq, avx512cd, avx512bw, avx512vl, sha, fma, vzeroupper, avx512_vpopcntdq, avx512_vpclmulqdq, avx512_vaes, avx512_vnni, clflush, clflushopt, avx512_vbmi2, avx512_vbmi, rdtscp, rdpid, fsrm, gfni, avx512_bitalg, f16c, pku, cet_ss, avx512_ifma
Processor Information for all 16 processors :
  Max Mhz: 3801, Current Mhz: 3801, Mhz Limit: 3801

Memory: 4k page, system-wide physical 31895M (22749M free)
TotalPageFile size 36503M (AvailPageFile size 24598M)
current process WorkingSet (physical memory assigned to process): 152M, peak: 152M
current process commit charge ("private bytes"): 730M, peak: 730M

vm_info: Java HotSpot(TM) 64-Bit Server VM (22.0.1+8-16) for windows-amd64 JRE (22.0.1+8-16), built on 2024-03-12T10:33:16Z by "mach5one" with MS VC++ 17.6 (VS2022)

END.
